3.25. Printing statistics.

=== router_d4 ===

        +----------Local Count, excluding submodules.
        | 
     2496 wires
     5824 wire bits
       72 public wires
     3026 public wire bits
       10 ports
      670 port bits
     4080 cells
       42   $_ANDNOT_
      544   $_AND_
     1600   $_DFFE_PP_
      997   $_MUX_
      684   $_NAND_
       18   $_NOR_
       11   $_NOT_
       16   $_ORNOT_
       64   $_OR_
       15   $_SDFFCE_PN0P_
       18   $_SDFFE_PP0P_
        5   $_SDFF_PP0_
       48   $_XNOR_
       18   $_XOR_

3.26. Executing CHECK pass (checking for obvious problems).
Checking module router_d4...
Found and reported 0 problems.

4. Executing ABC pass (technology mapping using ABC).

4.1. Extracting gate netlist of module `\router_d4' to `<abc-temp-dir>/input.blif'..
sh: line 1: 15685 Abort trap: 6           "/opt/homebrew/bin/yosys-abc" -c "read_lib -w \"/tmp/sky130_lib/sky130_fd_sc_hd__tt.lib\" ; write_scl \"/var/folders/2g/blzd56lx2rvfvt61c1pc9g7r0000gn/T/yosys-liberty-scl-cache/yosys_merged_b4fbc99e.scl.tmp\"" 2>&1
Warning: ABC: merged SCL conversion failed, falling back to liberty format
ABC: conversion output:
Assertion failed: (v < p->nItems), function Scl_LibertyItem, file sclLiberty.c, line 93.

======== ABC command line "read_lib -w "/tmp/sky130_lib/sky130_fd_sc_hd__tt.lib" ; write_scl "/var/folders/2g/blzd56lx2rvfvt61c1pc9g7r0000gn/T/yosys-liberty-scl-cache/yosys_merged_b4fbc99e.scl.tmp""

File "/tmp/sky130_lib/sky130_fd_sc_hd__tt.lib". Line      9. Failed to parse entry "<!DOCTYPE".

Parsing failed.  Parsing time =     0.00 sec

Warning: ABC: Merged scl conversion failed, using liberty format
sh: line 1: 15704 Abort trap: 6           "/opt/homebrew/bin/yosys-abc" -s -f /var/folders/2g/blzd56lx2rvfvt61c1pc9g7r0000gn/T/yosys-abc-W6O90D/abc.script 2>&1
Replacing 3 occurrences of constant undef bits with constant zero bits

4.1.1. Executed ABC.
Extracted 2442 gates and 3775 wires to a netlist network with 1332 inputs and 201 outputs.
Running ABC script: <abc-temp-dir>/abc.script
ABC: ======== ABC command line "source <abc-temp-dir>/abc.script"
ABC: + read_blif <abc-temp-dir>/input.blif 
ABC: + read_lib -w /tmp/sky130_lib/sky130_fd_sc_hd__tt.lib 
ABC: Assertion failed: (v < p->nItems), function Scl_LibertyItem, file sclLiberty.c, line 93.
ABC: File "/tmp/sky130_lib/sky130_fd_sc_hd__tt.lib". Line      9. Failed to parse entry "<!DOCTYPE".
ABC: Parsing failed.  Parsing time =     0.00 sec
ERROR: ABC: execution of script "/var/folders/2g/blzd56lx2rvfvt61c1pc9g7r0000gn/T/yosys-abc-W6O90D/abc.script" failed: return code 134 (errno=0).
