Device: NVIDIA GeForce RTX 5070 sm_120
CUDA driver=13000 runtime=12000
THRESHOLD_CTAS=4096 (M<=4096 identity, M>=5120 Hilbert)
loaded hexa-PCOND PTX shape 256 (sgemm_4warp_cond_256x256_grid)
  shape 256: regs/thd=64, shmem=8192 B, max_thd_per_block=1024
loaded hexa-PCOND PTX shape 384 (sgemm_4warp_cond_384x384_grid)
  shape 384: regs/thd=64, shmem=8192 B, max_thd_per_block=1024
loaded hexa-PCOND PTX shape 512 (sgemm_4warp_cond_512x512_grid)
  shape 512: regs/thd=64, shmem=8192 B, max_thd_per_block=1024
loaded hexa-PCOND PTX shape 1024 (sgemm_4warp_cond_1024x1024_grid)
  shape 1024: regs/thd=64, shmem=8192 B, max_thd_per_block=1024
loaded hexa-PCOND PTX shape 2048 (sgemm_4warp_cond_2048x2048_grid)
  shape 2048: regs/thd=64, shmem=8192 B, max_thd_per_block=1024
loaded hexa-PCOND PTX shape 4096 (sgemm_4warp_cond_4096x4096_grid)
  shape 4096: regs/thd=64, shmem=8192 B, max_thd_per_block=1024
loaded hexa-PCOND PTX shape 6144 (sgemm_4warp_cond_6144x6144_grid)
  shape 6144: regs/thd=64, shmem=8192 B, max_thd_per_block=1024
loaded hexa-PCOND PTX shape 8192 (sgemm_4warp_cond_8192x8192_grid)
  shape 8192: regs/thd=64, shmem=8192 B, max_thd_per_block=1024
Device VRAM free=11601.06 MB total=11772.44 MB
[M= 256] IDENTITY launch 4x4 (16 CTAs, 16 real) -- alloc 0.50 MB
[M= 256] cuBLAS HGEMM             median=0.007552 ms  TFLOPS=  4.4431
[M= 256] hexa-PCOND IDENTITY     median=0.007552 ms  TFLOPS=  4.4431  ratio=1.0000  maxabs=0.0000  CTAs=16  regs=64
[M= 384] IDENTITY launch 6x6 (36 CTAs, 36 real) -- alloc 1.12 MB
[M= 384] cuBLAS HGEMM             median=0.009568 ms  TFLOPS= 11.8359
[M= 384] hexa-PCOND IDENTITY     median=0.007552 ms  TFLOPS= 14.9955  ratio=1.2669  maxabs=0.0000  CTAs=36  regs=64
[M= 512] IDENTITY launch 8x8 (64 CTAs, 64 real) -- alloc 2.00 MB
[M= 512] cuBLAS HGEMM             median=0.011648 ms  TFLOPS= 23.0456
[M= 512] hexa-PCOND IDENTITY     median=0.013504 ms  TFLOPS= 19.8782  ratio=0.8626  maxabs=0.0000  CTAs=64  regs=64
[M=1024] IDENTITY launch 16x16 (256 CTAs, 256 real) -- alloc 8.00 MB
[M=1024] cuBLAS HGEMM             median=0.040384 ms  TFLOPS= 53.1766
[M=1024] hexa-PCOND IDENTITY     median=0.054656 ms  TFLOPS= 39.2909  ratio=0.7389  maxabs=0.0000  CTAs=256  regs=64
[M=2048] IDENTITY launch 32x32 (1024 CTAs, 1024 real) -- alloc 32.00 MB
[M=2048] cuBLAS HGEMM             median=0.257360 ms  TFLOPS= 66.7542
[M=2048] hexa-PCOND IDENTITY     median=0.314720 ms  TFLOPS= 54.5878  ratio=0.8177  maxabs=0.0000  CTAs=1024  regs=64
[M=4096] IDENTITY launch 64x64 (4096 CTAs, 4096 real) -- alloc 128.00 MB
[M=4096] cuBLAS HGEMM             median=1.964960 ms  TFLOPS= 69.9449
[M=4096] hexa-PCOND IDENTITY     median=2.404368 ms  TFLOPS= 57.1622  ratio=0.8172  maxabs=0.0000  CTAs=4096  regs=64
[M=6144] HILBERT  launch 128x128 (16384 CTAs, 9216 real) -- alloc 288.00 MB
[M=6144] cuBLAS HGEMM             median=6.554816 ms  TFLOPS= 70.7658
[M=6144] hexa-PCOND HILBERT      median=7.864288 ms  TFLOPS= 58.9826  ratio=0.8335  maxabs=0.0000  CTAs=16384  regs=64
[M=8192] HILBERT  launch 128x128 (16384 CTAs, 16384 real) -- alloc 512.00 MB
[M=8192] cuBLAS HGEMM             median=15.608576 ms  TFLOPS= 70.4428
[M=8192] hexa-PCOND HILBERT      median=18.493904 ms  TFLOPS= 59.4527  ratio=0.8440  maxabs=0.0000  CTAs=16384  regs=64
