Device: NVIDIA GeForce RTX 5070 sm_120
CUDA driver=13000 runtime=12090
loaded hexa-HYB shape 256  variant=N121-6stage  ptx=../n121/sgemm_4warp_6stage_256x256_grid.ptx  entry=sgemm_4warp_6stage_256x256_grid
  shape 256: regs/thd=64, shmem=24576 B, max_thd_per_block=1024
loaded hexa-HYB shape 384  variant=N121-6stage  ptx=../n121/sgemm_4warp_6stage_384x384_grid.ptx  entry=sgemm_4warp_6stage_384x384_grid
  shape 384: regs/thd=64, shmem=24576 B, max_thd_per_block=1024
loaded hexa-HYB shape 512  variant=N107-2stage  ptx=../n107/sgemm_4warp_swizzle_512x512_grid.ptx  entry=sgemm_4warp_swizzle_512x512_grid
  shape 512: regs/thd=64, shmem=8192 B, max_thd_per_block=1024
loaded hexa-HYB shape 768  variant=N107-2stage  ptx=../n107/sgemm_4warp_swizzle_768x768_grid.ptx  entry=sgemm_4warp_swizzle_768x768_grid
  shape 768: regs/thd=64, shmem=8192 B, max_thd_per_block=1024
loaded hexa-HYB shape 1024  variant=N107-2stage  ptx=../n107/sgemm_4warp_swizzle_1024x1024_grid.ptx  entry=sgemm_4warp_swizzle_1024x1024_grid
  shape 1024: regs/thd=64, shmem=8192 B, max_thd_per_block=1024
loaded hexa-HYB shape 1536  variant=N107-2stage  ptx=../n107/sgemm_4warp_swizzle_1536x1536_grid.ptx  entry=sgemm_4warp_swizzle_1536x1536_grid
  shape 1536: regs/thd=64, shmem=8192 B, max_thd_per_block=1024
loaded hexa-HYB shape 2048  variant=N107-2stage  ptx=../n107/sgemm_4warp_swizzle_2048x2048_grid.ptx  entry=sgemm_4warp_swizzle_2048x2048_grid
  shape 2048: regs/thd=64, shmem=8192 B, max_thd_per_block=1024
loaded hexa-HYB shape 3072  variant=N107-2stage  ptx=../n107/sgemm_4warp_swizzle_3072x3072_grid.ptx  entry=sgemm_4warp_swizzle_3072x3072_grid
  shape 3072: regs/thd=64, shmem=8192 B, max_thd_per_block=1024
loaded hexa-HYB shape 4096  variant=N107-2stage  ptx=../n107/sgemm_4warp_swizzle_4096x4096_grid.ptx  entry=sgemm_4warp_swizzle_4096x4096_grid
  shape 4096: regs/thd=64, shmem=8192 B, max_thd_per_block=1024
[M= 256] cuBLAS HGEMM             median=0.007472 ms  std=0.000908  min=0.006272  max=0.013632  TFLOPS=  4.4907
[M= 256] hexa-HYB pick=N121-6stage median=0.005536 ms  std=0.000861  min=0.004704  max=0.015776  TFLOPS=  6.0611  ratio=1.3497  maxabs=0.0000  maxrel=0.0000  CTAs=16  regs=64  shmem=24576B
[M= 384] cuBLAS HGEMM             median=0.008640 ms  std=0.000743  min=0.007360  max=0.015808  TFLOPS= 13.1072
[M= 384] hexa-HYB pick=N121-6stage median=0.007616 ms  std=0.000785  min=0.006336  max=0.014816  TFLOPS= 14.8695  ratio=1.1345  maxabs=0.0000  maxrel=0.0000  CTAs=36  regs=64  shmem=24576B
[M= 512] cuBLAS HGEMM             median=0.011584 ms  std=0.001002  min=0.010496  max=0.022912  TFLOPS= 23.1730
[M= 512] hexa-HYB pick=N107-2stage median=0.013600 ms  std=0.000891  min=0.011200  max=0.014784  TFLOPS= 19.7379  ratio=0.8518  maxabs=0.0000  maxrel=0.0000  CTAs=64  regs=64  shmem=8192B
[M= 768] cuBLAS HGEMM             median=0.019712 ms  std=0.000460  min=0.017920  max=0.020992  TFLOPS= 45.9603
[M= 768] hexa-HYB pick=N107-2stage median=0.021984 ms  std=0.001004  min=0.021312  max=0.025024  TFLOPS= 41.2104  ratio=0.8967  maxabs=0.0000  maxrel=0.0000  CTAs=144  regs=64  shmem=8192B
[M=1024] cuBLAS HGEMM             median=0.041408 ms  std=0.000611  min=0.039840  max=0.042496  TFLOPS= 51.8616
[M=1024] hexa-HYB pick=N107-2stage median=0.054720 ms  std=0.000425  min=0.053728  max=0.056768  TFLOPS= 39.2450  ratio=0.7567  maxabs=0.0000  maxrel=0.0000  CTAs=256  regs=64  shmem=8192B
[M=1536] cuBLAS HGEMM             median=0.109088 ms  std=0.000829  min=0.108640  max=0.111936  TFLOPS= 66.4395
[M=1536] hexa-HYB pick=N107-2stage median=0.142352 ms  std=0.001134  min=0.140448  max=0.149088  TFLOPS= 50.9143  ratio=0.7663  maxabs=0.0000  maxrel=0.0000  CTAs=576  regs=64  shmem=8192B
[M=2048] cuBLAS HGEMM             median=0.258528 ms  std=0.000319  min=0.257600  max=0.260576  TFLOPS= 66.4526
[M=2048] hexa-HYB pick=N107-2stage median=0.317056 ms  std=0.001182  min=0.314592  max=0.320480  TFLOPS= 54.1856  ratio=0.8154  maxabs=0.0000  maxrel=0.0000  CTAs=1024  regs=64  shmem=8192B
[M=3072] cuBLAS HGEMM             median=0.833728 ms  std=0.002298  min=0.829248  max=0.850176  TFLOPS= 69.5455
[M=3072] hexa-HYB pick=N107-2stage median=1.073344 ms  std=0.001708  min=1.068128  max=1.080320  TFLOPS= 54.0200  ratio=0.7768  maxabs=0.0000  maxrel=0.0000  CTAs=2304  regs=64  shmem=8192B
[M=4096] cuBLAS HGEMM             median=1.980608 ms  std=0.001906  min=1.970400  max=1.985216  TFLOPS= 69.3923
[M=4096] hexa-HYB pick=N107-2stage median=2.430016 ms  std=0.004308  min=2.419872  max=2.448512  TFLOPS= 56.5589  ratio=0.8151  maxabs=0.0000  maxrel=0.0000  CTAs=4096  regs=64  shmem=8192B

=== HYBRID HEADLINE ===
hyb peak TFLOPS  = 56.5589 @ M=4096
hyb cuBLAS-BEAT count (ratio>=1.0) = 2 / 9 shapes

shape    pick           hexa_tflops    ratio_vs_cublas    N107_alone_tflops  N121_alone_tflops
M=256    N121-6stage        6.0611      1.3497             5.2958         (see below)
                                                                                     5.8254
M=384    N121-6stage       14.8695      1.1345            14.5636         (see below)
                                                                                    15.7989
M=512    N107-2stage       19.7379      0.8518            22.6108         n/a
M=768    N107-2stage       41.2104      0.8967            39.8754         n/a
M=1024   N107-2stage       39.2450      0.7567            40.0411         n/a
M=1536   N107-2stage       50.9143      0.7663            51.6281         n/a
M=2048   N107-2stage       54.1856      0.8154            54.7716         n/a
M=3072   N107-2stage       54.0200      0.7768            54.6522         n/a
M=4096   N107-2stage       56.5589      0.8151            57.3297         n/a
