Device: NVIDIA GeForce RTX 5070 sm_120
CUDA driver=13000 runtime=12000
loaded hexa-multistage PTX shape 256 (sgemm_multistage_256x256_grid)
loaded hexa-multistage PTX shape 384 (sgemm_multistage_384x384_grid)
loaded hexa-multistage PTX shape 512 (sgemm_multistage_512x512_grid)
loaded hexa-multistage PTX shape 768 (sgemm_multistage_768x768_grid)
loaded hexa-multistage PTX shape 1024 (sgemm_multistage_1024x1024_grid)
loaded hexa-multistage PTX shape 1536 (sgemm_multistage_1536x1536_grid)
[M= 256] cuBLAS SGEMM            median=0.008688 ms  std=0.000788  min=0.006528  max=0.010912  TFLOPS=  3.8622
[M= 256] hexa-multistage SGEMM   median=0.013312 ms  std=0.000816  min=0.011904  max=0.021440  TFLOPS=  2.5206  ratio=0.6526  maxabs=0.000000
[M= 384] cuBLAS SGEMM            median=0.008768 ms  std=0.000868  min=0.008192  max=0.017984  TFLOPS= 12.9159
[M= 384] hexa-multistage SGEMM   median=0.018016 ms  std=0.000601  min=0.017248  max=0.020064  TFLOPS=  6.2859  ratio=0.4867  maxabs=0.000000
[M= 512] cuBLAS SGEMM            median=0.016960 ms  std=0.000336  min=0.015392  max=0.019040  TFLOPS= 15.8276
[M= 512] hexa-multistage SGEMM   median=0.037184 ms  std=0.000656  min=0.036512  max=0.039424  TFLOPS=  7.2191  ratio=0.4561  maxabs=0.000000
[M= 768] cuBLAS SGEMM            median=0.039424 ms  std=0.000555  min=0.038304  max=0.041600  TFLOPS= 22.9802
[M= 768] hexa-multistage SGEMM   median=0.074944 ms  std=0.000745  min=0.073696  max=0.077344  TFLOPS= 12.0886  ratio=0.5260  maxabs=0.000000
[M=1024] cuBLAS SGEMM            median=0.096832 ms  std=0.000442  min=0.094880  max=0.097888  TFLOPS= 22.1774
[M=1024] hexa-multistage SGEMM   median=0.187648 ms  std=0.000786  min=0.186464  max=0.190048  TFLOPS= 11.4442  ratio=0.5160  maxabs=0.000000
[M=1536] cuBLAS SGEMM            median=0.218688 ms  std=0.000652  min=0.218432  max=0.221664  TFLOPS= 33.1420
[M=1536] hexa-multistage SGEMM   median=0.543008 ms  std=0.001242  min=0.538816  max=0.545216  TFLOPS= 13.3474  ratio=0.4027  maxabs=0.000000
