Device: NVIDIA GeForce RTX 5070 sm_120
CUDA driver=13000 runtime=12000
loaded hexa-pz PTX shape 256 (sgemm_warp_spec_256x256_grid)
  shape 256: regs/thd=94, shmem=8192 B, max_thd_per_block=640
loaded hexa-pz PTX shape 384 (sgemm_warp_spec_384x384_grid)
  shape 384: regs/thd=94, shmem=8192 B, max_thd_per_block=640
loaded hexa-pz PTX shape 512 (sgemm_warp_spec_512x512_grid)
  shape 512: regs/thd=94, shmem=8192 B, max_thd_per_block=640
loaded hexa-pz PTX shape 768 (sgemm_warp_spec_768x768_grid)
  shape 768: regs/thd=94, shmem=8192 B, max_thd_per_block=640
loaded hexa-pz PTX shape 1024 (sgemm_warp_spec_1024x1024_grid)
  shape 1024: regs/thd=94, shmem=8192 B, max_thd_per_block=640
loaded hexa-pz PTX shape 1536 (sgemm_warp_spec_1536x1536_grid)
  shape 1536: regs/thd=94, shmem=8192 B, max_thd_per_block=640
[M= 256] cuBLAS HGEMM             median=0.006720 ms  std=0.001180  min=0.004256  max=0.013920  TFLOPS=  4.9932
[M= 256] hexa-PZ warp-spec 2P+2C   median=0.006720 ms  std=0.000520  min=0.005984  max=0.007808  TFLOPS=  4.9932  ratio=1.0000  maxabs=0.0000  maxrel=0.0000  CTAs=16  regs=94
[M= 384] cuBLAS HGEMM             median=0.006752 ms  std=0.001068  min=0.006400  max=0.012896  TFLOPS= 16.7722
[M= 384] hexa-PZ warp-spec 2P+2C   median=0.009088 ms  std=0.000791  min=0.008128  max=0.016768  TFLOPS= 12.4611  ratio=0.7430  maxabs=0.0000  maxrel=0.0000  CTAs=36  regs=94
[M= 512] cuBLAS HGEMM             median=0.010816 ms  std=0.000166  min=0.010272  max=0.011840  TFLOPS= 24.8184
[M= 512] hexa-PZ warp-spec 2P+2C   median=0.016736 ms  std=0.000638  min=0.015488  max=0.018048  TFLOPS= 16.0394  ratio=0.6463  maxabs=0.0000  maxrel=0.0000  CTAs=64  regs=94
[M= 768] cuBLAS HGEMM             median=0.019040 ms  std=0.000538  min=0.017952  max=0.023872  TFLOPS= 47.5824
[M= 768] hexa-PZ warp-spec 2P+2C   median=0.024928 ms  std=0.000846  min=0.023552  max=0.027456  TFLOPS= 36.3435  ratio=0.7638  maxabs=0.0000  maxrel=0.0000  CTAs=144  regs=94
[M=1024] cuBLAS HGEMM             median=0.039520 ms  std=0.000828  min=0.037664  max=0.048704  TFLOPS= 54.3392
[M=1024] hexa-PZ warp-spec 2P+2C   median=0.057600 ms  std=0.000668  min=0.055616  max=0.059872  TFLOPS= 37.2827  ratio=0.6861  maxabs=0.0000  maxrel=0.0000  CTAs=256  regs=94
[M=1536] cuBLAS HGEMM             median=0.108160 ms  std=0.000995  min=0.106816  max=0.110144  TFLOPS= 67.0096
[M=1536] hexa-PZ warp-spec 2P+2C   median=0.150528 ms  std=0.000931  min=0.148576  max=0.154016  TFLOPS= 48.1489  ratio=0.7185  maxabs=0.0000  maxrel=0.0000  CTAs=576  regs=94
