---- RUN r1 ----
=== run_tag=r1 ===
Device: NVIDIA GeForce RTX 5070 sm_120  driver=13000 runtime=12000
loaded N121-6stage M=192 (regs=64 shmem=24576)
loaded N121-6stage M=256 (regs=64 shmem=24576)
loaded N121-6stage M=320 (regs=64 shmem=24576)
loaded N121-6stage M=384 (regs=64 shmem=24576)
loaded N121-6stage M=448 (regs=64 shmem=24576)
loaded N121-6stage M=512 (regs=64 shmem=24576)
loaded N107-swizzle M=192 (regs=64 shmem=8192)
loaded N107-swizzle M=256 (regs=64 shmem=8192)
loaded N107-swizzle M=320 (regs=64 shmem=8192)
loaded N107-swizzle M=384 (regs=64 shmem=8192)
loaded N107-swizzle M=448 (regs=64 shmem=8192)
loaded N107-swizzle M=512 (regs=64 shmem=8192)
[M= 192] cuBLAS HGEMM   median=0.004640 ms  TFLOPS=  3.0508  CTAs=9
[M= 192] N121-6stage  median=0.005120 ms  TFLOPS=  2.7648  ratio=0.9063  maxabs=0.0000
[M= 192] N107-swizzle median=0.005280 ms  TFLOPS=  2.6810  ratio=0.8788  maxabs=0.0000
[M= 256] cuBLAS HGEMM   median=0.006720 ms  TFLOPS=  4.9932  CTAs=16
[M= 256] N121-6stage  median=0.006208 ms  TFLOPS=  5.4050  ratio=1.0825  maxabs=0.0000  [BEAT]
[M= 256] N107-swizzle median=0.006192 ms  TFLOPS=  5.4190  ratio=1.0853  maxabs=0.0000  [BEAT]
[M= 320] cuBLAS HGEMM   median=0.006704 ms  TFLOPS=  9.7757  CTAs=25
[M= 320] N121-6stage  median=0.006432 ms  TFLOPS= 10.1891  ratio=1.0423  maxabs=0.0000  [BEAT]
[M= 320] N107-swizzle median=0.007248 ms  TFLOPS=  9.0419  ratio=0.9249  maxabs=0.0000
[M= 384] cuBLAS HGEMM   median=0.006720 ms  TFLOPS= 16.8521  CTAs=36
[M= 384] N121-6stage  median=0.007168 ms  TFLOPS= 15.7989  ratio=0.9375  maxabs=0.0000
[M= 384] N107-swizzle median=0.007744 ms  TFLOPS= 14.6237  ratio=0.8678  maxabs=0.0000
[M= 448] cuBLAS HGEMM   median=0.010752 ms  TFLOPS= 16.7253  CTAs=49
[M= 448] N121-6stage  median=0.010944 ms  TFLOPS= 16.4319  ratio=0.9825  maxabs=0.0000
[M= 448] N107-swizzle median=0.010592 ms  TFLOPS= 16.9780  ratio=1.0151  maxabs=0.0000  [BEAT]
[M= 512] cuBLAS HGEMM   median=0.010816 ms  TFLOPS= 24.8184  CTAs=64
[M= 512] N121-6stage  median=0.011872 ms  TFLOPS= 22.6108  ratio=0.9111  maxabs=0.0000
[M= 512] N107-swizzle median=0.011840 ms  TFLOPS= 22.6719  ratio=0.9135  maxabs=0.0000
=== run_tag=r1 BEAT boundary M = 448 ===
---- RUN r2 ----
=== run_tag=r2 ===
Device: NVIDIA GeForce RTX 5070 sm_120  driver=13000 runtime=12000
loaded N121-6stage M=192 (regs=64 shmem=24576)
loaded N121-6stage M=256 (regs=64 shmem=24576)
loaded N121-6stage M=320 (regs=64 shmem=24576)
loaded N121-6stage M=384 (regs=64 shmem=24576)
loaded N121-6stage M=448 (regs=64 shmem=24576)
loaded N121-6stage M=512 (regs=64 shmem=24576)
loaded N107-swizzle M=192 (regs=64 shmem=8192)
loaded N107-swizzle M=256 (regs=64 shmem=8192)
loaded N107-swizzle M=320 (regs=64 shmem=8192)
loaded N107-swizzle M=384 (regs=64 shmem=8192)
loaded N107-swizzle M=448 (regs=64 shmem=8192)
loaded N107-swizzle M=512 (regs=64 shmem=8192)
[M= 192] cuBLAS HGEMM   median=0.004672 ms  TFLOPS=  3.0299  CTAs=9
[M= 192] N121-6stage  median=0.005136 ms  TFLOPS=  2.7562  ratio=0.9097  maxabs=0.0000
[M= 192] N107-swizzle median=0.005248 ms  TFLOPS=  2.6974  ratio=0.8902  maxabs=0.0000
[M= 256] cuBLAS HGEMM   median=0.006720 ms  TFLOPS=  4.9932  CTAs=16
[M= 256] N121-6stage  median=0.005840 ms  TFLOPS=  5.7456  ratio=1.1507  maxabs=0.0000  [BEAT]
[M= 256] N107-swizzle median=0.006176 ms  TFLOPS=  5.4330  ratio=1.0881  maxabs=0.0000  [BEAT]
[M= 320] cuBLAS HGEMM   median=0.006720 ms  TFLOPS=  9.7524  CTAs=25
[M= 320] N121-6stage  median=0.006448 ms  TFLOPS= 10.1638  ratio=1.0422  maxabs=0.0000  [BEAT]
[M= 320] N107-swizzle median=0.007168 ms  TFLOPS=  9.1429  ratio=0.9375  maxabs=0.0000
[M= 384] cuBLAS HGEMM   median=0.006720 ms  TFLOPS= 16.8521  CTAs=36
[M= 384] N121-6stage  median=0.007056 ms  TFLOPS= 16.0496  ratio=0.9524  maxabs=0.0000
[M= 384] N107-swizzle median=0.008016 ms  TFLOPS= 14.1275  ratio=0.8383  maxabs=0.0000
[M= 448] cuBLAS HGEMM   median=0.010768 ms  TFLOPS= 16.7005  CTAs=49
[M= 448] N121-6stage  median=0.010592 ms  TFLOPS= 16.9780  ratio=1.0166  maxabs=0.0000  [BEAT]
[M= 448] N107-swizzle median=0.010592 ms  TFLOPS= 16.9780  ratio=1.0166  maxabs=0.0000  [BEAT]
[M= 512] cuBLAS HGEMM   median=0.010784 ms  TFLOPS= 24.8920  CTAs=64
[M= 512] N121-6stage  median=0.012144 ms  TFLOPS= 22.1044  ratio=0.8880  maxabs=0.0000
[M= 512] N107-swizzle median=0.011872 ms  TFLOPS= 22.6108  ratio=0.9084  maxabs=0.0000
=== run_tag=r2 BEAT boundary M = 448 ===
---- RUN r3 ----
=== run_tag=r3 ===
Device: NVIDIA GeForce RTX 5070 sm_120  driver=13000 runtime=12000
loaded N121-6stage M=192 (regs=64 shmem=24576)
loaded N121-6stage M=256 (regs=64 shmem=24576)
loaded N121-6stage M=320 (regs=64 shmem=24576)
loaded N121-6stage M=384 (regs=64 shmem=24576)
loaded N121-6stage M=448 (regs=64 shmem=24576)
loaded N121-6stage M=512 (regs=64 shmem=24576)
loaded N107-swizzle M=192 (regs=64 shmem=8192)
loaded N107-swizzle M=256 (regs=64 shmem=8192)
loaded N107-swizzle M=320 (regs=64 shmem=8192)
loaded N107-swizzle M=384 (regs=64 shmem=8192)
loaded N107-swizzle M=448 (regs=64 shmem=8192)
loaded N107-swizzle M=512 (regs=64 shmem=8192)
[M= 192] cuBLAS HGEMM   median=0.004672 ms  TFLOPS=  3.0299  CTAs=9
[M= 192] N121-6stage  median=0.005232 ms  TFLOPS=  2.7056  ratio=0.8930  maxabs=0.0000
[M= 192] N107-swizzle median=0.005104 ms  TFLOPS=  2.7735  ratio=0.9154  maxabs=0.0000
[M= 256] cuBLAS HGEMM   median=0.006720 ms  TFLOPS=  4.9932  CTAs=16
[M= 256] N121-6stage  median=0.006192 ms  TFLOPS=  5.4190  ratio=1.0853  maxabs=0.0000  [BEAT]
[M= 256] N107-swizzle median=0.006352 ms  TFLOPS=  5.2825  ratio=1.0579  maxabs=0.0000  [BEAT]
[M= 320] cuBLAS HGEMM   median=0.006704 ms  TFLOPS=  9.7757  CTAs=25
[M= 320] N121-6stage  median=0.006464 ms  TFLOPS= 10.1386  ratio=1.0371  maxabs=0.0000  [BEAT]
[M= 320] N107-swizzle median=0.006720 ms  TFLOPS=  9.7524  ratio=0.9976  maxabs=0.0000
[M= 384] cuBLAS HGEMM   median=0.006720 ms  TFLOPS= 16.8521  CTAs=36
[M= 384] N121-6stage  median=0.006544 ms  TFLOPS= 17.3053  ratio=1.0269  maxabs=0.0000  [BEAT]
[M= 384] N107-swizzle median=0.008176 ms  TFLOPS= 13.8511  ratio=0.8219  maxabs=0.0000
[M= 448] cuBLAS HGEMM   median=0.010784 ms  TFLOPS= 16.6757  CTAs=49
[M= 448] N121-6stage  median=0.010592 ms  TFLOPS= 16.9780  ratio=1.0181  maxabs=0.0000  [BEAT]
[M= 448] N107-swizzle median=0.010528 ms  TFLOPS= 17.0812  ratio=1.0243  maxabs=0.0000  [BEAT]
[M= 512] cuBLAS HGEMM   median=0.010816 ms  TFLOPS= 24.8184  CTAs=64
[M= 512] N121-6stage  median=0.011872 ms  TFLOPS= 22.6108  ratio=0.9111  maxabs=0.0000
[M= 512] N107-swizzle median=0.011872 ms  TFLOPS= 22.6108  ratio=0.9111  maxabs=0.0000
=== run_tag=r3 BEAT boundary M = 448 ===
