Device: NVIDIA GeForce RTX 5070 sm_120
CUDA driver=13000 runtime=12090
loaded N200-full PTX shape 512 (sgemm_tma_mma_hilbert_512x512_grid)
  shape 512: regs/thd=64, shmem=4112 B, max_thd_per_block=1024
loaded N200-full PTX shape 1024 (sgemm_tma_mma_hilbert_1024x1024_grid)
  shape 1024: regs/thd=64, shmem=4112 B, max_thd_per_block=1024
loaded N200-full PTX shape 2048 (sgemm_tma_mma_hilbert_2048x2048_grid)
  shape 2048: regs/thd=64, shmem=4112 B, max_thd_per_block=1024
loaded N200-full PTX shape 4096 (sgemm_tma_mma_hilbert_4096x4096_grid)
  shape 4096: regs/thd=64, shmem=4112 B, max_thd_per_block=1024
loaded N200-full PTX shape 6144 (sgemm_tma_mma_hilbert_6144x6144_grid)
  shape 6144: regs/thd=64, shmem=4112 B, max_thd_per_block=1024
loaded N200-full PTX shape 8192 (sgemm_tma_mma_hilbert_8192x8192_grid)
  shape 8192: regs/thd=64, shmem=4112 B, max_thd_per_block=1024
Device VRAM free=11579.06 MB total=11772.44 MB
[M= 512] allocating 3.00 MB device memory
[M= 512] cuBLAS HGEMM             median=0.011584 ms  TFLOPS= 23.1730
[M= 512] sanity max|hexa-cuBLAS|=0.0000  maxrel=0.0000 (cuBLAS max|C|=0.0000)
[M= 512] N200-full TMA+mma+Hilbert median=0.017696 ms  TFLOPS= 15.1693  ratio=0.6546  maxabs=0.0000  CTAs=64  regs=64  shmem=4112
[M=1024] allocating 12.00 MB device memory
[M=1024] cuBLAS HGEMM             median=0.040256 ms  TFLOPS= 53.3457
[M=1024] sanity max|hexa-cuBLAS|=0.0000  maxrel=0.0000 (cuBLAS max|C|=0.0000)
[M=1024] N200-full TMA+mma+Hilbert median=0.054512 ms  TFLOPS= 39.3947  ratio=0.7385  maxabs=0.0000  CTAs=256  regs=64  shmem=4112
[M=2048] allocating 48.00 MB device memory
[M=2048] cuBLAS HGEMM             median=0.257280 ms  TFLOPS= 66.7750
[M=2048] sanity max|hexa-cuBLAS|=0.0000  maxrel=0.0000 (cuBLAS max|C|=0.0000)
[M=2048] N200-full TMA+mma+Hilbert median=0.331008 ms  TFLOPS= 51.9017  ratio=0.7773  maxabs=0.0000  CTAs=1024  regs=64  shmem=4112
[M=4096] allocating 192.00 MB device memory
[M=4096] cuBLAS HGEMM             median=1.962832 ms  TFLOPS= 70.0207
[M=4096] sanity max|hexa-cuBLAS|=0.0000  maxrel=0.0000 (cuBLAS max|C|=0.0000)
[M=4096] N200-full TMA+mma+Hilbert median=2.455152 ms  TFLOPS= 55.9798  ratio=0.7995  maxabs=0.0000  CTAs=4096  regs=64  shmem=4112
[M=6144] allocating 432.00 MB device memory
[M=6144] cuBLAS HGEMM             median=6.553568 ms  TFLOPS= 70.7792
[M=6144] sanity max|hexa-cuBLAS|=0.0000  maxrel=0.0000 (cuBLAS max|C|=0.0000)
[M=6144] N200-full TMA+mma+Hilbert median=8.216384 ms  TFLOPS= 56.4551  ratio=0.7976  maxabs=0.0000  CTAs=16384  regs=64  shmem=4112
[M=8192] allocating 768.00 MB device memory
[M=8192] cuBLAS HGEMM             median=15.530912 ms  TFLOPS= 70.7950
[M=8192] sanity max|hexa-cuBLAS|=0.0000  maxrel=0.0000 (cuBLAS max|C|=0.0000)
[M=8192] N200-full TMA+mma+Hilbert median=18.962224 ms  TFLOPS= 57.9843  ratio=0.8190  maxabs=0.0000  CTAs=16384  regs=64  shmem=4112
