Device: NVIDIA GeForce RTX 5070 sm_120
CUDA driver=13000 runtime=12000
loaded hexa-3stage PTX shape 256 (sgemm_3stage_256x256_grid)
loaded hexa-3stage PTX shape 384 (sgemm_3stage_384x384_grid)
loaded hexa-3stage PTX shape 512 (sgemm_3stage_512x512_grid)
loaded hexa-3stage PTX shape 768 (sgemm_3stage_768x768_grid)
loaded hexa-3stage PTX shape 1024 (sgemm_3stage_1024x1024_grid)
loaded hexa-3stage PTX shape 1536 (sgemm_3stage_1536x1536_grid)
[M= 256] cuBLAS SGEMM            median=0.008656 ms  std=0.001129  min=0.006496  max=0.014912  TFLOPS=  3.8764
[M= 256] hexa-3stage SGEMM   median=0.013248 ms  std=0.000579  min=0.012384  max=0.014464  TFLOPS=  2.5328  ratio=0.6534  maxabs=0.000000
[M= 384] cuBLAS SGEMM            median=0.008800 ms  std=0.000836  min=0.008256  max=0.016352  TFLOPS= 12.8689
[M= 384] hexa-3stage SGEMM   median=0.019632 ms  std=0.000715  min=0.018496  max=0.021760  TFLOPS=  5.7684  ratio=0.4482  maxabs=0.000000
[M= 512] cuBLAS SGEMM            median=0.016992 ms  std=0.000429  min=0.015616  max=0.018048  TFLOPS= 15.7978
[M= 512] hexa-3stage SGEMM   median=0.039200 ms  std=0.000687  min=0.037792  max=0.041536  TFLOPS=  6.8478  ratio=0.4335  maxabs=0.000000
[M= 768] cuBLAS SGEMM            median=0.039392 ms  std=0.000553  min=0.037920  max=0.041600  TFLOPS= 22.9988
[M= 768] hexa-3stage SGEMM   median=0.080224 ms  std=0.000634  min=0.079040  max=0.082528  TFLOPS= 11.2930  ratio=0.4910  maxabs=0.000000
[M=1024] cuBLAS SGEMM            median=0.096720 ms  std=0.000750  min=0.094688  max=0.097856  TFLOPS= 22.2031
[M=1024] hexa-3stage SGEMM   median=0.199712 ms  std=0.001067  min=0.196992  max=0.202976  TFLOPS= 10.7529  ratio=0.4843  maxabs=0.000000
[M=1536] cuBLAS SGEMM            median=0.220544 ms  std=0.001003  min=0.218336  max=0.221664  TFLOPS= 32.8631
[M=1536] hexa-3stage SGEMM   median=0.575776 ms  std=0.000935  min=0.573600  max=0.577920  TFLOPS= 12.5878  ratio=0.3830  maxabs=0.000000
