Device: NVIDIA GeForce RTX 5070 sm_120
CUDA driver=13000 runtime=12000
loaded hexa-py PTX shape 256 (sgemm_4warp_swizzle_256x256_grid)
  shape 256: regs/thd=64, shmem=8192 B, max_thd_per_block=1024
loaded hexa-py PTX shape 384 (sgemm_4warp_swizzle_384x384_grid)
  shape 384: regs/thd=64, shmem=8192 B, max_thd_per_block=1024
loaded hexa-py PTX shape 512 (sgemm_4warp_swizzle_512x512_grid)
  shape 512: regs/thd=64, shmem=8192 B, max_thd_per_block=1024
loaded hexa-py PTX shape 768 (sgemm_4warp_swizzle_768x768_grid)
  shape 768: regs/thd=64, shmem=8192 B, max_thd_per_block=1024
loaded hexa-py PTX shape 1024 (sgemm_4warp_swizzle_1024x1024_grid)
  shape 1024: regs/thd=64, shmem=8192 B, max_thd_per_block=1024
loaded hexa-py PTX shape 1536 (sgemm_4warp_swizzle_1536x1536_grid)
  shape 1536: regs/thd=64, shmem=8192 B, max_thd_per_block=1024
[M= 256] cuBLAS HGEMM            median=0.006688 ms  std=0.001032  min=0.005696  max=0.013920  TFLOPS=  5.0171
[M= 256] hexa-PY 4warp+swizzle   median=0.006352 ms  std=0.001056  min=0.005088  max=0.014912  TFLOPS=  5.2825  ratio=1.0529  maxabs=0.0000  maxrel=0.0000  CTAs=16  regs=64
[M= 384] cuBLAS HGEMM            median=0.006784 ms  std=0.001189  min=0.005856  max=0.012896  TFLOPS= 16.6931
[M= 384] hexa-PY 4warp+swizzle   median=0.007776 ms  std=0.000970  min=0.006848  max=0.016736  TFLOPS= 14.5636  ratio=0.8724  maxabs=0.0000  maxrel=0.0000  CTAs=36  regs=64
[M= 512] cuBLAS HGEMM            median=0.010816 ms  std=0.000157  min=0.010176  max=0.011840  TFLOPS= 24.8184
[M= 512] hexa-PY 4warp+swizzle   median=0.011872 ms  std=0.000602  min=0.011136  max=0.013920  TFLOPS= 22.6108  ratio=0.9111  maxabs=0.0000  maxrel=0.0000  CTAs=64  regs=64
[M= 768] cuBLAS HGEMM            median=0.019008 ms  std=0.000382  min=0.018112  max=0.023136  TFLOPS= 47.6625
[M= 768] hexa-PY 4warp+swizzle   median=0.022720 ms  std=0.000574  min=0.020896  max=0.024160  TFLOPS= 39.8754  ratio=0.8366  maxabs=0.0000  maxrel=0.0000  CTAs=144  regs=64
[M=1024] cuBLAS HGEMM            median=0.039552 ms  std=0.000646  min=0.038496  max=0.044064  TFLOPS= 54.2952
[M=1024] hexa-PY 4warp+swizzle   median=0.053664 ms  std=0.000652  min=0.052480  max=0.055936  TFLOPS= 40.0172  ratio=0.7370  maxabs=0.0000  maxrel=0.0000  CTAs=256  regs=64
[M=1536] cuBLAS HGEMM            median=0.109024 ms  std=0.000867  min=0.106880  max=0.110144  TFLOPS= 66.4785
[M=1536] hexa-PY 4warp+swizzle   median=0.140320 ms  std=0.001000  min=0.138400  max=0.145696  TFLOPS= 51.6516  ratio=0.7770  maxabs=0.0000  maxrel=0.0000  CTAs=576  regs=64
