Device: NVIDIA GeForce RTX 5070 sm_120
CUDA driver=13000 runtime=12090
loaded hexa-HYB shape 256  variant=N121-6stage  ptx=../n121/sgemm_4warp_6stage_256x256_grid.ptx  entry=sgemm_4warp_6stage_256x256_grid
  shape 256: regs/thd=64, shmem=24576 B, max_thd_per_block=1024
loaded hexa-HYB shape 384  variant=N121-6stage  ptx=../n121/sgemm_4warp_6stage_384x384_grid.ptx  entry=sgemm_4warp_6stage_384x384_grid
  shape 384: regs/thd=64, shmem=24576 B, max_thd_per_block=1024
loaded hexa-HYB shape 512  variant=N107-2stage  ptx=../n107/sgemm_4warp_swizzle_512x512_grid.ptx  entry=sgemm_4warp_swizzle_512x512_grid
  shape 512: regs/thd=64, shmem=8192 B, max_thd_per_block=1024
loaded hexa-HYB shape 768  variant=N107-2stage  ptx=../n107/sgemm_4warp_swizzle_768x768_grid.ptx  entry=sgemm_4warp_swizzle_768x768_grid
  shape 768: regs/thd=64, shmem=8192 B, max_thd_per_block=1024
loaded hexa-HYB shape 1024  variant=N107-2stage  ptx=../n107/sgemm_4warp_swizzle_1024x1024_grid.ptx  entry=sgemm_4warp_swizzle_1024x1024_grid
  shape 1024: regs/thd=64, shmem=8192 B, max_thd_per_block=1024
loaded hexa-HYB shape 1536  variant=N107-2stage  ptx=../n107/sgemm_4warp_swizzle_1536x1536_grid.ptx  entry=sgemm_4warp_swizzle_1536x1536_grid
  shape 1536: regs/thd=64, shmem=8192 B, max_thd_per_block=1024
loaded hexa-HYB shape 2048  variant=N107-2stage  ptx=../n107/sgemm_4warp_swizzle_2048x2048_grid.ptx  entry=sgemm_4warp_swizzle_2048x2048_grid
  shape 2048: regs/thd=64, shmem=8192 B, max_thd_per_block=1024
loaded hexa-HYB shape 3072  variant=N107-2stage  ptx=../n107/sgemm_4warp_swizzle_3072x3072_grid.ptx  entry=sgemm_4warp_swizzle_3072x3072_grid
  shape 3072: regs/thd=64, shmem=8192 B, max_thd_per_block=1024
loaded hexa-HYB shape 4096  variant=N107-2stage  ptx=../n107/sgemm_4warp_swizzle_4096x4096_grid.ptx  entry=sgemm_4warp_swizzle_4096x4096_grid
  shape 4096: regs/thd=64, shmem=8192 B, max_thd_per_block=1024
[M= 256] cuBLAS HGEMM             median=0.006672 ms  std=0.001467  min=0.005728  max=0.013920  TFLOPS=  5.0291
[M= 256] hexa-HYB pick=N121-6stage median=0.006160 ms  std=0.001023  min=0.004992  max=0.015904  TFLOPS=  5.4471  ratio=1.0831  maxabs=0.0000  maxrel=0.0000  CTAs=16  regs=64  shmem=24576B
[M= 384] cuBLAS HGEMM             median=0.006752 ms  std=0.000994  min=0.006464  max=0.010816  TFLOPS= 16.7722
[M= 384] hexa-HYB pick=N121-6stage median=0.007168 ms  std=0.000683  min=0.006080  max=0.009792  TFLOPS= 15.7989  ratio=0.9420  maxabs=0.0000  maxrel=0.0000  CTAs=36  regs=64  shmem=24576B
[M= 512] cuBLAS HGEMM             median=0.010800 ms  std=0.000218  min=0.009824  max=0.012896  TFLOPS= 24.8551
[M= 512] hexa-HYB pick=N107-2stage median=0.012576 ms  std=0.000856  min=0.011136  max=0.014880  TFLOPS= 21.3451  ratio=0.8588  maxabs=0.0000  maxrel=0.0000  CTAs=64  regs=64  shmem=8192B
[M= 768] cuBLAS HGEMM             median=0.019008 ms  std=0.000495  min=0.016352  max=0.021728  TFLOPS= 47.6625
[M= 768] hexa-HYB pick=N107-2stage median=0.022512 ms  std=0.000636  min=0.021376  max=0.024160  TFLOPS= 40.2439  ratio=0.8443  maxabs=0.0000  maxrel=0.0000  CTAs=144  regs=64  shmem=8192B
[M=1024] cuBLAS HGEMM             median=0.040496 ms  std=0.000762  min=0.038176  max=0.042560  TFLOPS= 53.0295
[M=1024] hexa-HYB pick=N107-2stage median=0.054928 ms  std=0.000826  min=0.053312  max=0.057024  TFLOPS= 39.0963  ratio=0.7373  maxabs=0.0000  maxrel=0.0000  CTAs=256  regs=64  shmem=8192B
[M=1536] cuBLAS HGEMM             median=0.109120 ms  std=0.000635  min=0.108128  max=0.116160  TFLOPS= 66.4201
[M=1536] hexa-HYB pick=N107-2stage median=0.142256 ms  std=0.001002  min=0.140640  max=0.145792  TFLOPS= 50.9487  ratio=0.7671  maxabs=0.0000  maxrel=0.0000  CTAs=576  regs=64  shmem=8192B
[M=2048] cuBLAS HGEMM             median=0.258592 ms  std=0.000733  min=0.257440  max=0.261536  TFLOPS= 66.4362
[M=2048] hexa-HYB pick=N107-2stage median=0.317760 ms  std=0.000989  min=0.315648  max=0.321408  TFLOPS= 54.0656  ratio=0.8138  maxabs=0.0000  maxrel=0.0000  CTAs=1024  regs=64  shmem=8192B
[M=3072] cuBLAS HGEMM             median=0.833760 ms  std=0.002087  min=0.829536  max=0.850112  TFLOPS= 69.5429
[M=3072] hexa-HYB pick=N107-2stage median=1.075392 ms  std=0.002019  min=1.070176  max=1.080512  TFLOPS= 53.9171  ratio=0.7753  maxabs=0.0000  maxrel=0.0000  CTAs=2304  regs=64  shmem=8192B
[M=4096] cuBLAS HGEMM             median=1.980640 ms  std=0.000714  min=1.978528  max=1.983584  TFLOPS= 69.3912
[M=4096] hexa-HYB pick=N107-2stage median=2.432128 ms  std=0.002408  min=2.426112  max=2.438432  TFLOPS= 56.5098  ratio=0.8144  maxabs=0.0000  maxrel=0.0000  CTAs=4096  regs=64  shmem=8192B

=== HYBRID HEADLINE ===
hyb peak TFLOPS  = 56.5098 @ M=4096
hyb cuBLAS-BEAT count (ratio>=1.0) = 1 / 9 shapes

shape    pick           hexa_tflops    ratio_vs_cublas    N107_alone_tflops  N121_alone_tflops
M=256    N121-6stage        5.4471      1.0831             5.2958         (see below)
                                                                                     5.8254
M=384    N121-6stage       15.7989      0.9420            14.5636         (see below)
                                                                                    15.7989
M=512    N107-2stage       21.3451      0.8588            22.6108         n/a
M=768    N107-2stage       40.2439      0.8443            39.8754         n/a
M=1024   N107-2stage       39.0963      0.7373            40.0411         n/a
M=1536   N107-2stage       50.9487      0.7671            51.6281         n/a
M=2048   N107-2stage       54.0656      0.8138            54.7716         n/a
M=3072   N107-2stage       53.9171      0.7753            54.6522         n/a
M=4096   N107-2stage       56.5098      0.8144            57.3297         n/a
