Device: NVIDIA GeForce RTX 5070 sm_120
CUDA driver=13000 runtime=12090
loaded hexa-HYB shape 256  variant=N121-6stage  ptx=../n121/sgemm_4warp_6stage_256x256_grid.ptx  entry=sgemm_4warp_6stage_256x256_grid
  shape 256: regs/thd=64, shmem=24576 B, max_thd_per_block=1024
loaded hexa-HYB shape 384  variant=N121-6stage  ptx=../n121/sgemm_4warp_6stage_384x384_grid.ptx  entry=sgemm_4warp_6stage_384x384_grid
  shape 384: regs/thd=64, shmem=24576 B, max_thd_per_block=1024
loaded hexa-HYB shape 512  variant=N107-2stage  ptx=../n107/sgemm_4warp_swizzle_512x512_grid.ptx  entry=sgemm_4warp_swizzle_512x512_grid
  shape 512: regs/thd=64, shmem=8192 B, max_thd_per_block=1024
loaded hexa-HYB shape 768  variant=N107-2stage  ptx=../n107/sgemm_4warp_swizzle_768x768_grid.ptx  entry=sgemm_4warp_swizzle_768x768_grid
  shape 768: regs/thd=64, shmem=8192 B, max_thd_per_block=1024
loaded hexa-HYB shape 1024  variant=N107-2stage  ptx=../n107/sgemm_4warp_swizzle_1024x1024_grid.ptx  entry=sgemm_4warp_swizzle_1024x1024_grid
  shape 1024: regs/thd=64, shmem=8192 B, max_thd_per_block=1024
loaded hexa-HYB shape 1536  variant=N107-2stage  ptx=../n107/sgemm_4warp_swizzle_1536x1536_grid.ptx  entry=sgemm_4warp_swizzle_1536x1536_grid
  shape 1536: regs/thd=64, shmem=8192 B, max_thd_per_block=1024
loaded hexa-HYB shape 2048  variant=N107-2stage  ptx=../n107/sgemm_4warp_swizzle_2048x2048_grid.ptx  entry=sgemm_4warp_swizzle_2048x2048_grid
  shape 2048: regs/thd=64, shmem=8192 B, max_thd_per_block=1024
loaded hexa-HYB shape 3072  variant=N107-2stage  ptx=../n107/sgemm_4warp_swizzle_3072x3072_grid.ptx  entry=sgemm_4warp_swizzle_3072x3072_grid
  shape 3072: regs/thd=64, shmem=8192 B, max_thd_per_block=1024
loaded hexa-HYB shape 4096  variant=N107-2stage  ptx=../n107/sgemm_4warp_swizzle_4096x4096_grid.ptx  entry=sgemm_4warp_swizzle_4096x4096_grid
  shape 4096: regs/thd=64, shmem=8192 B, max_thd_per_block=1024
[M= 256] cuBLAS HGEMM             median=0.006704 ms  std=0.001366  min=0.005376  max=0.013920  TFLOPS=  5.0051
[M= 256] hexa-HYB pick=N121-6stage median=0.006144 ms  std=0.000950  min=0.004928  max=0.014688  TFLOPS=  5.4613  ratio=1.0911  maxabs=0.0000  maxrel=0.0000  CTAs=16  regs=64  shmem=24576B
[M= 384] cuBLAS HGEMM             median=0.006864 ms  std=0.001267  min=0.005760  max=0.015616  TFLOPS= 16.4986
[M= 384] hexa-HYB pick=N121-6stage median=0.007264 ms  std=0.000747  min=0.006176  max=0.010592  TFLOPS= 15.5901  ratio=0.9449  maxabs=0.0000  maxrel=0.0000  CTAs=36  regs=64  shmem=24576B
[M= 512] cuBLAS HGEMM             median=0.010816 ms  std=0.000358  min=0.010208  max=0.012864  TFLOPS= 24.8184
[M= 512] hexa-HYB pick=N107-2stage median=0.012480 ms  std=0.000682  min=0.011264  max=0.013920  TFLOPS= 21.5093  ratio=0.8667  maxabs=0.0000  maxrel=0.0000  CTAs=64  regs=64  shmem=8192B
[M= 768] cuBLAS HGEMM             median=0.019008 ms  std=0.000161  min=0.018336  max=0.019968  TFLOPS= 47.6625
[M= 768] hexa-HYB pick=N107-2stage median=0.022480 ms  std=0.000625  min=0.021408  max=0.024160  TFLOPS= 40.3011  ratio=0.8456  maxabs=0.0000  maxrel=0.0000  CTAs=144  regs=64  shmem=8192B
[M=1024] cuBLAS HGEMM             median=0.039552 ms  std=0.000838  min=0.038464  max=0.042624  TFLOPS= 54.2952
[M=1024] hexa-HYB pick=N107-2stage median=0.054880 ms  std=0.000862  min=0.053376  max=0.056960  TFLOPS= 39.1305  ratio=0.7207  maxabs=0.0000  maxrel=0.0000  CTAs=256  regs=64  shmem=8192B
[M=1536] cuBLAS HGEMM             median=0.109120 ms  std=0.000337  min=0.108096  max=0.111168  TFLOPS= 66.4201
[M=1536] hexa-HYB pick=N107-2stage median=0.141840 ms  std=0.001108  min=0.140416  max=0.148288  TFLOPS= 51.0981  ratio=0.7693  maxabs=0.0000  maxrel=0.0000  CTAs=576  regs=64  shmem=8192B
[M=2048] cuBLAS HGEMM             median=0.258592 ms  std=0.000755  min=0.257600  max=0.262912  TFLOPS= 66.4362
[M=2048] hexa-HYB pick=N107-2stage median=0.317728 ms  std=0.001106  min=0.314656  max=0.323040  TFLOPS= 54.0710  ratio=0.8139  maxabs=0.0000  maxrel=0.0000  CTAs=1024  regs=64  shmem=8192B
[M=3072] cuBLAS HGEMM             median=0.833760 ms  std=0.002089  min=0.829568  max=0.850176  TFLOPS= 69.5429
[M=3072] hexa-HYB pick=N107-2stage median=1.073376 ms  std=0.001697  min=1.069952  max=1.079392  TFLOPS= 54.0184  ratio=0.7768  maxabs=0.0000  maxrel=0.0000  CTAs=2304  regs=64  shmem=8192B
[M=4096] cuBLAS HGEMM             median=1.980640 ms  std=0.000865  min=1.978304  max=1.986528  TFLOPS= 69.3912
[M=4096] hexa-HYB pick=N107-2stage median=2.432000 ms  std=0.003358  min=2.421984  max=2.441920  TFLOPS= 56.5127  ratio=0.8144  maxabs=0.0000  maxrel=0.0000  CTAs=4096  regs=64  shmem=8192B

=== HYBRID HEADLINE ===
hyb peak TFLOPS  = 56.5127 @ M=4096
hyb cuBLAS-BEAT count (ratio>=1.0) = 1 / 9 shapes

shape    pick           hexa_tflops    ratio_vs_cublas    N107_alone_tflops  N121_alone_tflops
M=256    N121-6stage        5.4613      1.0911             5.2958         (see below)
                                                                                     5.8254
M=384    N121-6stage       15.5901      0.9449            14.5636         (see below)
                                                                                    15.7989
M=512    N107-2stage       21.5093      0.8667            22.6108         n/a
M=768    N107-2stage       40.3011      0.8456            39.8754         n/a
M=1024   N107-2stage       39.1305      0.7207            40.0411         n/a
M=1536   N107-2stage       51.0981      0.7693            51.6281         n/a
M=2048   N107-2stage       54.0710      0.8139            54.7716         n/a
M=3072   N107-2stage       54.0184      0.7768            54.6522         n/a
M=4096   N107-2stage       56.5127      0.8144            57.3297         n/a
