Device: NVIDIA GeForce RTX 5070 sm_120
CUDA driver=13000 runtime=12090
loaded hexa-HYB shape 256  variant=N121-6stage  ptx=../n121/sgemm_4warp_6stage_256x256_grid.ptx  entry=sgemm_4warp_6stage_256x256_grid
  shape 256: regs/thd=64, shmem=24576 B, max_thd_per_block=1024
loaded hexa-HYB shape 384  variant=N121-6stage  ptx=../n121/sgemm_4warp_6stage_384x384_grid.ptx  entry=sgemm_4warp_6stage_384x384_grid
  shape 384: regs/thd=64, shmem=24576 B, max_thd_per_block=1024
loaded hexa-HYB shape 512  variant=N107-2stage  ptx=../n107/sgemm_4warp_swizzle_512x512_grid.ptx  entry=sgemm_4warp_swizzle_512x512_grid
  shape 512: regs/thd=64, shmem=8192 B, max_thd_per_block=1024
loaded hexa-HYB shape 768  variant=N107-2stage  ptx=../n107/sgemm_4warp_swizzle_768x768_grid.ptx  entry=sgemm_4warp_swizzle_768x768_grid
  shape 768: regs/thd=64, shmem=8192 B, max_thd_per_block=1024
loaded hexa-HYB shape 1024  variant=N107-2stage  ptx=../n107/sgemm_4warp_swizzle_1024x1024_grid.ptx  entry=sgemm_4warp_swizzle_1024x1024_grid
  shape 1024: regs/thd=64, shmem=8192 B, max_thd_per_block=1024
loaded hexa-HYB shape 1536  variant=N107-2stage  ptx=../n107/sgemm_4warp_swizzle_1536x1536_grid.ptx  entry=sgemm_4warp_swizzle_1536x1536_grid
  shape 1536: regs/thd=64, shmem=8192 B, max_thd_per_block=1024
loaded hexa-HYB shape 2048  variant=N107-2stage  ptx=../n107/sgemm_4warp_swizzle_2048x2048_grid.ptx  entry=sgemm_4warp_swizzle_2048x2048_grid
  shape 2048: regs/thd=64, shmem=8192 B, max_thd_per_block=1024
loaded hexa-HYB shape 3072  variant=N107-2stage  ptx=../n107/sgemm_4warp_swizzle_3072x3072_grid.ptx  entry=sgemm_4warp_swizzle_3072x3072_grid
  shape 3072: regs/thd=64, shmem=8192 B, max_thd_per_block=1024
loaded hexa-HYB shape 4096  variant=N107-2stage  ptx=../n107/sgemm_4warp_swizzle_4096x4096_grid.ptx  entry=sgemm_4warp_swizzle_4096x4096_grid
  shape 4096: regs/thd=64, shmem=8192 B, max_thd_per_block=1024
[M= 256] cuBLAS HGEMM             median=0.007424 ms  std=0.001441  min=0.006048  max=0.013760  TFLOPS=  4.5197
[M= 256] hexa-HYB pick=N121-6stage median=0.005536 ms  std=0.001243  min=0.004768  max=0.014752  TFLOPS=  6.0611  ratio=1.3410  maxabs=0.0000  maxrel=0.0000  CTAs=16  regs=64  shmem=24576B
[M= 384] cuBLAS HGEMM             median=0.008640 ms  std=0.000492  min=0.007328  max=0.009696  TFLOPS= 13.1072
[M= 384] hexa-HYB pick=N121-6stage median=0.007616 ms  std=0.000529  min=0.006048  max=0.009696  TFLOPS= 14.8695  ratio=1.1345  maxabs=0.0000  maxrel=0.0000  CTAs=36  regs=64  shmem=24576B
[M= 512] cuBLAS HGEMM             median=0.011680 ms  std=0.001084  min=0.010528  max=0.020832  TFLOPS= 22.9825
[M= 512] hexa-HYB pick=N107-2stage median=0.013584 ms  std=0.000890  min=0.011264  max=0.013824  TFLOPS= 19.7611  ratio=0.8598  maxabs=0.0000  maxrel=0.0000  CTAs=64  regs=64  shmem=8192B
[M= 768] cuBLAS HGEMM             median=0.019632 ms  std=0.000638  min=0.017440  max=0.025024  TFLOPS= 46.1476
[M= 768] hexa-HYB pick=N107-2stage median=0.021952 ms  std=0.000929  min=0.021248  max=0.024032  TFLOPS= 41.2705  ratio=0.8943  maxabs=0.0000  maxrel=0.0000  CTAs=144  regs=64  shmem=8192B
[M=1024] cuBLAS HGEMM             median=0.041440 ms  std=0.000503  min=0.039680  max=0.042400  TFLOPS= 51.8215
[M=1024] hexa-HYB pick=N107-2stage median=0.054720 ms  std=0.000618  min=0.053728  max=0.058720  TFLOPS= 39.2450  ratio=0.7573  maxabs=0.0000  maxrel=0.0000  CTAs=256  regs=64  shmem=8192B
[M=1536] cuBLAS HGEMM             median=0.109088 ms  std=0.001161  min=0.108480  max=0.119552  TFLOPS= 66.4395
[M=1536] hexa-HYB pick=N107-2stage median=0.141664 ms  std=0.000836  min=0.140416  max=0.145696  TFLOPS= 51.1616  ratio=0.7700  maxabs=0.0000  maxrel=0.0000  CTAs=576  regs=64  shmem=8192B
[M=2048] cuBLAS HGEMM             median=0.258576 ms  std=0.000264  min=0.257600  max=0.259616  TFLOPS= 66.4403
[M=2048] hexa-HYB pick=N107-2stage median=0.317648 ms  std=0.000997  min=0.315392  max=0.319936  TFLOPS= 54.0846  ratio=0.8140  maxabs=0.0000  maxrel=0.0000  CTAs=1024  regs=64  shmem=8192B
[M=3072] cuBLAS HGEMM             median=0.833520 ms  std=0.002750  min=0.828512  max=0.850880  TFLOPS= 69.5629
[M=3072] hexa-HYB pick=N107-2stage median=1.073328 ms  std=0.001632  min=1.069632  max=1.079936  TFLOPS= 54.0208  ratio=0.7766  maxabs=0.0000  maxrel=0.0000  CTAs=2304  regs=64  shmem=8192B
[M=4096] cuBLAS HGEMM             median=1.980608 ms  std=0.002108  min=1.971808  max=1.999488  TFLOPS= 69.3923
[M=4096] hexa-HYB pick=N107-2stage median=2.424864 ms  std=0.002434  min=2.419872  max=2.436000  TFLOPS= 56.6790  ratio=0.8168  maxabs=0.0000  maxrel=0.0000  CTAs=4096  regs=64  shmem=8192B

=== HYBRID HEADLINE ===
hyb peak TFLOPS  = 56.6790 @ M=4096
hyb cuBLAS-BEAT count (ratio>=1.0) = 2 / 9 shapes

shape    pick           hexa_tflops    ratio_vs_cublas    N107_alone_tflops  N121_alone_tflops
M=256    N121-6stage        6.0611      1.3410             5.2958         (see below)
                                                                                     5.8254
M=384    N121-6stage       14.8695      1.1345            14.5636         (see below)
                                                                                    15.7989
M=512    N107-2stage       19.7611      0.8598            22.6108         n/a
M=768    N107-2stage       41.2705      0.8943            39.8754         n/a
M=1024   N107-2stage       39.2450      0.7573            40.0411         n/a
M=1536   N107-2stage       51.1616      0.7700            51.6281         n/a
M=2048   N107-2stage       54.0846      0.8140            54.7716         n/a
M=3072   N107-2stage       54.0208      0.7766            54.6522         n/a
M=4096   N107-2stage       56.6790      0.8168            57.3297         n/a
