Device: NVIDIA GeForce RTX 5070 sm_120
CUDA driver=13000 runtime=12000
loaded hexa-HYB shape 256  variant=N121-6stage  ptx=../n121/sgemm_4warp_6stage_256x256_grid.ptx  entry=sgemm_4warp_6stage_256x256_grid
  shape 256: regs/thd=64, shmem=24576 B, max_thd_per_block=1024
loaded hexa-HYB shape 384  variant=N121-6stage  ptx=../n121/sgemm_4warp_6stage_384x384_grid.ptx  entry=sgemm_4warp_6stage_384x384_grid
  shape 384: regs/thd=64, shmem=24576 B, max_thd_per_block=1024
loaded hexa-HYB shape 512  variant=N107-2stage  ptx=../n107/sgemm_4warp_swizzle_512x512_grid.ptx  entry=sgemm_4warp_swizzle_512x512_grid
  shape 512: regs/thd=64, shmem=8192 B, max_thd_per_block=1024
loaded hexa-HYB shape 768  variant=N107-2stage  ptx=../n107/sgemm_4warp_swizzle_768x768_grid.ptx  entry=sgemm_4warp_swizzle_768x768_grid
  shape 768: regs/thd=64, shmem=8192 B, max_thd_per_block=1024
loaded hexa-HYB shape 1024  variant=N107-2stage  ptx=../n107/sgemm_4warp_swizzle_1024x1024_grid.ptx  entry=sgemm_4warp_swizzle_1024x1024_grid
  shape 1024: regs/thd=64, shmem=8192 B, max_thd_per_block=1024
loaded hexa-HYB shape 1536  variant=N107-2stage  ptx=../n107/sgemm_4warp_swizzle_1536x1536_grid.ptx  entry=sgemm_4warp_swizzle_1536x1536_grid
  shape 1536: regs/thd=64, shmem=8192 B, max_thd_per_block=1024
loaded hexa-HYB shape 2048  variant=N107-2stage  ptx=../n107/sgemm_4warp_swizzle_2048x2048_grid.ptx  entry=sgemm_4warp_swizzle_2048x2048_grid
  shape 2048: regs/thd=64, shmem=8192 B, max_thd_per_block=1024
loaded hexa-HYB shape 3072  variant=N107-2stage  ptx=../n107/sgemm_4warp_swizzle_3072x3072_grid.ptx  entry=sgemm_4warp_swizzle_3072x3072_grid
  shape 3072: regs/thd=64, shmem=8192 B, max_thd_per_block=1024
loaded hexa-HYB shape 4096  variant=N107-2stage  ptx=../n107/sgemm_4warp_swizzle_4096x4096_grid.ptx  entry=sgemm_4warp_swizzle_4096x4096_grid
  shape 4096: regs/thd=64, shmem=8192 B, max_thd_per_block=1024
[M= 256] cuBLAS HGEMM             median=0.007424 ms  std=0.001286  min=0.006144  max=0.013760  TFLOPS=  4.5197
[M= 256] hexa-HYB pick=N121-6stage median=0.005568 ms  std=0.001547  min=0.004768  max=0.015808  TFLOPS=  6.0263  ratio=1.3333  maxabs=0.0000  maxrel=0.0000  CTAs=16  regs=64  shmem=24576B
[M= 384] cuBLAS HGEMM             median=0.008640 ms  std=0.000715  min=0.007296  max=0.015808  TFLOPS= 13.1072
[M= 384] hexa-HYB pick=N121-6stage median=0.007616 ms  std=0.000689  min=0.006112  max=0.014720  TFLOPS= 14.8695  ratio=1.1345  maxabs=0.0000  maxrel=0.0000  CTAs=36  regs=64  shmem=24576B
[M= 512] cuBLAS HGEMM             median=0.011488 ms  std=0.000697  min=0.010528  max=0.014240  TFLOPS= 23.3666
[M= 512] hexa-HYB pick=N107-2stage median=0.011744 ms  std=0.000982  min=0.011040  max=0.014816  TFLOPS= 22.8572  ratio=0.9782  maxabs=0.0000  maxrel=0.0000  CTAs=64  regs=64  shmem=8192B
[M= 768] cuBLAS HGEMM             median=0.019648 ms  std=0.000489  min=0.017664  max=0.020896  TFLOPS= 46.1100
[M= 768] hexa-HYB pick=N107-2stage median=0.021984 ms  std=0.000619  min=0.021184  max=0.024064  TFLOPS= 41.2104  ratio=0.8937  maxabs=0.0000  maxrel=0.0000  CTAs=144  regs=64  shmem=8192B
[M=1024] cuBLAS HGEMM             median=0.041376 ms  std=0.000675  min=0.039328  max=0.042112  TFLOPS= 51.9017
[M=1024] hexa-HYB pick=N107-2stage median=0.054752 ms  std=0.000417  min=0.052704  max=0.057024  TFLOPS= 39.2220  ratio=0.7557  maxabs=0.0000  maxrel=0.0000  CTAs=256  regs=64  shmem=8192B
[M=1536] cuBLAS HGEMM             median=0.109072 ms  std=0.000766  min=0.108672  max=0.119264  TFLOPS= 66.4493
[M=1536] hexa-HYB pick=N107-2stage median=0.140448 ms  std=0.000942  min=0.138400  max=0.144992  TFLOPS= 51.6046  ratio=0.7766  maxabs=0.0000  maxrel=0.0000  CTAs=576  regs=64  shmem=8192B
[M=2048] cuBLAS HGEMM             median=0.256576 ms  std=0.000527  min=0.255424  max=0.259584  TFLOPS= 66.9582
[M=2048] hexa-HYB pick=N107-2stage median=0.314576 ms  std=0.001003  min=0.311520  max=0.317568  TFLOPS= 54.6128  ratio=0.8156  maxabs=0.0000  maxrel=0.0000  CTAs=1024  regs=64  shmem=8192B
[M=3072] cuBLAS HGEMM             median=0.825632 ms  std=0.001404  min=0.823008  max=0.828640  TFLOPS= 70.2275
[M=3072] hexa-HYB pick=N107-2stage median=1.063648 ms  std=0.002270  min=1.055872  max=1.068448  TFLOPS= 54.5125  ratio=0.7762  maxabs=0.0000  maxrel=0.0000  CTAs=2304  regs=64  shmem=8192B
[M=4096] cuBLAS HGEMM             median=1.962208 ms  std=0.000679  min=1.960864  max=1.965312  TFLOPS= 70.0430
[M=4096] hexa-HYB pick=N107-2stage median=2.403488 ms  std=0.002035  min=2.399360  max=2.411616  TFLOPS= 57.1831  ratio=0.8164  maxabs=0.0000  maxrel=0.0000  CTAs=4096  regs=64  shmem=8192B

=== HYBRID HEADLINE ===
hyb peak TFLOPS  = 57.1831 @ M=4096
hyb cuBLAS-BEAT count (ratio>=1.0) = 2 / 9 shapes

shape    pick           hexa_tflops    ratio_vs_cublas    N107_alone_tflops  N121_alone_tflops
M=256    N121-6stage        6.0263      1.3333             5.2958         (see below)
                                                                                     5.8254
M=384    N121-6stage       14.8695      1.1345            14.5636         (see below)
                                                                                    15.7989
M=512    N107-2stage       22.8572      0.9782            22.6108         n/a
M=768    N107-2stage       41.2104      0.8937            39.8754         n/a
M=1024   N107-2stage       39.2220      0.7557            40.0411         n/a
M=1536   N107-2stage       51.6046      0.7766            51.6281         n/a
M=2048   N107-2stage       54.6128      0.8156            54.7716         n/a
M=3072   N107-2stage       54.5125      0.7762            54.6522         n/a
M=4096   N107-2stage       57.1831      0.8164            57.3297         n/a
