host
Device: NVIDIA GeForce RTX 5070 sm_120
CUDA driver=13000 runtime=12000
loaded hexa-vec16 PTX shape 256 (sgemm_cpasync_vec16_256x256_grid)
loaded hexa-vec16 PTX shape 384 (sgemm_cpasync_vec16_384x384_grid)
loaded hexa-vec16 PTX shape 512 (sgemm_cpasync_vec16_512x512_grid)
loaded hexa-vec16 PTX shape 768 (sgemm_cpasync_vec16_768x768_grid)
loaded hexa-vec16 PTX shape 1024 (sgemm_cpasync_vec16_1024x1024_grid)
loaded hexa-vec16 PTX shape 1536 (sgemm_cpasync_vec16_1536x1536_grid)
[M= 256] cuBLAS SGEMM            median=0.009440 ms  std=0.000709  min=0.007392  max=0.010816  TFLOPS=  3.5545
[M= 256] hexa-vec16 SGEMM        median=0.013760 ms  std=0.000695  min=0.012576  max=0.022048  TFLOPS=  2.4385  ratio=0.6860  maxabs=0.000000
[M= 384] cuBLAS SGEMM            median=0.010608 ms  std=0.000815  min=0.008800  max=0.017216  TFLOPS= 10.6755
[M= 384] hexa-vec16 SGEMM        median=0.017856 ms  std=0.000411  min=0.017056  max=0.019904  TFLOPS=  6.3422  ratio=0.5941  maxabs=0.000000
[M= 512] cuBLAS SGEMM            median=0.016864 ms  std=0.000521  min=0.015392  max=0.018912  TFLOPS= 15.9177
[M= 512] hexa-vec16 SGEMM        median=0.034240 ms  std=0.000516  min=0.033376  max=0.036768  TFLOPS=  7.8398  ratio=0.4925  maxabs=0.000000
[M= 768] cuBLAS SGEMM            median=0.039456 ms  std=0.000910  min=0.037728  max=0.041504  TFLOPS= 22.9615
[M= 768] hexa-vec16 SGEMM        median=0.067072 ms  std=0.000949  min=0.066400  max=0.070080  TFLOPS= 13.5074  ratio=0.5883  maxabs=0.000000
[M=1024] cuBLAS SGEMM            median=0.096800 ms  std=0.000628  min=0.094688  max=0.097888  TFLOPS= 22.1847
[M=1024] hexa-vec16 SGEMM        median=0.167520 ms  std=0.000824  min=0.166048  max=0.169568  TFLOPS= 12.8193  ratio=0.5778  maxabs=0.000000
[M=1536] cuBLAS SGEMM            median=0.220736 ms  std=0.000264  min=0.218720  max=0.221760  TFLOPS= 32.8345
[M=1536] hexa-vec16 SGEMM        median=0.475392 ms  std=0.000754  min=0.473984  max=0.477536  TFLOPS= 15.2459  ratio=0.4643  maxabs=0.000000
