Device: NVIDIA GeForce RTX 5070 sm_120
CUDA driver=13000 runtime=12090
loaded hexa-PHILB PTX shape 4096 (sgemm_4warp_hilbert_4096x4096_grid)
  shape 4096: regs/thd=64, shmem=8192 B, max_thd_per_block=1024
loaded hexa-PHILB PTX shape 5120 (sgemm_4warp_hilbert_5120x5120_grid)
  shape 5120: regs/thd=64, shmem=8192 B, max_thd_per_block=1024
loaded hexa-PHILB PTX shape 6144 (sgemm_4warp_hilbert_6144x6144_grid)
  shape 6144: regs/thd=64, shmem=8192 B, max_thd_per_block=1024
loaded hexa-PHILB PTX shape 8192 (sgemm_4warp_hilbert_8192x8192_grid)
  shape 8192: regs/thd=64, shmem=8192 B, max_thd_per_block=1024
Device VRAM free=11601.19 MB total=11772.44 MB
[M=4096] allocating 128.00 MB device memory (A=32768 KB + B=32768 KB + C=65536 KB)
[M=4096] cuBLAS HGEMM            median=1.980544 ms  std=0.003844  min=1.970080  max=1.989824  TFLOPS= 69.3945
[M=4096] hexa-PHILB 4warp+Hilbert median=2.411584 ms  std=0.002629  min=2.407328  max=2.423872  TFLOPS= 56.9912  ratio=0.8213  maxabs=0.0000  maxrel=0.0000  CTAs=4096  regs=64
[M=5120] allocating 200.00 MB device memory (A=51200 KB + B=51200 KB + C=102400 KB)
[M=5120] cuBLAS HGEMM            median=3.850144 ms  std=0.001813  min=3.845344  max=3.853568  TFLOPS= 69.7209
[M=5120] hexa-PHILB 4warp+Hilbert median=4.653264 ms  std=0.004915  min=4.640768  max=4.665344  TFLOPS= 57.6876  ratio=0.8274  maxabs=0.0000  maxrel=0.0000  CTAs=6400  regs=64
[M=6144] allocating 288.00 MB device memory (A=73728 KB + B=73728 KB + C=147456 KB)
[M=6144] cuBLAS HGEMM            median=6.614080 ms  std=0.012061  min=6.607392  max=6.647904  TFLOPS= 70.1317
[M=6144] hexa-PHILB 4warp+Hilbert median=7.931040 ms  std=0.004124  min=7.920768  max=7.944160  TFLOPS= 58.4862  ratio=0.8339  maxabs=0.0000  maxrel=0.0000  CTAs=9216  regs=64
[M=8192] allocating 512.00 MB device memory (A=131072 KB + B=131072 KB + C=262144 KB)
[M=8192] cuBLAS HGEMM            median=15.663328 ms  std=0.001263  min=15.660992  max=15.670880  TFLOPS= 70.1966
[M=8192] hexa-PHILB 4warp+Hilbert median=18.486128 ms  std=0.042142  min=18.372768  max=18.508097  TFLOPS= 59.4777  ratio=0.8473  maxabs=0.0000  maxrel=0.0000  CTAs=16384  regs=64
