Device: NVIDIA GeForce RTX 5070 sm_120
CUDA driver=13000 runtime=12000
loaded hexa-6stage PTX shape 256 (sgemm_6stage_256x256_grid)
  shape 256: regs/thd=47, shmem=49152 B, max_thd_per_block=1024
loaded hexa-6stage PTX shape 384 (sgemm_6stage_384x384_grid)
  shape 384: regs/thd=47, shmem=49152 B, max_thd_per_block=1024
loaded hexa-6stage PTX shape 512 (sgemm_6stage_512x512_grid)
  shape 512: regs/thd=47, shmem=49152 B, max_thd_per_block=1024
loaded hexa-6stage PTX shape 768 (sgemm_6stage_768x768_grid)
  shape 768: regs/thd=47, shmem=49152 B, max_thd_per_block=1024
loaded hexa-6stage PTX shape 1024 (sgemm_6stage_1024x1024_grid)
  shape 1024: regs/thd=47, shmem=49152 B, max_thd_per_block=1024
loaded hexa-6stage PTX shape 1536 (sgemm_6stage_1536x1536_grid)
  shape 1536: regs/thd=47, shmem=49152 B, max_thd_per_block=1024
[M= 256] cuBLAS HGEMM            median=0.006720 ms  std=0.000992  min=0.004832  max=0.013920  TFLOPS=  4.9932
[M= 256] hexa-6stage HGEMM     median=0.013440 ms  std=0.000696  min=0.012416  max=0.015904  TFLOPS=  2.4966  ratio=0.5000  maxabs=0.0000  maxrel=0.0000
[M= 384] cuBLAS HGEMM            median=0.006752 ms  std=0.001476  min=0.006464  max=0.015968  TFLOPS= 16.7722
[M= 384] hexa-6stage HGEMM     median=0.018016 ms  std=0.000609  min=0.017184  max=0.020064  TFLOPS=  6.2859  ratio=0.3748  maxabs=0.0000  maxrel=0.0000
[M= 512] cuBLAS HGEMM            median=0.010832 ms  std=0.000533  min=0.009824  max=0.015904  TFLOPS= 24.7817
[M= 512] hexa-6stage HGEMM     median=0.023472 ms  std=0.000670  min=0.021760  max=0.028224  TFLOPS= 11.4364  ratio=0.4615  maxabs=0.0000  maxrel=0.0000
[M= 768] cuBLAS HGEMM            median=0.019040 ms  std=0.000229  min=0.016576  max=0.019552  TFLOPS= 47.5824
[M= 768] hexa-6stage HGEMM     median=0.032656 ms  std=0.000596  min=0.031488  max=0.034400  TFLOPS= 27.7428  ratio=0.5830  maxabs=0.0000  maxrel=0.0000
[M=1024] cuBLAS HGEMM            median=0.039520 ms  std=0.000629  min=0.037888  max=0.042560  TFLOPS= 54.3392
[M=1024] hexa-6stage HGEMM     median=0.082272 ms  std=0.000629  min=0.080960  max=0.084576  TFLOPS= 26.1022  ratio=0.4804  maxabs=0.0000  maxrel=0.0000
[M=1536] cuBLAS HGEMM            median=0.108832 ms  std=0.001016  min=0.106752  max=0.110144  TFLOPS= 66.5958
[M=1536] hexa-6stage HGEMM     median=0.177216 ms  std=0.000633  min=0.175232  max=0.178720  TFLOPS= 40.8979  ratio=0.6141  maxabs=0.0000  maxrel=0.0000
