=== shape 256 (sgemm_6stage_256x256_grid) ===


shape 256 cuFuncGetAttribute: regs/thd=47, shmem=49152 B, max_thd_per_block=1024

=== shape 384 (sgemm_6stage_384x384_grid) ===


shape 384 cuFuncGetAttribute: regs/thd=47, shmem=49152 B, max_thd_per_block=1024

=== shape 512 (sgemm_6stage_512x512_grid) ===


shape 512 cuFuncGetAttribute: regs/thd=47, shmem=49152 B, max_thd_per_block=1024

=== shape 768 (sgemm_6stage_768x768_grid) ===


shape 768 cuFuncGetAttribute: regs/thd=47, shmem=49152 B, max_thd_per_block=1024

=== shape 1024 (sgemm_6stage_1024x1024_grid) ===


shape 1024 cuFuncGetAttribute: regs/thd=47, shmem=49152 B, max_thd_per_block=1024

=== shape 1536 (sgemm_6stage_1536x1536_grid) ===


shape 1536 cuFuncGetAttribute: regs/thd=47, shmem=49152 B, max_thd_per_block=1024

=== ptxas -v sm_90 shape 256 ===
ptxas info    : 0 bytes gmem
ptxas info    : Compiling entry function 'sgemm_6stage_256x256_grid' for 'sm_90'
ptxas info    : Function properties for sgemm_6stage_256x256_grid
    0 bytes stack frame, 0 bytes spill stores, 0 bytes spill loads
ptxas info    : Used 48 registers, 49152 bytes smem

=== ptxas -v sm_90 shape 384 ===
ptxas info    : 0 bytes gmem
ptxas info    : Compiling entry function 'sgemm_6stage_384x384_grid' for 'sm_90'
ptxas info    : Function properties for sgemm_6stage_384x384_grid
    0 bytes stack frame, 0 bytes spill stores, 0 bytes spill loads
ptxas info    : Used 48 registers, 49152 bytes smem

=== ptxas -v sm_90 shape 512 ===
ptxas info    : 0 bytes gmem
ptxas info    : Compiling entry function 'sgemm_6stage_512x512_grid' for 'sm_90'
ptxas info    : Function properties for sgemm_6stage_512x512_grid
    0 bytes stack frame, 0 bytes spill stores, 0 bytes spill loads
ptxas info    : Used 48 registers, 49152 bytes smem

=== ptxas -v sm_90 shape 768 ===
ptxas info    : 0 bytes gmem
ptxas info    : Compiling entry function 'sgemm_6stage_768x768_grid' for 'sm_90'
ptxas info    : Function properties for sgemm_6stage_768x768_grid
    0 bytes stack frame, 0 bytes spill stores, 0 bytes spill loads
ptxas info    : Used 48 registers, 49152 bytes smem

=== ptxas -v sm_90 shape 1024 ===
ptxas info    : 0 bytes gmem
ptxas info    : Compiling entry function 'sgemm_6stage_1024x1024_grid' for 'sm_90'
ptxas info    : Function properties for sgemm_6stage_1024x1024_grid
    0 bytes stack frame, 0 bytes spill stores, 0 bytes spill loads
ptxas info    : Used 48 registers, 49152 bytes smem

=== ptxas -v sm_90 shape 1536 ===
ptxas info    : 0 bytes gmem
ptxas info    : Compiling entry function 'sgemm_6stage_1536x1536_grid' for 'sm_90'
ptxas info    : Function properties for sgemm_6stage_1536x1536_grid
    0 bytes stack frame, 0 bytes spill stores, 0 bytes spill loads
ptxas info    : Used 48 registers, 49152 bytes smem

