=== Apple M4 baseline fire ===
2026-05-21T16:52:00Z
machdep.cpu.brand_string: Apple M4
hw.ncpu: 10
26.5
Apple metal version 32023.883 (metalfe-32023.883)
Target: air64-apple-darwin25.5.0
Thread model: posix
InstalledDir: /private/var/run/com.apple.security.cryptexd/mnt/com.apple.MobileAsset.MetalToolchain-v17.6.42.0.YiSwwR/Metal.xctoolchain/usr/metal/current/bin

--- Compiling vec_add ---
-rw-r--r--  1 mini  staff  3728 May 22 01:52 vec_add.air
-rw-r--r--  1 mini  staff  3933 May 22 01:52 vec_add.metallib

--- Compiling simdgroup_matmul_64x64 ---
-rw-r--r--  1 mini  staff   8000 May 22 01:52 simdgroup_matmul_64x64_tg.air
-rw-r--r--  1 mini  staff  12577 May 22 01:52 simdgroup_matmul_64x64_tg.metallib

--- Compiling Swift hosts ---
-rwxr-xr-x  1 mini  staff  102312 May 22 01:52 host_64x64
-rwxr-xr-x  1 mini  staff   80704 May 22 01:52 host_vec_add

=== Firing vec_add (FP32 bandwidth) ===
device_name=Apple M4
registry_id=4294968657
max_threads_per_threadgroup=1024x1024x1024
max_threadgroup_memory_length=32768
pipe tew=32 max=1024
vec_add  N=  65536  median=0.0071ms  GB/s=110.376  GFLOPS=9.198  max|d|=0.000e+00  PASS
vec_add  N= 262144  median=0.0205ms  GB/s=153.139  GFLOPS=12.762  max|d|=0.000e+00  PASS
vec_add  N=1048576  median=0.1238ms  GB/s=101.680  GFLOPS=8.473  max|d|=0.000e+00  PASS
vec_add  N=4194304  median=0.5028ms  GB/s=100.104  GFLOPS=8.342  max|d|=0.000e+00  PASS
F-RFC075-METAL-M4-BASELINE: PASS
PEAK_GB_PER_S=153.14 @ N=262144
M3_BASELINE_1OP_PEAK=34.91 GB/s
M4_OVER_M3_RATIO=4.387x

=== Firing simdgroup_matmul_64x64 (FP16 MMA + FP32 accum) ===
device_name=Apple M4
registry_id=4294968657
max_threads_per_threadgroup=1024x1024x1024
max_threadgroup_memory_length=32768
pipe64    tew=32    max=1024   stat_threadgroup_memory_length=8192
pipe64db  tew=32  max=1024 stat_threadgroup_memory_length=16384
simdgroup_matmul_64x64_tg         M=256 N=256 K=256  median=0.0491ms  GFLOPS=683.04  max|d|=0.000e+00  rel=0.000e+00  PASS
simdgroup_matmul_64x64_tg_db      M=256 N=256 K=256  median=0.0482ms  GFLOPS=695.43  max|d|=0.000e+00  rel=0.000e+00  PASS
simdgroup_matmul_64x64_tg         M=512 N=512 K=512  median=0.3264ms  GFLOPS=822.48  max|d|=0.000e+00  rel=0.000e+00  PASS
simdgroup_matmul_64x64_tg_db      M=512 N=512 K=512  median=0.3034ms  GFLOPS=884.71  max|d|=0.000e+00  rel=0.000e+00  PASS
simdgroup_matmul_64x64_tg         M=768 N=768 K=768  median=0.5255ms  GFLOPS=1724.15  max|d|=0.000e+00  rel=0.000e+00  PASS
simdgroup_matmul_64x64_tg_db      M=768 N=768 K=768  median=0.4926ms  GFLOPS=1839.07  max|d|=0.000e+00  rel=0.000e+00  PASS
simdgroup_matmul_64x64_tg         M=1024 N=1024 K=1024  median=1.2465ms  GFLOPS=1722.87  max|d|=0.000e+00  rel=0.000e+00  PASS
simdgroup_matmul_64x64_tg_db      M=1024 N=1024 K=1024  median=1.1556ms  GFLOPS=1858.35  max|d|=0.000e+00  rel=0.000e+00  PASS
simdgroup_matmul_64x64_tg         M=1536 N=1536 K=1536  median=4.3280ms  GFLOPS=1674.62  max|d|=0.000e+00  rel=0.000e+00  PASS
simdgroup_matmul_64x64_tg_db      M=1536 N=1536 K=1536  median=3.9123ms  GFLOPS=1852.58  max|d|=0.000e+00  rel=0.000e+00  PASS
simdgroup_matmul_64x64_tg         M=2048 N=2048 K=2048  median=10.3839ms  GFLOPS=1654.48  max|d|=0.000e+00  rel=0.000e+00  PASS
simdgroup_matmul_64x64_tg_db      M=2048 N=2048 K=2048  median=9.3985ms  GFLOPS=1827.94  max|d|=0.000e+00  rel=0.000e+00  PASS
F-RFC075-METAL-SIMDGROUP-64X64-NUMERIC-EQ: PASS
PEAK_64X64_GFLOPS=1858.35 (best of single + db, across shape sweep)
PEAK_64X64_SINGLE=1724.15 @ M=768
PEAK_64X64_DB=1858.35 @ M=1024
VS_N30_RATIO=1.883x (N30 peak = 986.97 GFLOPS)
VS_MPS_RATIO=1.091x (MPS peak = 1702.75 GFLOPS)
GAP_CLOSURE_VS_MPS=121.7%
MAX_REL_ERR_OVERALL=0.000e+00 (gate < 1e-4)

=== Done ===
2026-05-21T16:52:18Z
