device_name=Apple M3
registry_id=4294968442
max_threads_per_threadgroup=1024x1024x1024
max_threadgroup_memory_length=32768
pipeV1  tew=32  max=1024  stat_tg_mem=20480
pipeV2  tew=32  max=1024  stat_tg_mem=16384
pipeV3  tew=32  max=1024  stat_tg_mem=20480
simdgroup_matmul_96x64_tg_db          M=256 N=256 K=256  median=0.1636ms  GFLOPS=205.07  max|d|=0.000e+00  rel=0.000e+00  PASS
simdgroup_matmul_64x64_kunroll2       M=256 N=256 K=256  median=0.1155ms  GFLOPS=290.51  max|d|=0.000e+00  rel=0.000e+00  PASS
simdgroup_matmul_96x64_kunroll2       M=256 N=256 K=256  median=0.1660ms  GFLOPS=202.14  max|d|=0.000e+00  rel=0.000e+00  PASS
simdgroup_matmul_96x64_tg_db          M=512 N=512 K=512  median=0.3301ms  GFLOPS=813.24  max|d|=0.000e+00  rel=0.000e+00  PASS
simdgroup_matmul_64x64_kunroll2       M=512 N=512 K=512  median=0.2706ms  GFLOPS=992.06  max|d|=0.000e+00  rel=0.000e+00  PASS
simdgroup_matmul_96x64_kunroll2       M=512 N=512 K=512  median=0.3460ms  GFLOPS=775.83  max|d|=0.000e+00  rel=0.000e+00  PASS
simdgroup_matmul_96x64_tg_db          M=768 N=768 K=768  median=1.2768ms  GFLOPS=709.54  max|d|=0.000e+00  rel=0.000e+00  PASS
simdgroup_matmul_64x64_kunroll2       M=768 N=768 K=768  median=1.0580ms  GFLOPS=856.27  max|d|=0.000e+00  rel=0.000e+00  PASS
simdgroup_matmul_96x64_kunroll2       M=768 N=768 K=768  median=1.0534ms  GFLOPS=860.06  max|d|=0.000e+00  rel=0.000e+00  PASS
simdgroup_matmul_96x64_tg_db          M=1024 N=1024 K=1024  median=1.4252ms  GFLOPS=1506.79  max|d|=0.000e+00  rel=0.000e+00  PASS
simdgroup_matmul_64x64_kunroll2       M=1024 N=1024 K=1024  median=1.3804ms  GFLOPS=1555.72  max|d|=0.000e+00  rel=0.000e+00  PASS
simdgroup_matmul_96x64_kunroll2       M=1024 N=1024 K=1024  median=1.5333ms  GFLOPS=1400.61  max|d|=0.000e+00  rel=0.000e+00  PASS
simdgroup_matmul_96x64_tg_db          M=1536 N=1536 K=1536  median=4.8260ms  GFLOPS=1501.83  max|d|=0.000e+00  rel=0.000e+00  PASS
simdgroup_matmul_64x64_kunroll2       M=1536 N=1536 K=1536  median=4.6708ms  GFLOPS=1551.71  max|d|=0.000e+00  rel=0.000e+00  PASS
simdgroup_matmul_96x64_kunroll2       M=1536 N=1536 K=1536  median=5.2416ms  GFLOPS=1382.73  max|d|=0.000e+00  rel=0.000e+00  PASS
simdgroup_matmul_96x64_tg_db          M=2048 N=2048 K=2048  median=12.2441ms  GFLOPS=1403.11  max|d|=0.000e+00  rel=0.000e+00  PASS
simdgroup_matmul_64x64_kunroll2       M=2048 N=2048 K=2048  median=11.3531ms  GFLOPS=1513.23  max|d|=0.000e+00  rel=0.000e+00  PASS
simdgroup_matmul_96x64_kunroll2       M=2048 N=2048 K=2048  median=13.0738ms  GFLOPS=1314.07  max|d|=0.000e+00  rel=0.000e+00  PASS
F-RFC075-METAL-96X64-KUNROLL-NUMERIC-EQ: PASS
PEAK_OVERALL_GFLOPS=1555.72
PEAK_V1_96X64_DB=1506.79 @ M=1024
PEAK_V2_64X64_KUNROLL2=1555.72 @ M=1024
PEAK_V3_96X64_KUNROLL2=1400.61 @ M=1024
VS_N37_RATIO=1.024x  (N37 peak = 1518.73 GFLOPS)
VS_MPS_RATIO=0.914x  (MPS peak = 1702.75 GFLOPS)
GAP_CLOSURE_FROM_N37_TO_MPS=20.1%
HIT_MPS_OR_ABOVE=false
MAX_REL_ERR_OVERALL=0.000e+00 (gate < 1e-4)
