F-FUSION-ATTN-WMMA-WALL -- round 2 of 3 (codegen + ptxas-clean + $0 oracle) -- 2026-05-25
========================================================================================
GPU sec10 moat: Tensor-Core fused flash-attention. The successor to round-1's
naive-scalar kernel (archive/fires/fusion_attention_flash_2026_05_25/) which lost
the wall 1.4-1.5x because its inner GEMMs were scalar fma loops. This round puts
both inner GEMMs (QK^T and P.V) on Tensor Cores via wmma.mma.sync m16n16k16
(f16 mul, f32 acc) with the S tile resident in SHARED MEMORY (never to HBM).

THIS ROUND = codegen + ptxas-clean (3 arches) + $0 structural oracle. The timed
silicon wall (clause b) is DEFERRED to round 3 -- the parent runs timed fires
serially to avoid GPU contention. ptxas (compilation) + a non-launching JIT-load
probe are NOT timed perf runs.

HOST    : ubu-2  NVIDIA GeForce RTX 5070 (sm_120, driver 580)
TOOLS   : ptxas/nvcc CUDA 12.0 V12.0.140
CONTEND : nvidia-smi at probe time -> GPU 0% util, 5 MiB used (clean). NO timed
          run taken this round (load probe + ptxas only).

ARTIFACTS
  flash_attn_wmma.ptx          hand-emit Tensor-Core fused flash-attn (.target sm_90, pure ASCII)
  flash_attn_wmma.sm80.ptx     sm_80 target variant (.target sm_80, .version 7.0)
  jit_load_probe.c             driver-JIT sm_120 LOAD probe (no launch, no timing)
  structural_oracle.hexa       $0 compiled-hexa structural + Tensor-Core oracle
  fa_wmma_host.c               ROUND-3 fused launcher (f64 ref + cuEvent 20+200) -- READY, not run
  fa_cublas_tc_baseline.c      ROUND-3 cuBLAS TENSOR_OP 3-launch baseline (cuEvent) -- READY, not run

KERNEL DESIGN
  d=64, BM=16 query rows/block, BN=16 key rows/tile. 1 block = 1 warp (32 thd).
  grid.x = N/16. Each block streams all N/16 key tiles with online softmax.
  QK^T : 4 wmma K-tiles (d=64) -> S[16x16] f32 acc -> scale -> wmma.store.d to
         SHARED s_tile (f32). mma.row.col (A=Q row, B=K col = K^T).
  softmax: lanes 0..15 own one S row each; running max+sum in shared; P written
         as f16 to shared p_tile; running O tile rescaled by c in shared.
  P.V  : load P (shared, row f16) once; 4 wmma over V (global, row f16) -> 4 O
         partials -> added into shared o_tile (mma.row.row).
  finalize: o_tile[i]/l[i] -> f16 -> ONE global store (the only HBM write).

PTXAS-CLEAN (verbatim)
  pure-ASCII (0 non-ascii bytes)
  ptxas -arch=sm_80 flash_attn_wmma.sm80.ptx -> rc=0  (48 regs, 5824 B smem, 0 spill, 392 B cmem)
  ptxas -arch=sm_90 flash_attn_wmma.ptx      -> rc=0  (48 regs, 5824 B smem, 0 spill)
  driver-JIT sm_120 (cuModuleLoadDataEx, CU_JIT_TARGET_FROM_CUCONTEXT) -> rc=0
    entry flash_attn_wmma resolved: 48 regs, 5824 bytes static smem

FOOTPRINT vs RTX 5070 ENVELOPE (GPU.md sec1f caps telemetry)
  48 regs/thread   (envelope 65536/block, 65536/SM -- fits)
  5824 B smem/block (envelope 49152 B/block = 11.8%, 102400 B/SM -- fits)
  0 spill. S tile (1024 B) + O tile (4096 B) resident in smem, never HBM.

STRUCTURAL ORACLE (compiled-hexa, deterministic, no GPU) -- VERBATIM
  hexa verify (g5) BROKEN on both ubu hosts -> compiled-hexa per task brief.
  launches: fused 1   vs   baseline 3
  S-HBM   : fused 0 B vs   baseline 4*N^2*4 B (67108864 B @ N=2048)
  ratio   : 4xR(512,64)=37  4xR(2048,64)=133  4xR(4096,64)=261  (R = 1.25 + N/d)
  wmma.mma.sync (inner GEMMs): round3=5  round1=0
  STRUCTURAL-MOAT-PRESERVED: PASS
  TENSOR-CORE-INNER-GEMM: PASS
  F-FUSION-ATTN-WMMA structural clause: PASS

STATIC PTX ORACLE (ground truth)
  wmma.mma.sync x6 (1 QK^T row.col header + 4 P.V row.row + multi-line header)
    -> 5 distinct mma instructions, BOTH inner GEMMs on Tensor Cores.
  st.global x1 -> ONLY the final O write. S uses wmma.store.d ...shared.f32 (x5).
    => S NEVER touches HBM. Structural moat preserved.

VERDICT (g3 honest)
  clause(a) codegen + ptxas-clean (3 arches) + structural moat + Tensor-Core
            inner GEMMs : PASS -> BLUE SUPPORTED-FORMAL
  clause(b) WALL >=30%  : DEFERRED-to-round-3. NOT claimed won. Round 1 proved
            structural != wall; only a real timed fire settles it. Harness ready.
  sec10 box "Whole-program-fusion >=30%": already [x] (launch-amort PR #1028) --
            NOT touched. This GEMM-fusion (attention) axis needs the round-3
            timed Tensor-Core wall to win its OWN wall.

ROUND-3 PLAN
  ubu-2 RTX 5070 uncontended, serial:
    ./fa_wmma_host flash_attn_wmma.ptx N    (fused, prints numeric + median_ms)
    ./fa_cublas_tc_baseline N                (cuBLAS TENSOR_OP, prints median_ms)
  for N in {512,1024,2048,4096}, d=64. Win = baseline_ms / fused_ms >= 1.30.
  Numeric clause: fused vs f64 CPU ref rel-err <= 1e-2 (f16-mul-f32-acc bound).

INVARIANTS
  @F f1 no LLVM. @F f2 no C-transpile changes. compiler/codegen/*.hexa UNTOUCHED
  (hand-emit PTX following RFC 067 WMMA cookbook + _nvptx_wmma_mnemonic family).
  CPU codegen MD5 preserved: x86_64_linux.hexa b50a2a3c8ab0ba0802bcc7b4c0419992 ;
  arm64_darwin.hexa b0a397dc45547de06acc4fdc598bb859. nvptx_target.hexa unchanged
  from origin/main.
