Device: NVIDIA GeForce RTX 5070 sm_120
CUDA driver=13000 runtime=12090
loaded N201 PTX shape 512 (sgemm_tma_sw128_512x512_grid)
  shape 512: regs/thd=66, shmem=16400 B, max_thd_per_block=896
loaded N201 PTX shape 1024 (sgemm_tma_sw128_1024x1024_grid)
  shape 1024: regs/thd=66, shmem=16400 B, max_thd_per_block=896
loaded N201 PTX shape 2048 (sgemm_tma_sw128_2048x2048_grid)
  shape 2048: regs/thd=66, shmem=16400 B, max_thd_per_block=896
loaded N201 PTX shape 4096 (sgemm_tma_sw128_4096x4096_grid)
  shape 4096: regs/thd=66, shmem=16400 B, max_thd_per_block=896
loaded N201 PTX shape 6144 (sgemm_tma_sw128_6144x6144_grid)
  shape 6144: regs/thd=66, shmem=16400 B, max_thd_per_block=896
loaded N201 PTX shape 8192 (sgemm_tma_sw128_8192x8192_grid)
  shape 8192: regs/thd=66, shmem=16400 B, max_thd_per_block=896
Device VRAM free=11579.06 MB total=11772.44 MB
[M= 512] allocating 3.00 MB device memory
[M= 512] cuBLAS HGEMM             median=0.011552 ms  TFLOPS= 23.2371
[M= 512] sanity max|hexa-cuBLAS|=0.0000 maxrel=0.000000 (cuBLAS max|C|=33.0312)
[M= 512] N201 TMA-SWIZZLE128 median=0.011552 ms TFLOPS= 23.2371 ratio=1.0000 maxabs=0.0000 CTAs=64 regs=66 shmem=16400
[M=1024] allocating 12.00 MB device memory
[M=1024] cuBLAS HGEMM             median=0.040224 ms  TFLOPS= 53.3881
[M=1024] sanity max|hexa-cuBLAS|=0.0000 maxrel=0.000000 (cuBLAS max|C|=66.0352)
[M=1024] N201 TMA-SWIZZLE128 median=0.044320 ms TFLOPS= 48.4541 ratio=0.9076 maxabs=0.0000 CTAs=256 regs=66 shmem=16400
[M=2048] allocating 48.00 MB device memory
[M=2048] cuBLAS HGEMM             median=0.257280 ms  TFLOPS= 66.7750
[M=2048] sanity max|hexa-cuBLAS|=0.0000 maxrel=0.000000 (cuBLAS max|C|=132.0312)
[M=2048] N201 TMA-SWIZZLE128 median=0.269600 ms TFLOPS= 63.7235 ratio=0.9543 maxabs=0.0000 CTAs=1024 regs=66 shmem=16400
[M=4096] allocating 192.00 MB device memory
[M=4096] cuBLAS HGEMM             median=1.962944 ms  TFLOPS= 70.0167
[M=4096] sanity max|hexa-cuBLAS|=0.0000 maxrel=0.000000 (cuBLAS max|C|=264.0352)
[M=4096] N201 TMA-SWIZZLE128 median=2.020032 ms TFLOPS= 68.0380 ratio=0.9717 maxabs=0.0000 CTAs=4096 regs=66 shmem=16400
[M=6144] allocating 432.00 MB device memory
[M=6144] cuBLAS HGEMM             median=6.551456 ms  TFLOPS= 70.8020
[M=6144] sanity max|hexa-cuBLAS|=0.0000 maxrel=0.000000 (cuBLAS max|C|=396.0000)
[M=6144] N201 TMA-SWIZZLE128 median=6.737536 ms TFLOPS= 68.8466 ratio=0.9724 maxabs=0.0000 CTAs=16384 regs=66 shmem=16400
[M=8192] allocating 768.00 MB device memory
[M=8192] cuBLAS HGEMM             median=15.525648 ms  TFLOPS= 70.8190
[M=8192] sanity max|hexa-cuBLAS|=0.0000 maxrel=0.000000 (cuBLAS max|C|=528.0312)
[M=8192] N201 TMA-SWIZZLE128 median=15.883008 ms TFLOPS= 69.2257 ratio=0.9775 maxabs=0.0000 CTAs=16384 regs=66 shmem=16400
