0 %, 0 MiB
0 %, 0 MiB
0 %, 0 MiB
0 %, 0 MiB
0 %, 0 MiB
0 %, 0 MiB
0 %, 0 MiB
0 %, 0 MiB
0 %, 0 MiB
0 %, 0 MiB
0 %, 0 MiB
0 %, 0 MiB
0 %, 0 MiB
0 %, 0 MiB
0 %, 0 MiB
0 %, 0 MiB
0 %, 0 MiB
0 %, 0 MiB
0 %, 0 MiB
0 %, 0 MiB
0 %, 0 MiB
0 %, 0 MiB
0 %, 0 MiB
0 %, 0 MiB
0 %, 0 MiB
0 %, 0 MiB
0 %, 0 MiB
0 %, 0 MiB
0 %, 0 MiB
0 %, 0 MiB
0 %, 0 MiB
0 %, 0 MiB
0 %, 0 MiB
0 %, 0 MiB
0 %, 0 MiB
0 %, 0 MiB
0 %, 0 MiB
0 %, 0 MiB
0 %, 0 MiB
0 %, 0 MiB
0 %, 0 MiB
0 %, 0 MiB
0 %, 0 MiB
0 %, 0 MiB
0 %, 0 MiB
0 %, 0 MiB
0 %, 0 MiB
0 %, 0 MiB
0 %, 0 MiB
0 %, 0 MiB
0 %, 0 MiB
0 %, 0 MiB
0 %, 0 MiB
0 %, 0 MiB
0 %, 0 MiB
0 %, 0 MiB
0 %, 0 MiB
0 %, 0 MiB
0 %, 0 MiB
0 %, 0 MiB
0 %, 0 MiB
0 %, 0 MiB
0 %, 0 MiB
0 %, 0 MiB
0 %, 0 MiB
0 %, 0 MiB
0 %, 0 MiB
0 %, 0 MiB
0 %, 0 MiB
0 %, 0 MiB
0 %, 0 MiB
0 %, 0 MiB
0 %, 0 MiB
0 %, 0 MiB
0 %, 0 MiB
0 %, 0 MiB
0 %, 0 MiB
0 %, 0 MiB
0 %, 0 MiB
0 %, 0 MiB
0 %, 0 MiB
0 %, 0 MiB
0 %, 0 MiB
0 %, 0 MiB
0 %, 0 MiB
0 %, 0 MiB
0 %, 0 MiB
0 %, 0 MiB
0 %, 0 MiB
0 %, 1 MiB
0 %, 4 MiB
0 %, 4 MiB
0 %, 4 MiB
0 %, 22 MiB
0 %, 23 MiB
0 %, 527 MiB
0 %, 609 MiB
0 %, 609 MiB
0 %, 609 MiB
0 %, 609 MiB
0 %, 623 MiB
0 %, 623 MiB
0 %, 623 MiB
0 %, 637 MiB
0 %, 637 MiB
0 %, 637 MiB
0 %, 651 MiB
0 %, 651 MiB
0 %, 651 MiB
0 %, 665 MiB
0 %, 665 MiB
0 %, 665 MiB
0 %, 679 MiB
0 %, 679 MiB
0 %, 679 MiB
0 %, 693 MiB
0 %, 693 MiB
0 %, 693 MiB
0 %, 707 MiB
0 %, 707 MiB
0 %, 707 MiB
0 %, 721 MiB
0 %, 721 MiB
0 %, 721 MiB
0 %, 721 MiB
0 %, 735 MiB
0 %, 735 MiB
0 %, 735 MiB
0 %, 749 MiB
0 %, 749 MiB
0 %, 749 MiB
0 %, 763 MiB
0 %, 763 MiB
0 %, 763 MiB
0 %, 777 MiB
0 %, 777 MiB
0 %, 777 MiB
0 %, 791 MiB
0 %, 791 MiB
0 %, 791 MiB
0 %, 805 MiB
0 %, 805 MiB
0 %, 805 MiB
0 %, 819 MiB
0 %, 819 MiB
0 %, 819 MiB
0 %, 819 MiB
0 %, 833 MiB
0 %, 833 MiB
0 %, 833 MiB
0 %, 847 MiB
0 %, 847 MiB
0 %, 847 MiB
0 %, 863 MiB
0 %, 863 MiB
0 %, 863 MiB
0 %, 863 MiB
0 %, 877 MiB
0 %, 877 MiB
0 %, 877 MiB
0 %, 891 MiB
0 %, 891 MiB
0 %, 891 MiB
0 %, 905 MiB
0 %, 905 MiB
0 %, 905 MiB
0 %, 905 MiB
0 %, 919 MiB
0 %, 919 MiB
0 %, 919 MiB
0 %, 933 MiB
0 %, 933 MiB
0 %, 933 MiB
0 %, 933 MiB
0 %, 949 MiB
0 %, 949 MiB
0 %, 949 MiB
0 %, 949 MiB
0 %, 949 MiB
0 %, 949 MiB
0 %, 949 MiB
0 %, 949 MiB
0 %, 949 MiB
0 %, 949 MiB
0 %, 949 MiB
0 %, 949 MiB
0 %, 949 MiB
0 %, 949 MiB
0 %, 949 MiB
0 %, 949 MiB
0 %, 949 MiB
0 %, 949 MiB
0 %, 949 MiB
0 %, 949 MiB
0 %, 949 MiB
0 %, 949 MiB
0 %, 949 MiB
0 %, 949 MiB
0 %, 949 MiB
0 %, 949 MiB
0 %, 949 MiB
0 %, 949 MiB
0 %, 949 MiB
0 %, 949 MiB
0 %, 949 MiB
0 %, 949 MiB
0 %, 949 MiB
0 %, 949 MiB
0 %, 949 MiB
0 %, 949 MiB
0 %, 949 MiB
0 %, 949 MiB
0 %, 949 MiB
0 %, 949 MiB
0 %, 949 MiB
0 %, 949 MiB
0 %, 949 MiB
0 %, 949 MiB
0 %, 949 MiB
0 %, 949 MiB
0 %, 949 MiB
0 %, 949 MiB
0 %, 949 MiB
0 %, 949 MiB
0 %, 949 MiB
0 %, 949 MiB
0 %, 949 MiB
0 %, 949 MiB
0 %, 949 MiB
0 %, 949 MiB
0 %, 949 MiB
0 %, 949 MiB
0 %, 949 MiB
0 %, 949 MiB
0 %, 949 MiB
0 %, 949 MiB
0 %, 949 MiB
0 %, 949 MiB
0 %, 949 MiB
0 %, 949 MiB
0 %, 949 MiB
0 %, 949 MiB
0 %, 949 MiB
0 %, 949 MiB
0 %, 949 MiB
0 %, 949 MiB
0 %, 949 MiB
0 %, 949 MiB
0 %, 949 MiB
0 %, 949 MiB
0 %, 949 MiB
0 %, 949 MiB
0 %, 949 MiB
0 %, 949 MiB
0 %, 949 MiB
0 %, 949 MiB
0 %, 949 MiB
0 %, 949 MiB
0 %, 949 MiB
0 %, 949 MiB
0 %, 949 MiB
0 %, 949 MiB
0 %, 949 MiB
0 %, 949 MiB
0 %, 949 MiB
0 %, 949 MiB
0 %, 949 MiB
0 %, 949 MiB
0 %, 949 MiB
0 %, 949 MiB
0 %, 949 MiB
0 %, 949 MiB
0 %, 949 MiB
0 %, 949 MiB
0 %, 949 MiB
0 %, 949 MiB
0 %, 949 MiB
0 %, 949 MiB
0 %, 949 MiB
0 %, 949 MiB
0 %, 949 MiB
0 %, 949 MiB
0 %, 949 MiB
0 %, 949 MiB
0 %, 949 MiB
0 %, 949 MiB
0 %, 949 MiB
0 %, 949 MiB
0 %, 949 MiB
0 %, 949 MiB
0 %, 949 MiB
0 %, 949 MiB
0 %, 949 MiB
0 %, 949 MiB
0 %, 949 MiB
0 %, 949 MiB
0 %, 949 MiB
0 %, 949 MiB
0 %, 949 MiB
0 %, 949 MiB
0 %, 949 MiB
0 %, 949 MiB
0 %, 949 MiB
0 %, 949 MiB
0 %, 949 MiB
0 %, 949 MiB
0 %, 949 MiB
0 %, 949 MiB
0 %, 949 MiB
0 %, 949 MiB
0 %, 949 MiB
0 %, 949 MiB
0 %, 949 MiB
0 %, 949 MiB
0 %, 949 MiB
0 %, 949 MiB
0 %, 949 MiB
0 %, 949 MiB
0 %, 949 MiB
0 %, 949 MiB
0 %, 949 MiB
0 %, 949 MiB
0 %, 949 MiB
0 %, 949 MiB
0 %, 949 MiB
0 %, 949 MiB
0 %, 949 MiB
0 %, 949 MiB
0 %, 949 MiB
0 %, 949 MiB
0 %, 949 MiB
0 %, 949 MiB
0 %, 949 MiB
0 %, 949 MiB
0 %, 949 MiB
0 %, 949 MiB
0 %, 949 MiB
0 %, 949 MiB
0 %, 949 MiB
0 %, 949 MiB
0 %, 949 MiB
0 %, 949 MiB
0 %, 949 MiB
0 %, 949 MiB
0 %, 949 MiB
0 %, 949 MiB
0 %, 949 MiB
0 %, 949 MiB
0 %, 949 MiB
0 %, 949 MiB
0 %, 949 MiB
0 %, 949 MiB
0 %, 949 MiB
0 %, 949 MiB
0 %, 949 MiB
0 %, 949 MiB
0 %, 949 MiB
0 %, 949 MiB
0 %, 949 MiB
0 %, 949 MiB
0 %, 949 MiB
0 %, 949 MiB
0 %, 949 MiB
0 %, 949 MiB
0 %, 949 MiB
0 %, 949 MiB
0 %, 949 MiB
0 %, 949 MiB
0 %, 949 MiB
0 %, 949 MiB
0 %, 949 MiB
0 %, 949 MiB
0 %, 949 MiB
0 %, 949 MiB
0 %, 949 MiB
0 %, 949 MiB
0 %, 949 MiB
0 %, 949 MiB
0 %, 949 MiB
0 %, 949 MiB
0 %, 949 MiB
0 %, 949 MiB
0 %, 949 MiB
0 %, 949 MiB
0 %, 949 MiB
0 %, 949 MiB
0 %, 949 MiB
0 %, 949 MiB
0 %, 949 MiB
0 %, 949 MiB
0 %, 949 MiB
0 %, 949 MiB
0 %, 949 MiB
0 %, 949 MiB
0 %, 949 MiB
0 %, 949 MiB
0 %, 949 MiB
0 %, 949 MiB
0 %, 949 MiB
0 %, 949 MiB
0 %, 949 MiB
0 %, 949 MiB
0 %, 949 MiB
0 %, 949 MiB
0 %, 949 MiB
0 %, 949 MiB
0 %, 949 MiB
0 %, 949 MiB
0 %, 949 MiB
0 %, 949 MiB
0 %, 949 MiB
0 %, 949 MiB
0 %, 949 MiB
0 %, 949 MiB
0 %, 949 MiB
0 %, 949 MiB
0 %, 949 MiB
0 %, 949 MiB
0 %, 949 MiB
0 %, 949 MiB
0 %, 949 MiB
0 %, 949 MiB
0 %, 949 MiB
0 %, 949 MiB
0 %, 949 MiB
0 %, 949 MiB
0 %, 949 MiB
0 %, 949 MiB
0 %, 949 MiB
0 %, 949 MiB
0 %, 949 MiB
0 %, 949 MiB
0 %, 949 MiB
0 %, 949 MiB
0 %, 949 MiB
0 %, 949 MiB
0 %, 949 MiB
0 %, 949 MiB
0 %, 949 MiB
0 %, 949 MiB
0 %, 949 MiB
0 %, 949 MiB
0 %, 949 MiB
0 %, 949 MiB
0 %, 949 MiB
0 %, 949 MiB
0 %, 949 MiB
0 %, 949 MiB
0 %, 949 MiB
0 %, 949 MiB
0 %, 949 MiB
0 %, 949 MiB
0 %, 949 MiB
0 %, 949 MiB
0 %, 949 MiB
0 %, 949 MiB
0 %, 949 MiB
0 %, 949 MiB
0 %, 949 MiB
0 %, 949 MiB
0 %, 949 MiB
0 %, 949 MiB
0 %, 949 MiB
0 %, 949 MiB
0 %, 949 MiB
0 %, 949 MiB
0 %, 949 MiB
0 %, 949 MiB
0 %, 949 MiB
0 %, 949 MiB
0 %, 949 MiB
0 %, 949 MiB
0 %, 949 MiB
0 %, 949 MiB
0 %, 949 MiB
0 %, 949 MiB
0 %, 949 MiB
0 %, 949 MiB
0 %, 949 MiB
0 %, 949 MiB
0 %, 949 MiB
0 %, 949 MiB
0 %, 949 MiB
0 %, 949 MiB
0 %, 949 MiB
0 %, 949 MiB
0 %, 949 MiB
0 %, 949 MiB
0 %, 949 MiB
0 %, 949 MiB
0 %, 949 MiB
0 %, 949 MiB
0 %, 949 MiB
0 %, 949 MiB
0 %, 949 MiB
0 %, 949 MiB
0 %, 949 MiB
0 %, 949 MiB
0 %, 949 MiB
0 %, 949 MiB
0 %, 949 MiB
0 %, 949 MiB
0 %, 949 MiB
0 %, 949 MiB
0 %, 949 MiB
0 %, 949 MiB
0 %, 949 MiB
0 %, 949 MiB
0 %, 949 MiB
0 %, 949 MiB
0 %, 949 MiB
0 %, 949 MiB
0 %, 949 MiB
0 %, 949 MiB
0 %, 949 MiB
0 %, 949 MiB
0 %, 949 MiB
0 %, 949 MiB
0 %, 949 MiB
0 %, 949 MiB
0 %, 949 MiB
0 %, 949 MiB
0 %, 949 MiB
0 %, 949 MiB
0 %, 949 MiB
0 %, 949 MiB
0 %, 949 MiB
0 %, 949 MiB
0 %, 949 MiB
0 %, 949 MiB
0 %, 949 MiB
0 %, 949 MiB
0 %, 949 MiB
0 %, 949 MiB
0 %, 949 MiB
0 %, 949 MiB
0 %, 949 MiB
0 %, 949 MiB
0 %, 949 MiB
0 %, 949 MiB
0 %, 949 MiB
0 %, 949 MiB
0 %, 949 MiB
0 %, 949 MiB
0 %, 949 MiB
0 %, 949 MiB
0 %, 949 MiB
0 %, 949 MiB
0 %, 949 MiB
0 %, 949 MiB
0 %, 949 MiB
0 %, 949 MiB
0 %, 949 MiB
0 %, 949 MiB
0 %, 949 MiB
0 %, 949 MiB
0 %, 949 MiB
0 %, 949 MiB
0 %, 949 MiB
0 %, 949 MiB
0 %, 949 MiB
0 %, 949 MiB
0 %, 949 MiB
0 %, 949 MiB
0 %, 949 MiB
0 %, 949 MiB
0 %, 949 MiB
0 %, 949 MiB
0 %, 949 MiB
0 %, 949 MiB
0 %, 949 MiB
0 %, 949 MiB
0 %, 949 MiB
0 %, 949 MiB
0 %, 949 MiB
0 %, 949 MiB
0 %, 949 MiB
0 %, 949 MiB
0 %, 949 MiB
0 %, 949 MiB
0 %, 949 MiB
0 %, 949 MiB
0 %, 949 MiB
0 %, 949 MiB
0 %, 949 MiB
0 %, 949 MiB
0 %, 949 MiB
0 %, 949 MiB
0 %, 949 MiB
0 %, 949 MiB
0 %, 949 MiB
0 %, 949 MiB
0 %, 949 MiB
0 %, 949 MiB
0 %, 949 MiB
0 %, 949 MiB
0 %, 949 MiB
0 %, 949 MiB
0 %, 949 MiB
0 %, 949 MiB
0 %, 949 MiB
0 %, 949 MiB
0 %, 949 MiB
0 %, 949 MiB
0 %, 949 MiB
0 %, 949 MiB
0 %, 949 MiB
0 %, 949 MiB
0 %, 949 MiB
0 %, 949 MiB
0 %, 949 MiB
0 %, 949 MiB
0 %, 949 MiB
0 %, 949 MiB
0 %, 949 MiB
0 %, 949 MiB
0 %, 949 MiB
0 %, 949 MiB
0 %, 949 MiB
0 %, 949 MiB
0 %, 949 MiB
0 %, 949 MiB
0 %, 949 MiB
0 %, 949 MiB
0 %, 949 MiB
0 %, 949 MiB
0 %, 949 MiB
0 %, 949 MiB
0 %, 949 MiB
0 %, 963 MiB
0 %, 963 MiB
0 %, 963 MiB
0 %, 977 MiB
0 %, 977 MiB
0 %, 977 MiB
0 %, 977 MiB
0 %, 991 MiB
0 %, 991 MiB
0 %, 991 MiB
0 %, 1005 MiB
0 %, 1005 MiB
0 %, 1005 MiB
0 %, 1019 MiB
0 %, 1019 MiB
0 %, 1019 MiB
0 %, 1033 MiB
0 %, 1033 MiB
0 %, 1033 MiB
0 %, 1047 MiB
0 %, 1047 MiB
0 %, 1061 MiB
0 %, 1061 MiB
0 %, 1061 MiB
0 %, 1075 MiB
0 %, 1075 MiB
0 %, 1075 MiB
0 %, 1089 MiB
0 %, 1089 MiB
0 %, 1089 MiB
0 %, 1103 MiB
0 %, 1103 MiB
0 %, 1103 MiB
0 %, 1103 MiB
0 %, 1117 MiB
0 %, 1117 MiB
0 %, 1117 MiB
0 %, 1131 MiB
0 %, 1131 MiB
0 %, 1131 MiB
0 %, 1145 MiB
0 %, 1145 MiB
0 %, 1145 MiB
0 %, 1159 MiB
0 %, 1159 MiB
0 %, 1159 MiB
0 %, 1173 MiB
0 %, 1173 MiB
0 %, 1173 MiB
0 %, 1187 MiB
0 %, 1187 MiB
0 %, 1187 MiB
0 %, 1201 MiB
0 %, 1201 MiB
0 %, 1201 MiB
0 %, 1215 MiB
0 %, 1215 MiB
0 %, 1215 MiB
0 %, 1231 MiB
0 %, 1231 MiB
0 %, 1231 MiB
0 %, 1245 MiB
0 %, 1245 MiB
0 %, 1245 MiB
0 %, 1259 MiB
0 %, 1259 MiB
0 %, 1259 MiB
0 %, 1273 MiB
0 %, 1273 MiB
0 %, 1273 MiB
0 %, 1287 MiB
0 %, 1287 MiB
0 %, 1287 MiB
0 %, 1287 MiB
0 %, 1303 MiB
0 %, 1303 MiB
0 %, 1303 MiB
0 %, 1303 MiB
0 %, 1303 MiB
0 %, 1303 MiB
0 %, 1303 MiB
0 %, 1303 MiB
0 %, 1303 MiB
0 %, 1303 MiB
0 %, 1303 MiB
0 %, 1303 MiB
0 %, 1303 MiB
0 %, 1303 MiB
0 %, 1303 MiB
0 %, 1303 MiB
0 %, 1303 MiB
0 %, 1303 MiB
0 %, 1303 MiB
0 %, 1303 MiB
0 %, 1303 MiB
0 %, 1303 MiB
0 %, 1303 MiB
0 %, 1303 MiB
0 %, 1303 MiB
0 %, 1303 MiB
0 %, 1303 MiB
0 %, 1303 MiB
0 %, 1303 MiB
0 %, 1303 MiB
0 %, 1303 MiB
0 %, 1303 MiB
0 %, 1303 MiB
0 %, 1303 MiB
0 %, 1303 MiB
0 %, 1303 MiB
0 %, 1303 MiB
0 %, 1303 MiB
0 %, 1303 MiB
0 %, 1303 MiB
0 %, 1303 MiB
0 %, 1303 MiB
0 %, 1303 MiB
0 %, 1303 MiB
0 %, 1303 MiB
0 %, 1303 MiB
0 %, 1303 MiB
0 %, 1303 MiB
0 %, 1303 MiB
0 %, 1303 MiB
0 %, 1303 MiB
0 %, 1303 MiB
0 %, 1303 MiB
0 %, 1303 MiB
0 %, 1303 MiB
0 %, 1303 MiB
0 %, 1303 MiB
0 %, 1303 MiB
0 %, 1303 MiB
0 %, 1303 MiB
0 %, 1303 MiB
0 %, 1303 MiB
0 %, 1303 MiB
0 %, 1303 MiB
0 %, 1303 MiB
0 %, 1303 MiB
0 %, 1303 MiB
0 %, 1303 MiB
0 %, 1303 MiB
0 %, 1303 MiB
0 %, 1303 MiB
0 %, 1303 MiB
0 %, 1303 MiB
0 %, 1303 MiB
0 %, 1303 MiB
0 %, 1303 MiB
0 %, 1303 MiB
0 %, 1303 MiB
0 %, 1303 MiB
0 %, 1303 MiB
0 %, 1303 MiB
0 %, 1303 MiB
0 %, 1303 MiB
0 %, 1303 MiB
0 %, 1303 MiB
0 %, 1303 MiB
0 %, 1303 MiB
0 %, 1303 MiB
0 %, 1303 MiB
0 %, 1303 MiB
0 %, 1303 MiB
0 %, 1303 MiB
0 %, 1303 MiB
0 %, 1303 MiB
0 %, 1303 MiB
0 %, 1303 MiB
0 %, 1303 MiB
0 %, 1303 MiB
0 %, 1303 MiB
0 %, 1303 MiB
0 %, 1303 MiB
0 %, 1303 MiB
0 %, 1303 MiB
0 %, 1303 MiB
0 %, 1303 MiB
0 %, 1303 MiB
0 %, 1303 MiB
0 %, 1303 MiB
0 %, 1303 MiB
0 %, 1303 MiB
0 %, 1303 MiB
0 %, 1303 MiB
0 %, 1303 MiB
0 %, 1303 MiB
0 %, 1303 MiB
0 %, 1303 MiB
0 %, 1303 MiB
0 %, 1303 MiB
0 %, 1303 MiB
0 %, 1303 MiB
0 %, 1303 MiB
0 %, 1303 MiB
0 %, 1303 MiB
0 %, 1303 MiB
0 %, 1303 MiB
0 %, 1303 MiB
0 %, 1303 MiB
0 %, 1303 MiB
0 %, 1303 MiB
0 %, 1303 MiB
0 %, 1303 MiB
0 %, 1303 MiB
0 %, 1303 MiB
0 %, 1303 MiB
0 %, 1303 MiB
0 %, 1303 MiB
0 %, 1303 MiB
0 %, 1303 MiB
0 %, 1303 MiB
0 %, 1303 MiB
0 %, 1303 MiB
0 %, 1303 MiB
0 %, 1303 MiB
0 %, 1303 MiB
0 %, 1303 MiB
0 %, 1303 MiB
0 %, 1303 MiB
0 %, 1303 MiB
0 %, 1303 MiB
0 %, 1303 MiB
0 %, 1303 MiB
0 %, 1303 MiB
0 %, 1303 MiB
0 %, 1303 MiB
0 %, 1303 MiB
0 %, 1303 MiB
0 %, 1303 MiB
0 %, 1303 MiB
0 %, 1303 MiB
0 %, 1303 MiB
0 %, 1303 MiB
0 %, 1303 MiB
0 %, 1303 MiB
0 %, 1303 MiB
0 %, 1303 MiB
0 %, 1303 MiB
0 %, 1303 MiB
0 %, 1303 MiB
0 %, 1303 MiB
0 %, 1303 MiB
0 %, 1303 MiB
0 %, 1303 MiB
0 %, 1303 MiB
0 %, 1303 MiB
0 %, 1303 MiB
0 %, 1303 MiB
0 %, 1303 MiB
0 %, 1303 MiB
0 %, 1303 MiB
0 %, 1303 MiB
0 %, 1303 MiB
0 %, 1303 MiB
0 %, 1303 MiB
0 %, 1303 MiB
0 %, 1303 MiB
0 %, 1303 MiB
0 %, 1303 MiB
0 %, 1303 MiB
0 %, 1303 MiB
0 %, 1303 MiB
0 %, 1303 MiB
0 %, 1303 MiB
0 %, 1303 MiB
0 %, 1303 MiB
0 %, 1303 MiB
0 %, 1303 MiB
0 %, 1303 MiB
0 %, 1303 MiB
0 %, 1303 MiB
0 %, 1303 MiB
0 %, 1303 MiB
0 %, 1303 MiB
0 %, 1303 MiB
0 %, 1303 MiB
0 %, 1303 MiB
0 %, 1303 MiB
0 %, 1303 MiB
0 %, 1303 MiB
0 %, 1303 MiB
0 %, 1303 MiB
0 %, 1303 MiB
0 %, 1303 MiB
0 %, 1303 MiB
0 %, 1303 MiB
0 %, 1303 MiB
0 %, 1303 MiB
0 %, 1303 MiB
0 %, 1303 MiB
0 %, 1303 MiB
0 %, 1303 MiB
0 %, 1303 MiB
0 %, 1303 MiB
0 %, 1303 MiB
0 %, 1303 MiB
0 %, 1303 MiB
0 %, 1303 MiB
0 %, 1303 MiB
0 %, 1303 MiB
0 %, 1303 MiB
0 %, 1303 MiB
0 %, 1303 MiB
0 %, 1303 MiB
0 %, 1303 MiB
0 %, 1303 MiB
0 %, 1303 MiB
0 %, 1303 MiB
0 %, 1303 MiB
0 %, 1303 MiB
0 %, 1303 MiB
0 %, 1303 MiB
0 %, 1303 MiB
0 %, 1303 MiB
0 %, 1303 MiB
0 %, 1303 MiB
0 %, 1303 MiB
0 %, 1303 MiB
0 %, 1303 MiB
0 %, 1303 MiB
0 %, 1303 MiB
0 %, 1303 MiB
0 %, 1303 MiB
0 %, 1303 MiB
0 %, 1303 MiB
0 %, 1303 MiB
0 %, 1303 MiB
0 %, 1303 MiB
0 %, 1303 MiB
0 %, 1303 MiB
0 %, 1303 MiB
0 %, 1303 MiB
0 %, 1303 MiB
0 %, 1303 MiB
0 %, 1303 MiB
0 %, 1303 MiB
0 %, 1303 MiB
0 %, 1303 MiB
0 %, 1303 MiB
0 %, 1303 MiB
0 %, 1303 MiB
0 %, 1303 MiB
0 %, 1303 MiB
0 %, 1303 MiB
0 %, 1303 MiB
0 %, 1303 MiB
0 %, 1303 MiB
0 %, 1303 MiB
0 %, 1303 MiB
0 %, 1303 MiB
0 %, 1303 MiB
0 %, 1303 MiB
0 %, 1303 MiB
0 %, 1303 MiB
0 %, 1303 MiB
0 %, 1303 MiB
0 %, 1303 MiB
0 %, 1303 MiB
0 %, 1303 MiB
0 %, 1303 MiB
0 %, 1303 MiB
0 %, 1303 MiB
0 %, 1303 MiB
0 %, 1303 MiB
0 %, 1303 MiB
0 %, 1303 MiB
0 %, 1303 MiB
0 %, 1303 MiB
0 %, 1303 MiB
0 %, 1303 MiB
0 %, 1303 MiB
0 %, 1303 MiB
0 %, 1303 MiB
0 %, 1303 MiB
0 %, 1303 MiB
0 %, 1303 MiB
0 %, 1303 MiB
0 %, 1303 MiB
0 %, 1303 MiB
0 %, 1303 MiB
0 %, 1303 MiB
0 %, 1303 MiB
0 %, 1303 MiB
0 %, 1303 MiB
0 %, 1303 MiB
0 %, 1303 MiB
0 %, 1303 MiB
0 %, 1303 MiB
0 %, 1303 MiB
0 %, 1303 MiB
0 %, 1303 MiB
0 %, 1303 MiB
0 %, 1303 MiB
0 %, 1303 MiB
0 %, 1303 MiB
0 %, 1303 MiB
0 %, 1303 MiB
0 %, 1303 MiB
0 %, 1303 MiB
0 %, 1303 MiB
0 %, 1303 MiB
0 %, 1303 MiB
0 %, 1303 MiB
0 %, 1303 MiB
0 %, 1303 MiB
0 %, 1303 MiB
0 %, 1303 MiB
0 %, 1303 MiB
0 %, 1303 MiB
0 %, 1303 MiB
0 %, 1303 MiB
0 %, 1303 MiB
0 %, 1303 MiB
0 %, 1303 MiB
0 %, 1303 MiB
0 %, 1303 MiB
0 %, 1303 MiB
0 %, 1303 MiB
0 %, 1303 MiB
0 %, 1303 MiB
0 %, 1303 MiB
0 %, 1303 MiB
0 %, 1303 MiB
0 %, 1303 MiB
0 %, 1303 MiB
0 %, 1303 MiB
0 %, 1303 MiB
0 %, 1303 MiB
0 %, 1303 MiB
0 %, 1303 MiB
0 %, 1303 MiB
0 %, 1303 MiB
0 %, 1303 MiB
0 %, 1303 MiB
0 %, 1303 MiB
0 %, 1303 MiB
0 %, 1303 MiB
0 %, 1303 MiB
0 %, 1303 MiB
0 %, 1303 MiB
0 %, 1303 MiB
0 %, 1303 MiB
0 %, 1303 MiB
0 %, 1303 MiB
0 %, 1303 MiB
0 %, 1303 MiB
0 %, 1303 MiB
0 %, 1303 MiB
0 %, 1303 MiB
0 %, 1303 MiB
0 %, 1303 MiB
0 %, 1303 MiB
0 %, 1303 MiB
0 %, 1303 MiB
0 %, 1303 MiB
0 %, 1303 MiB
0 %, 1303 MiB
0 %, 1303 MiB
0 %, 1303 MiB
0 %, 1303 MiB
0 %, 1303 MiB
0 %, 1303 MiB
0 %, 1303 MiB
0 %, 1303 MiB
0 %, 1303 MiB
0 %, 1303 MiB
0 %, 1303 MiB
0 %, 1303 MiB
0 %, 1303 MiB
0 %, 1303 MiB
0 %, 1303 MiB
0 %, 1303 MiB
0 %, 1303 MiB
0 %, 1303 MiB
0 %, 1303 MiB
0 %, 1303 MiB
0 %, 1303 MiB
0 %, 1303 MiB
0 %, 1303 MiB
0 %, 1303 MiB
0 %, 1303 MiB
0 %, 1303 MiB
0 %, 1303 MiB
0 %, 1303 MiB
0 %, 1303 MiB
0 %, 1303 MiB
0 %, 1303 MiB
0 %, 1303 MiB
0 %, 1303 MiB
0 %, 1303 MiB
0 %, 1303 MiB
0 %, 1303 MiB
0 %, 1303 MiB
0 %, 1303 MiB
0 %, 1303 MiB
0 %, 1303 MiB
0 %, 1303 MiB
0 %, 1303 MiB
0 %, 1303 MiB
0 %, 1303 MiB
0 %, 1303 MiB
0 %, 1303 MiB
0 %, 1303 MiB
0 %, 1317 MiB
0 %, 1317 MiB
0 %, 1317 MiB
0 %, 1317 MiB
0 %, 1331 MiB
0 %, 1331 MiB
0 %, 1331 MiB
0 %, 1345 MiB
0 %, 1345 MiB
0 %, 1345 MiB
0 %, 1359 MiB
0 %, 1359 MiB
0 %, 1359 MiB
0 %, 1373 MiB
0 %, 1373 MiB
0 %, 1373 MiB
0 %, 1387 MiB
0 %, 1387 MiB
0 %, 1387 MiB
0 %, 1401 MiB
0 %, 1401 MiB
0 %, 1401 MiB
0 %, 1415 MiB
0 %, 1415 MiB
0 %, 1415 MiB
0 %, 1429 MiB
0 %, 1429 MiB
0 %, 1429 MiB
0 %, 1443 MiB
0 %, 1443 MiB
0 %, 1443 MiB
0 %, 1457 MiB
0 %, 1457 MiB
0 %, 1457 MiB
0 %, 1471 MiB
0 %, 1471 MiB
0 %, 1471 MiB
0 %, 1485 MiB
0 %, 1485 MiB
0 %, 1485 MiB
0 %, 1499 MiB
0 %, 1499 MiB
0 %, 1499 MiB
0 %, 1513 MiB
0 %, 1513 MiB
0 %, 1513 MiB
0 %, 1513 MiB
0 %, 1527 MiB
0 %, 1527 MiB
0 %, 1527 MiB
0 %, 1541 MiB
0 %, 1541 MiB
0 %, 1541 MiB
0 %, 1555 MiB
0 %, 1555 MiB
0 %, 1555 MiB
0 %, 1569 MiB
0 %, 1569 MiB
0 %, 1569 MiB
0 %, 1585 MiB
0 %, 1585 MiB
0 %, 1585 MiB
0 %, 1599 MiB
0 %, 1599 MiB
0 %, 1599 MiB
0 %, 1613 MiB
0 %, 1613 MiB
0 %, 1613 MiB
0 %, 1627 MiB
0 %, 1627 MiB
0 %, 1627 MiB
0 %, 1641 MiB
0 %, 1641 MiB
0 %, 1641 MiB
0 %, 1657 MiB
0 %, 1657 MiB
0 %, 1657 MiB
0 %, 1657 MiB
0 %, 1657 MiB
0 %, 1657 MiB
0 %, 1657 MiB
0 %, 1657 MiB
0 %, 1657 MiB
0 %, 1657 MiB
0 %, 1657 MiB
0 %, 1657 MiB
0 %, 1657 MiB
0 %, 1657 MiB
0 %, 1657 MiB
0 %, 1657 MiB
0 %, 1657 MiB
0 %, 1657 MiB
0 %, 1657 MiB
0 %, 1657 MiB
0 %, 1657 MiB
0 %, 1657 MiB
0 %, 1657 MiB
0 %, 1657 MiB
0 %, 1657 MiB
0 %, 1657 MiB
0 %, 1657 MiB
0 %, 1657 MiB
0 %, 1657 MiB
0 %, 1657 MiB
0 %, 1657 MiB
0 %, 1657 MiB
0 %, 1657 MiB
0 %, 1657 MiB
0 %, 1657 MiB
0 %, 1657 MiB
0 %, 1657 MiB
0 %, 1657 MiB
0 %, 1657 MiB
0 %, 1657 MiB
0 %, 1657 MiB
0 %, 1657 MiB
0 %, 1657 MiB
0 %, 1657 MiB
0 %, 1657 MiB
0 %, 1657 MiB
0 %, 1657 MiB
0 %, 1657 MiB
0 %, 1657 MiB
0 %, 1657 MiB
0 %, 1657 MiB
0 %, 1657 MiB
0 %, 1657 MiB
0 %, 1657 MiB
0 %, 1657 MiB
0 %, 1657 MiB
0 %, 1657 MiB
0 %, 1657 MiB
0 %, 1657 MiB
0 %, 1657 MiB
0 %, 1657 MiB
0 %, 1657 MiB
0 %, 1657 MiB
0 %, 1657 MiB
0 %, 1657 MiB
0 %, 1657 MiB
0 %, 1657 MiB
0 %, 1657 MiB
0 %, 1657 MiB
0 %, 1657 MiB
0 %, 1657 MiB
0 %, 1657 MiB
0 %, 1657 MiB
0 %, 1657 MiB
0 %, 1657 MiB
0 %, 1657 MiB
0 %, 1657 MiB
0 %, 1657 MiB
0 %, 1657 MiB
0 %, 1657 MiB
0 %, 1657 MiB
0 %, 1657 MiB
0 %, 1657 MiB
0 %, 1657 MiB
0 %, 1657 MiB
0 %, 1657 MiB
0 %, 1657 MiB
0 %, 1657 MiB
0 %, 1657 MiB
0 %, 1657 MiB
0 %, 1657 MiB
0 %, 1657 MiB
0 %, 1657 MiB
0 %, 1657 MiB
0 %, 1657 MiB
0 %, 1657 MiB
0 %, 1657 MiB
0 %, 1657 MiB
0 %, 1657 MiB
0 %, 1657 MiB
0 %, 1657 MiB
0 %, 1657 MiB
0 %, 1657 MiB
0 %, 1657 MiB
0 %, 1657 MiB
0 %, 1657 MiB
0 %, 1657 MiB
0 %, 1657 MiB
0 %, 1657 MiB
0 %, 1657 MiB
0 %, 1657 MiB
0 %, 1657 MiB
0 %, 1657 MiB
0 %, 1657 MiB
0 %, 1657 MiB
0 %, 1657 MiB
0 %, 1657 MiB
0 %, 1657 MiB
0 %, 1657 MiB
0 %, 1657 MiB
0 %, 1657 MiB
0 %, 1657 MiB
0 %, 1657 MiB
0 %, 1657 MiB
0 %, 1657 MiB
0 %, 1657 MiB
0 %, 1657 MiB
0 %, 1657 MiB
0 %, 1657 MiB
0 %, 1657 MiB
0 %, 1657 MiB
0 %, 1657 MiB
0 %, 1657 MiB
0 %, 1657 MiB
0 %, 1657 MiB
0 %, 1657 MiB
0 %, 1657 MiB
0 %, 1657 MiB
0 %, 1657 MiB
0 %, 1657 MiB
0 %, 1657 MiB
0 %, 1657 MiB
0 %, 1657 MiB
0 %, 1657 MiB
0 %, 1657 MiB
0 %, 1657 MiB
0 %, 1657 MiB
0 %, 1657 MiB
0 %, 1657 MiB
0 %, 1657 MiB
0 %, 1657 MiB
0 %, 1657 MiB
0 %, 1657 MiB
0 %, 1657 MiB
0 %, 1657 MiB
0 %, 1657 MiB
0 %, 1657 MiB
0 %, 1657 MiB
0 %, 1657 MiB
0 %, 1657 MiB
0 %, 1657 MiB
0 %, 1657 MiB
0 %, 1657 MiB
0 %, 1657 MiB
0 %, 1657 MiB
0 %, 1657 MiB
0 %, 1657 MiB
0 %, 1657 MiB
0 %, 1657 MiB
0 %, 1657 MiB
0 %, 1657 MiB
0 %, 1657 MiB
0 %, 1657 MiB
0 %, 1657 MiB
0 %, 1657 MiB
0 %, 1657 MiB
0 %, 1657 MiB
0 %, 1657 MiB
0 %, 1657 MiB
0 %, 1657 MiB
0 %, 1657 MiB
0 %, 1657 MiB
0 %, 1657 MiB
0 %, 1657 MiB
0 %, 1657 MiB
0 %, 1657 MiB
0 %, 1657 MiB
0 %, 1657 MiB
0 %, 1657 MiB
0 %, 1657 MiB
0 %, 1657 MiB
0 %, 1657 MiB
0 %, 1657 MiB
0 %, 1657 MiB
0 %, 1657 MiB
0 %, 1657 MiB
0 %, 1657 MiB
0 %, 1657 MiB
0 %, 1657 MiB
0 %, 1657 MiB
0 %, 1657 MiB
0 %, 1657 MiB
0 %, 1657 MiB
0 %, 1657 MiB
0 %, 1657 MiB
0 %, 1657 MiB
0 %, 1657 MiB
0 %, 1657 MiB
0 %, 1657 MiB
0 %, 1657 MiB
0 %, 1657 MiB
0 %, 1657 MiB
0 %, 1657 MiB
0 %, 1657 MiB
0 %, 1657 MiB
0 %, 1657 MiB
0 %, 1657 MiB
0 %, 1657 MiB
0 %, 1657 MiB
0 %, 1657 MiB
0 %, 1657 MiB
0 %, 1657 MiB
0 %, 1657 MiB
0 %, 1657 MiB
0 %, 1657 MiB
0 %, 1657 MiB
0 %, 1657 MiB
0 %, 1657 MiB
0 %, 1657 MiB
0 %, 1657 MiB
0 %, 1657 MiB
0 %, 1657 MiB
0 %, 1657 MiB
0 %, 1657 MiB
0 %, 1657 MiB
0 %, 1657 MiB
0 %, 1657 MiB
0 %, 1657 MiB
0 %, 1657 MiB
0 %, 1657 MiB
0 %, 1657 MiB
0 %, 1657 MiB
0 %, 1657 MiB
0 %, 1657 MiB
0 %, 1657 MiB
0 %, 1657 MiB
0 %, 1657 MiB
0 %, 1657 MiB
0 %, 1657 MiB
0 %, 1657 MiB
0 %, 1657 MiB
0 %, 1657 MiB
0 %, 1657 MiB
0 %, 1657 MiB
0 %, 1657 MiB
0 %, 1657 MiB
0 %, 1657 MiB
0 %, 1657 MiB
0 %, 1657 MiB
0 %, 1657 MiB
0 %, 1657 MiB
0 %, 1657 MiB
0 %, 1657 MiB
0 %, 1657 MiB
0 %, 1657 MiB
0 %, 1657 MiB
0 %, 1657 MiB
0 %, 1657 MiB
0 %, 1657 MiB
0 %, 1657 MiB
0 %, 1657 MiB
0 %, 1657 MiB
0 %, 1657 MiB
0 %, 1657 MiB
0 %, 1657 MiB
0 %, 1657 MiB
0 %, 1657 MiB
0 %, 1657 MiB
0 %, 1657 MiB
0 %, 1657 MiB
0 %, 1657 MiB
0 %, 1657 MiB
0 %, 1657 MiB
0 %, 1657 MiB
0 %, 1657 MiB
0 %, 1657 MiB
0 %, 1657 MiB
0 %, 1657 MiB
0 %, 1657 MiB
0 %, 1657 MiB
0 %, 1657 MiB
0 %, 1657 MiB
0 %, 1657 MiB
0 %, 1657 MiB
0 %, 1657 MiB
0 %, 1657 MiB
0 %, 1657 MiB
0 %, 1657 MiB
0 %, 1657 MiB
0 %, 1657 MiB
0 %, 1657 MiB
0 %, 1657 MiB
0 %, 1657 MiB
0 %, 1657 MiB
0 %, 1657 MiB
0 %, 1657 MiB
0 %, 1657 MiB
0 %, 1657 MiB
0 %, 1657 MiB
0 %, 1657 MiB
0 %, 1657 MiB
0 %, 1657 MiB
0 %, 1657 MiB
0 %, 1657 MiB
0 %, 1657 MiB
0 %, 1657 MiB
0 %, 1657 MiB
0 %, 1657 MiB
0 %, 1657 MiB
0 %, 1657 MiB
0 %, 1657 MiB
0 %, 1657 MiB
0 %, 1657 MiB
0 %, 1657 MiB
0 %, 1657 MiB
0 %, 1657 MiB
0 %, 1657 MiB
0 %, 1657 MiB
0 %, 1657 MiB
0 %, 1657 MiB
0 %, 1657 MiB
0 %, 1657 MiB
0 %, 1657 MiB
0 %, 1657 MiB
0 %, 1657 MiB
0 %, 1657 MiB
0 %, 1657 MiB
0 %, 1657 MiB
0 %, 1657 MiB
0 %, 1657 MiB
0 %, 1657 MiB
0 %, 1657 MiB
0 %, 1657 MiB
0 %, 1657 MiB
0 %, 1657 MiB
0 %, 1657 MiB
0 %, 1657 MiB
0 %, 1657 MiB
0 %, 1657 MiB
0 %, 1657 MiB
0 %, 1657 MiB
0 %, 1657 MiB
0 %, 1657 MiB
0 %, 1657 MiB
0 %, 1657 MiB
0 %, 1657 MiB
0 %, 1657 MiB
0 %, 1657 MiB
0 %, 1657 MiB
0 %, 1657 MiB
0 %, 1657 MiB
0 %, 1657 MiB
0 %, 1657 MiB
0 %, 1657 MiB
0 %, 1657 MiB
0 %, 1657 MiB
0 %, 1657 MiB
0 %, 1657 MiB
0 %, 1657 MiB
0 %, 1657 MiB
0 %, 1657 MiB
0 %, 1657 MiB
0 %, 1657 MiB
0 %, 1657 MiB
0 %, 1657 MiB
0 %, 1657 MiB
0 %, 1657 MiB
0 %, 1657 MiB
0 %, 1657 MiB
0 %, 1657 MiB
0 %, 1657 MiB
0 %, 1657 MiB
0 %, 1657 MiB
0 %, 1657 MiB
0 %, 1657 MiB
0 %, 1657 MiB
0 %, 1657 MiB
0 %, 1657 MiB
0 %, 1657 MiB
0 %, 1657 MiB
0 %, 1657 MiB
0 %, 1657 MiB
0 %, 1657 MiB
0 %, 1657 MiB
0 %, 1657 MiB
0 %, 1657 MiB
0 %, 1657 MiB
0 %, 1657 MiB
0 %, 1657 MiB
0 %, 1657 MiB
0 %, 1657 MiB
0 %, 1657 MiB
0 %, 1657 MiB
0 %, 1657 MiB
0 %, 1657 MiB
0 %, 1657 MiB
0 %, 1657 MiB
0 %, 1657 MiB
0 %, 1657 MiB
0 %, 1657 MiB
0 %, 1657 MiB
0 %, 1657 MiB
0 %, 1657 MiB
0 %, 1657 MiB
0 %, 1657 MiB
0 %, 1657 MiB
0 %, 1657 MiB
0 %, 1657 MiB
0 %, 1657 MiB
0 %, 1657 MiB
0 %, 1657 MiB
0 %, 1657 MiB
0 %, 1657 MiB
0 %, 1657 MiB
0 %, 1657 MiB
0 %, 1657 MiB
0 %, 1657 MiB
0 %, 1671 MiB
0 %, 1671 MiB
0 %, 1671 MiB
0 %, 1685 MiB
0 %, 1685 MiB
0 %, 1685 MiB
0 %, 1699 MiB
0 %, 1699 MiB
0 %, 1699 MiB
0 %, 1713 MiB
0 %, 1713 MiB
0 %, 1713 MiB
0 %, 1727 MiB
0 %, 1727 MiB
0 %, 1727 MiB
0 %, 1741 MiB
0 %, 1741 MiB
0 %, 1741 MiB
0 %, 1755 MiB
0 %, 1755 MiB
0 %, 1755 MiB
0 %, 1769 MiB
0 %, 1769 MiB
0 %, 1769 MiB
0 %, 1783 MiB
0 %, 1783 MiB
0 %, 1783 MiB
0 %, 1783 MiB
0 %, 1797 MiB
0 %, 1797 MiB
0 %, 1797 MiB
0 %, 1811 MiB
0 %, 1811 MiB
0 %, 1811 MiB
0 %, 1825 MiB
0 %, 1825 MiB
0 %, 1825 MiB
0 %, 1839 MiB
0 %, 1839 MiB
0 %, 1839 MiB
0 %, 1853 MiB
0 %, 1853 MiB
0 %, 1853 MiB
0 %, 1867 MiB
0 %, 1867 MiB
0 %, 1867 MiB
0 %, 1881 MiB
0 %, 1881 MiB
0 %, 1881 MiB
0 %, 1895 MiB
0 %, 1895 MiB
0 %, 1895 MiB
0 %, 1909 MiB
0 %, 1909 MiB
0 %, 1909 MiB
0 %, 1923 MiB
0 %, 1923 MiB
0 %, 1923 MiB
0 %, 1939 MiB
0 %, 1939 MiB
0 %, 1939 MiB
0 %, 1939 MiB
0 %, 1953 MiB
0 %, 1953 MiB
0 %, 1953 MiB
0 %, 1967 MiB
0 %, 1967 MiB
0 %, 1967 MiB
0 %, 1981 MiB
0 %, 1981 MiB
0 %, 1981 MiB
0 %, 1995 MiB
0 %, 1995 MiB
0 %, 1995 MiB
0 %, 2011 MiB
0 %, 2011 MiB
0 %, 2011 MiB
0 %, 2011 MiB
0 %, 2011 MiB
0 %, 2011 MiB
0 %, 2011 MiB
0 %, 2011 MiB
0 %, 2011 MiB
0 %, 2011 MiB
0 %, 2011 MiB
0 %, 2011 MiB
0 %, 2011 MiB
0 %, 2011 MiB
0 %, 2011 MiB
0 %, 2011 MiB
0 %, 2011 MiB
0 %, 2011 MiB
0 %, 2011 MiB
0 %, 2011 MiB
0 %, 2011 MiB
0 %, 2011 MiB
0 %, 2011 MiB
0 %, 2011 MiB
0 %, 2011 MiB
0 %, 2011 MiB
0 %, 2011 MiB
0 %, 2011 MiB
0 %, 2011 MiB
0 %, 2011 MiB
0 %, 2011 MiB
0 %, 2011 MiB
0 %, 2011 MiB
0 %, 2011 MiB
0 %, 2011 MiB
0 %, 2011 MiB
0 %, 2011 MiB
0 %, 2011 MiB
0 %, 2011 MiB
0 %, 2011 MiB
0 %, 2011 MiB
0 %, 2011 MiB
0 %, 2011 MiB
0 %, 2011 MiB
0 %, 2011 MiB
0 %, 2011 MiB
0 %, 2011 MiB
0 %, 2011 MiB
0 %, 2011 MiB
0 %, 2011 MiB
0 %, 2011 MiB
0 %, 2011 MiB
0 %, 2011 MiB
0 %, 2011 MiB
0 %, 2011 MiB
0 %, 2011 MiB
0 %, 2011 MiB
0 %, 2011 MiB
0 %, 2011 MiB
0 %, 2011 MiB
0 %, 2011 MiB
0 %, 2011 MiB
0 %, 2011 MiB
0 %, 2011 MiB
0 %, 2011 MiB
0 %, 2011 MiB
0 %, 2011 MiB
0 %, 2011 MiB
0 %, 2011 MiB
0 %, 2011 MiB
0 %, 2011 MiB
0 %, 2011 MiB
0 %, 2011 MiB
0 %, 2011 MiB
0 %, 2011 MiB
0 %, 2011 MiB
0 %, 2011 MiB
0 %, 2011 MiB
0 %, 2011 MiB
0 %, 2011 MiB
0 %, 2011 MiB
0 %, 2011 MiB
0 %, 2011 MiB
0 %, 2011 MiB
0 %, 2011 MiB
0 %, 2011 MiB
0 %, 2011 MiB
0 %, 2011 MiB
0 %, 2011 MiB
0 %, 2011 MiB
0 %, 2011 MiB
0 %, 2011 MiB
0 %, 2011 MiB
0 %, 2011 MiB
0 %, 2011 MiB
0 %, 2011 MiB
0 %, 2011 MiB
0 %, 2011 MiB
0 %, 2011 MiB
0 %, 2011 MiB
0 %, 2011 MiB
0 %, 2011 MiB
0 %, 2011 MiB
0 %, 2011 MiB
0 %, 2011 MiB
0 %, 2011 MiB
0 %, 2011 MiB
0 %, 2011 MiB
0 %, 2011 MiB
0 %, 2011 MiB
0 %, 2011 MiB
0 %, 2011 MiB
0 %, 2011 MiB
0 %, 2011 MiB
0 %, 2011 MiB
0 %, 2011 MiB
0 %, 2011 MiB
0 %, 2011 MiB
0 %, 2011 MiB
0 %, 2011 MiB
0 %, 2011 MiB
0 %, 2011 MiB
0 %, 2011 MiB
0 %, 2011 MiB
0 %, 2011 MiB
0 %, 2011 MiB
0 %, 2011 MiB
0 %, 2011 MiB
0 %, 2011 MiB
0 %, 2011 MiB
0 %, 2011 MiB
0 %, 2011 MiB
0 %, 2011 MiB
0 %, 2011 MiB
0 %, 2011 MiB
0 %, 2011 MiB
0 %, 2011 MiB
0 %, 2011 MiB
0 %, 2011 MiB
0 %, 2011 MiB
0 %, 2011 MiB
0 %, 2011 MiB
0 %, 2011 MiB
0 %, 2011 MiB
0 %, 2011 MiB
0 %, 2011 MiB
0 %, 2011 MiB
0 %, 2011 MiB
0 %, 2011 MiB
0 %, 2011 MiB
0 %, 2011 MiB
0 %, 2011 MiB
0 %, 2011 MiB
0 %, 2011 MiB
0 %, 2011 MiB
0 %, 2011 MiB
0 %, 2011 MiB
0 %, 2011 MiB
0 %, 2011 MiB
0 %, 2011 MiB
0 %, 2011 MiB
0 %, 2011 MiB
0 %, 2011 MiB
0 %, 2011 MiB
0 %, 2011 MiB
0 %, 2011 MiB
0 %, 2011 MiB
0 %, 2011 MiB
0 %, 2011 MiB
0 %, 2011 MiB
0 %, 2011 MiB
0 %, 2011 MiB
0 %, 2011 MiB
0 %, 2011 MiB
0 %, 2011 MiB
0 %, 2011 MiB
0 %, 2011 MiB
0 %, 2011 MiB
0 %, 2011 MiB
0 %, 2011 MiB
0 %, 2011 MiB
0 %, 2011 MiB
0 %, 2011 MiB
0 %, 2011 MiB
0 %, 2011 MiB
0 %, 2011 MiB
0 %, 2011 MiB
0 %, 2011 MiB
0 %, 2011 MiB
0 %, 2011 MiB
0 %, 2011 MiB
0 %, 2011 MiB
0 %, 2011 MiB
0 %, 2011 MiB
0 %, 2011 MiB
0 %, 2011 MiB
0 %, 2011 MiB
0 %, 2011 MiB
0 %, 2011 MiB
0 %, 2011 MiB
0 %, 2011 MiB
0 %, 2011 MiB
0 %, 2011 MiB
0 %, 2011 MiB
0 %, 2011 MiB
0 %, 2011 MiB
0 %, 2011 MiB
0 %, 2011 MiB
0 %, 2011 MiB
0 %, 2011 MiB
0 %, 2011 MiB
0 %, 2011 MiB
0 %, 2011 MiB
0 %, 2011 MiB
0 %, 2011 MiB
0 %, 2011 MiB
0 %, 2011 MiB
0 %, 2011 MiB
0 %, 2011 MiB
0 %, 2011 MiB
0 %, 2011 MiB
0 %, 2011 MiB
0 %, 2011 MiB
0 %, 2011 MiB
0 %, 2011 MiB
0 %, 2011 MiB
0 %, 2011 MiB
0 %, 2011 MiB
0 %, 2011 MiB
0 %, 2011 MiB
0 %, 2011 MiB
0 %, 2011 MiB
0 %, 2011 MiB
0 %, 2011 MiB
0 %, 2011 MiB
0 %, 2011 MiB
0 %, 2011 MiB
0 %, 2011 MiB
0 %, 2011 MiB
0 %, 2011 MiB
0 %, 2011 MiB
0 %, 2011 MiB
0 %, 2011 MiB
0 %, 2011 MiB
0 %, 2011 MiB
0 %, 2011 MiB
0 %, 2011 MiB
0 %, 2011 MiB
0 %, 2011 MiB
0 %, 2011 MiB
0 %, 2011 MiB
0 %, 2011 MiB
0 %, 2011 MiB
0 %, 2011 MiB
0 %, 2011 MiB
0 %, 2011 MiB
0 %, 2011 MiB
0 %, 2011 MiB
0 %, 2011 MiB
0 %, 2011 MiB
0 %, 2011 MiB
0 %, 2011 MiB
0 %, 2011 MiB
0 %, 2011 MiB
0 %, 2011 MiB
0 %, 2011 MiB
0 %, 2011 MiB
0 %, 2011 MiB
0 %, 2011 MiB
0 %, 2011 MiB
0 %, 2011 MiB
0 %, 2011 MiB
0 %, 2011 MiB
0 %, 2011 MiB
0 %, 2011 MiB
0 %, 2011 MiB
0 %, 2011 MiB
0 %, 2011 MiB
0 %, 2011 MiB
0 %, 2011 MiB
0 %, 2011 MiB
0 %, 2011 MiB
0 %, 2011 MiB
0 %, 2011 MiB
0 %, 2011 MiB
0 %, 2011 MiB
0 %, 2011 MiB
0 %, 2011 MiB
0 %, 2011 MiB
0 %, 2011 MiB
0 %, 2011 MiB
0 %, 2011 MiB
0 %, 2011 MiB
0 %, 2011 MiB
0 %, 2011 MiB
0 %, 2011 MiB
0 %, 2011 MiB
0 %, 2011 MiB
0 %, 2011 MiB
0 %, 2011 MiB
0 %, 2011 MiB
0 %, 2011 MiB
0 %, 2011 MiB
0 %, 2011 MiB
0 %, 2011 MiB
0 %, 2011 MiB
0 %, 2011 MiB
0 %, 2011 MiB
0 %, 2011 MiB
0 %, 2011 MiB
0 %, 2011 MiB
0 %, 2011 MiB
0 %, 2011 MiB
0 %, 2011 MiB
0 %, 2011 MiB
0 %, 2011 MiB
0 %, 2011 MiB
0 %, 2011 MiB
0 %, 2011 MiB
0 %, 2011 MiB
0 %, 2011 MiB
0 %, 2011 MiB
0 %, 2011 MiB
0 %, 2011 MiB
0 %, 2011 MiB
0 %, 2011 MiB
0 %, 2011 MiB
0 %, 2011 MiB
0 %, 2011 MiB
0 %, 2011 MiB
0 %, 2011 MiB
0 %, 2011 MiB
0 %, 2011 MiB
0 %, 2011 MiB
0 %, 2011 MiB
0 %, 2011 MiB
0 %, 2011 MiB
0 %, 2011 MiB
0 %, 2011 MiB
0 %, 2011 MiB
0 %, 2011 MiB
0 %, 2011 MiB
0 %, 2011 MiB
0 %, 2011 MiB
0 %, 2011 MiB
0 %, 2011 MiB
0 %, 2011 MiB
0 %, 2011 MiB
0 %, 2011 MiB
0 %, 2011 MiB
0 %, 2011 MiB
0 %, 2011 MiB
0 %, 2011 MiB
0 %, 2011 MiB
0 %, 2011 MiB
0 %, 2011 MiB
0 %, 2011 MiB
0 %, 2011 MiB
0 %, 2011 MiB
0 %, 2011 MiB
0 %, 2011 MiB
0 %, 2011 MiB
0 %, 2011 MiB
0 %, 2011 MiB
0 %, 2011 MiB
0 %, 2011 MiB
0 %, 2011 MiB
0 %, 2011 MiB
0 %, 2011 MiB
0 %, 2011 MiB
0 %, 2011 MiB
0 %, 2011 MiB
0 %, 2011 MiB
0 %, 2011 MiB
0 %, 2011 MiB
0 %, 2011 MiB
0 %, 2011 MiB
0 %, 2011 MiB
0 %, 2011 MiB
0 %, 2011 MiB
0 %, 2011 MiB
0 %, 2011 MiB
0 %, 2011 MiB
0 %, 2011 MiB
0 %, 2011 MiB
0 %, 2011 MiB
0 %, 2011 MiB
0 %, 2011 MiB
0 %, 2011 MiB
0 %, 2011 MiB
0 %, 2011 MiB
0 %, 2011 MiB
0 %, 2011 MiB
0 %, 2011 MiB
0 %, 2011 MiB
0 %, 2011 MiB
0 %, 2011 MiB
0 %, 2011 MiB
0 %, 2011 MiB
0 %, 2011 MiB
0 %, 2011 MiB
0 %, 2011 MiB
0 %, 2011 MiB
0 %, 2011 MiB
0 %, 2011 MiB
0 %, 2011 MiB
0 %, 2011 MiB
0 %, 2011 MiB
0 %, 2011 MiB
0 %, 2011 MiB
0 %, 2011 MiB
0 %, 2011 MiB
0 %, 2011 MiB
0 %, 2011 MiB
0 %, 2011 MiB
0 %, 2011 MiB
0 %, 2011 MiB
0 %, 2011 MiB
0 %, 2011 MiB
0 %, 2011 MiB
0 %, 2011 MiB
0 %, 2011 MiB
0 %, 2011 MiB
0 %, 2011 MiB
0 %, 2011 MiB
0 %, 2011 MiB
0 %, 2011 MiB
0 %, 2011 MiB
0 %, 2010 MiB
0 %, 0 MiB
1 %, 0 MiB
1 %, 0 MiB
1 %, 0 MiB
0 %, 0 MiB
0 %, 0 MiB
0 %, 0 MiB
0 %, 0 MiB
0 %, 0 MiB
0 %, 0 MiB
0 %, 0 MiB
0 %, 0 MiB
0 %, 0 MiB
0 %, 0 MiB
0 %, 0 MiB
0 %, 0 MiB
0 %, 0 MiB
0 %, 0 MiB
0 %, 0 MiB
0 %, 0 MiB
0 %, 0 MiB
