Device: NVIDIA GeForce RTX 5070 sm_120
CUDA driver=13000 runtime=12000
loaded hexa-kunroll PTX shape 256 (sgemm_kunroll_256x256_grid)
loaded hexa-kunroll PTX shape 384 (sgemm_kunroll_384x384_grid)
loaded hexa-kunroll PTX shape 512 (sgemm_kunroll_512x512_grid)
loaded hexa-kunroll PTX shape 768 (sgemm_kunroll_768x768_grid)
loaded hexa-kunroll PTX shape 1024 (sgemm_kunroll_1024x1024_grid)
loaded hexa-kunroll PTX shape 1536 (sgemm_kunroll_1536x1536_grid)
[M= 256] cuBLAS HGEMM            median=0.006752 ms  std=0.001301  min=0.004768  max=0.013952  TFLOPS=  4.9696
[M= 256] hexa-kunroll HGEMM      median=0.007200 ms  std=0.000748  min=0.005952  max=0.010848  TFLOPS=  4.6603  ratio=0.9378  maxabs=0.0000  maxrel=0.0000
[M= 384] cuBLAS HGEMM            median=0.007744 ms  std=0.001359  min=0.006464  max=0.015872  TFLOPS= 14.6237
[M= 384] hexa-kunroll HGEMM      median=0.009232 ms  std=0.000597  min=0.008192  max=0.010016  TFLOPS= 12.2667  ratio=0.8388  maxabs=0.0000  maxrel=0.0000
[M= 512] cuBLAS HGEMM            median=0.010816 ms  std=0.000527  min=0.010336  max=0.017728  TFLOPS= 24.8184
[M= 512] hexa-kunroll HGEMM      median=0.017632 ms  std=0.000683  min=0.016576  max=0.020064  TFLOPS= 15.2243  ratio=0.6134  maxabs=0.0000  maxrel=0.0000
[M= 768] cuBLAS HGEMM            median=0.019040 ms  std=0.000555  min=0.016544  max=0.025184  TFLOPS= 47.5824
[M= 768] hexa-kunroll HGEMM      median=0.035264 ms  std=0.000578  min=0.034592  max=0.037184  TFLOPS= 25.6911  ratio=0.5399  maxabs=0.0000  maxrel=0.0000
[M=1024] cuBLAS HGEMM            median=0.039520 ms  std=0.000702  min=0.037504  max=0.048288  TFLOPS= 54.3392
[M=1024] hexa-kunroll HGEMM      median=0.086896 ms  std=0.000617  min=0.086112  max=0.088640  TFLOPS= 24.7133  ratio=0.4548  maxabs=0.0000  maxrel=0.0000
[M=1536] cuBLAS HGEMM            median=0.107824 ms  std=0.000991  min=0.106784  max=0.110176  TFLOPS= 67.2184
[M=1536] hexa-kunroll HGEMM      median=0.251520 ms  std=0.000693  min=0.250144  max=0.253632  TFLOPS= 28.8158  ratio=0.4287  maxabs=0.0000  maxrel=0.0000
