device: NVIDIA GeForce RTX 5070
loaded PTX 2082 bytes
JIT info: ptxas info    : 0 bytes gmem
ptxas info    : Compiling entry function 'vec_add' for 'sm_120a'
ptxas info    : Function properties for vec_add
ptxas         .     0 bytes stack frame, 0 bytes spill stores, 0 bytes spill loads
ptxas info    : Used 16 registers, used 0 barriers
ptxas info    : Compile time = 1.877 ms

--- shape 1/6: N=1024 ---
  N=1024 median=0.003648 ms  6.74 GB/s  bm=0  PASS

--- shape 2/6: N=16384 ---
  N=16384 median=0.003488 ms  112.73 GB/s  bm=0  PASS

--- shape 3/6: N=262144 ---
  N=262144 median=0.005632 ms  1117.09 GB/s  bm=0  PASS

--- shape 4/6: N=1048576 ---
  N=1048576 median=0.015488 ms  1624.86 GB/s  bm=0  PASS

--- shape 5/6: N=4194304 ---
  N=4194304 median=0.156256 ms  644.22 GB/s  bm=0  PASS

--- shape 6/6: N=16777216 ---
  N=16777216 median=0.667872 ms  602.89 GB/s  bm=0  PASS
