Device: NVIDIA GeForce RTX 5070 sm_120
CUDA driver=13000 runtime=12000
loaded hexa-ktile32 PTX shape 256 (sgemm_ktile32_256x256_grid)
  shape 256: regs/thd=48, shmem=32768 B, max_thd_per_block=1024
loaded hexa-ktile32 PTX shape 384 (sgemm_ktile32_384x384_grid)
  shape 384: regs/thd=48, shmem=32768 B, max_thd_per_block=1024
loaded hexa-ktile32 PTX shape 512 (sgemm_ktile32_512x512_grid)
  shape 512: regs/thd=48, shmem=32768 B, max_thd_per_block=1024
loaded hexa-ktile32 PTX shape 768 (sgemm_ktile32_768x768_grid)
  shape 768: regs/thd=48, shmem=32768 B, max_thd_per_block=1024
loaded hexa-ktile32 PTX shape 1024 (sgemm_ktile32_1024x1024_grid)
  shape 1024: regs/thd=48, shmem=32768 B, max_thd_per_block=1024
loaded hexa-ktile32 PTX shape 1536 (sgemm_ktile32_1536x1536_grid)
  shape 1536: regs/thd=48, shmem=32768 B, max_thd_per_block=1024
[M= 256] cuBLAS HGEMM        median=0.006704 ms  std=0.001098  min=0.004064  max=0.013920  TFLOPS=  5.0051
[M= 256] hexa-ktile32 HGEMM  median=0.014656 ms  std=0.000714  min=0.013344  max=0.016928  TFLOPS=  2.2895  ratio=0.4574  maxabs=0.0000  maxrel=0.0000
[M= 384] cuBLAS HGEMM        median=0.006752 ms  std=0.001116  min=0.006304  max=0.010880  TFLOPS= 16.7722
[M= 384] hexa-ktile32 HGEMM  median=0.019552 ms  std=0.000608  min=0.018560  max=0.021344  TFLOPS=  5.7921  ratio=0.3453  maxabs=0.0000  maxrel=0.0000
[M= 512] cuBLAS HGEMM        median=0.010816 ms  std=0.000217  min=0.010336  max=0.012896  TFLOPS= 24.8184
[M= 512] hexa-ktile32 HGEMM  median=0.024928 ms  std=0.000811  min=0.023712  max=0.027168  TFLOPS= 10.7684  ratio=0.4339  maxabs=0.0000  maxrel=0.0000
[M= 768] cuBLAS HGEMM        median=0.019040 ms  std=0.000390  min=0.018144  max=0.023136  TFLOPS= 47.5824
[M= 768] hexa-ktile32 HGEMM  median=0.035936 ms  std=0.000580  min=0.034784  max=0.036672  TFLOPS= 25.2106  ratio=0.5298  maxabs=0.0000  maxrel=0.0000
[M=1024] cuBLAS HGEMM        median=0.039552 ms  std=0.000435  min=0.038816  max=0.041856  TFLOPS= 54.2952
[M=1024] hexa-ktile32 HGEMM  median=0.088704 ms  std=0.000645  min=0.088032  max=0.090752  TFLOPS= 24.2095  ratio=0.4459  maxabs=0.0000  maxrel=0.0000
[M=1536] cuBLAS HGEMM        median=0.108896 ms  std=0.001004  min=0.106784  max=0.110144  TFLOPS= 66.5567
[M=1536] hexa-ktile32 HGEMM  median=0.197824 ms  std=0.000701  min=0.195616  max=0.199200  TFLOPS= 36.6374  ratio=0.5505  maxabs=0.0000  maxrel=0.0000
