Device: NVIDIA GeForce RTX 5070 sm_120 (48 SMs)
CUDA driver=13000 runtime=12090
loaded hexa-PT128H PTX shape 4096 (sgemm_tile128_hilbert_4096x4096_grid)
  shape 4096: regs/thd=47, shmem=16384 B, max_thd_per_block=1024
loaded hexa-PT128H PTX shape 5120 (sgemm_tile128_hilbert_5120x5120_grid)
  shape 5120: regs/thd=47, shmem=16384 B, max_thd_per_block=1024
loaded hexa-PT128H PTX shape 6144 (sgemm_tile128_hilbert_6144x6144_grid)
  shape 6144: regs/thd=47, shmem=16384 B, max_thd_per_block=1024
loaded hexa-PT128H PTX shape 8192 (sgemm_tile128_hilbert_8192x8192_grid)
  shape 8192: regs/thd=47, shmem=16384 B, max_thd_per_block=1024
Device VRAM free=11601.19 MB total=11772.44 MB
[M=4096] allocating 128.00 MB device memory (A=32768 KB + B=32768 KB + C=65536 KB)
[M=4096] cuBLAS HGEMM                  median=1.962176 ms  std=0.002135  min=1.953952  max=1.964288  TFLOPS= 70.0442
[M=4096] hexa-PT128H 128tile+Hilbert median=3.730496 ms  std=0.001440  min=3.726528  max=3.733888  TFLOPS= 36.8420  ratio=0.5260  maxabs=0.0000  maxrel=0.0000  CTAs=1024  regs=47
[M=5120] allocating 200.00 MB device memory (A=51200 KB + B=51200 KB + C=102400 KB)
[M=5120] cuBLAS HGEMM                  median=3.813568 ms  std=0.001021  min=3.811392  max=3.817184  TFLOPS= 70.3896
[M=5120] hexa-PT128H 128tile+Hilbert median=7.054304 ms  std=0.001241  min=7.050144  max=7.057184  TFLOPS= 38.0527  ratio=0.5406  maxabs=0.0000  maxrel=0.0000  CTAs=1600  regs=47
[M=6144] allocating 288.00 MB device memory (A=73728 KB + B=73728 KB + C=147456 KB)
[M=6144] cuBLAS HGEMM                  median=6.548672 ms  std=0.012139  min=6.545600  max=6.580352  TFLOPS= 70.8321
[M=6144] hexa-PT128H 128tile+Hilbert median=11.900096 ms  std=0.002553  min=11.893664  max=11.909696  TFLOPS= 38.9792  ratio=0.5503  maxabs=0.0000  maxrel=0.0000  CTAs=2304  regs=47
[M=8192] allocating 512.00 MB device memory (A=131072 KB + B=131072 KB + C=262144 KB)
[M=8192] cuBLAS HGEMM                  median=15.605776 ms  std=0.033887  min=15.522752  max=15.610720  TFLOPS= 70.4554
[M=8192] hexa-PT128H 128tile+Hilbert median=29.023215 ms  std=0.003499  min=29.014977  max=29.031616  TFLOPS= 37.8839  ratio=0.5377  maxabs=0.0000  maxrel=0.0000  CTAs=4096  regs=47
