Device: NVIDIA GeForce RTX 5070 sm_120
CUDA driver=13000 runtime=12090
loaded N203 PTX shape 512 (sgemm_tma_multistage_mma_512x512_grid)
  shape 512: regs/thd=64, shmem=12312 B, max_thd_per_block=1024
loaded N203 PTX shape 1024 (sgemm_tma_multistage_mma_1024x1024_grid)
  shape 1024: regs/thd=64, shmem=12312 B, max_thd_per_block=1024
loaded N203 PTX shape 2048 (sgemm_tma_multistage_mma_2048x2048_grid)
  shape 2048: regs/thd=64, shmem=12312 B, max_thd_per_block=1024
loaded N203 PTX shape 4096 (sgemm_tma_multistage_mma_4096x4096_grid)
  shape 4096: regs/thd=64, shmem=12312 B, max_thd_per_block=1024
loaded N203 PTX shape 6144 (sgemm_tma_multistage_mma_6144x6144_grid)
  shape 6144: regs/thd=64, shmem=12312 B, max_thd_per_block=1024
loaded N203 PTX shape 8192 (sgemm_tma_multistage_mma_8192x8192_grid)
  shape 8192: regs/thd=64, shmem=12312 B, max_thd_per_block=1024
Device VRAM free=11579.06 MB total=11772.44 MB
[M= 512] allocating 3.00 MB device memory
[M= 512] cuBLAS HGEMM             median=0.011552 ms  TFLOPS= 23.2371
[M= 512] sanity max|hexa-cuBLAS|=0.0508  maxrel=0.0038 (cuBLAS max|C|=13.5195)
[M= 512] N203 3stage-TMA+mma+Hilbert median=0.013632 ms  TFLOPS= 19.6916  ratio=0.8474  maxabs=0.0508  CTAs=64  regs=64  shmem=12312
[M=1024] allocating 12.00 MB device memory
[M=1024] cuBLAS HGEMM             median=0.040288 ms  TFLOPS= 53.3033
[M=1024] sanity max|hexa-cuBLAS|=0.0371  maxrel=0.0014 (cuBLAS max|C|=27.0176)
[M=1024] N203 3stage-TMA+mma+Hilbert median=0.052608 ms  TFLOPS= 40.8205  ratio=0.7658  maxabs=0.0371  CTAs=256  regs=64  shmem=12312
[M=2048] allocating 48.00 MB device memory
[M=2048] cuBLAS HGEMM             median=0.257312 ms  TFLOPS= 66.7667
[M=2048] sanity max|hexa-cuBLAS|=0.0820  maxrel=0.0015 (cuBLAS max|C|=54.0195)
[M=2048] N203 3stage-TMA+mma+Hilbert median=0.328960 ms  TFLOPS= 52.2248  ratio=0.7822  maxabs=0.0820  CTAs=1024  regs=64  shmem=12312
[M=4096] allocating 192.00 MB device memory
[M=4096] cuBLAS HGEMM             median=1.962912 ms  TFLOPS= 70.0179
[M=4096] sanity max|hexa-cuBLAS|=0.0840  maxrel=0.0008 (cuBLAS max|C|=108.0176)
[M=4096] N203 3stage-TMA+mma+Hilbert median=2.394016 ms  TFLOPS= 57.4094  ratio=0.8199  maxabs=0.0840  CTAs=4096  regs=64  shmem=12312
[M=6144] allocating 432.00 MB device memory
[M=6144] cuBLAS HGEMM             median=6.551616 ms  TFLOPS= 70.8003
[M=6144] sanity max|hexa-cuBLAS|=0.1348  maxrel=0.0008 (cuBLAS max|C|=162.0176)
[M=6144] N203 3stage-TMA+mma+Hilbert median=7.981856 ms  TFLOPS= 58.1139  ratio=0.8208  maxabs=0.1348  CTAs=16384  regs=64  shmem=12312
[M=8192] allocating 768.00 MB device memory
[M=8192] cuBLAS HGEMM             median=15.529680 ms  TFLOPS= 70.8007
[M=8192] sanity max|hexa-cuBLAS|=0.0801  maxrel=0.0004 (cuBLAS max|C|=216.0195)
[M=8192] N203 3stage-TMA+mma+Hilbert median=18.413936 ms  TFLOPS= 59.7108  ratio=0.8434  maxabs=0.0801  CTAs=16384  regs=64  shmem=12312
