device=Apple M3

shape       N         median_ms     GB/s     byte_mm
---------- --------- ----------- ---------- -----------
vec_add        1024     0.2960      0.04    0/1024   
vec_mul        1024     0.3520      0.03    0/1024   
vec_scale      1024     0.5829      0.02    0/1024   
vec_add        4096     0.3569      0.14    0/4096   
vec_mul        4096     0.3650      0.13    0/4096   
vec_scale      4096     0.2960      0.17    0/4096   
vec_add       16384     0.3649      0.54    0/16384  
vec_mul       16384     0.3749      0.52    0/16384  
vec_scale     16384     0.4719      0.42    0/16384  
vec_add       65536     0.3760      2.09    0/65536  
vec_mul       65536     0.3921      2.01    0/65536  
vec_scale     65536     0.3710      2.12    0/65536  
vec_add      262144     1.2159      2.59    0/262144 
vec_mul      262144     0.9370      3.36    0/262144 
vec_scale    262144     0.6630      4.74    0/262144 
vec_add     1048576     0.7581     16.60    0/1048576
vec_mul     1048576     0.6140     20.49    0/1048576
vec_scale   1048576     0.6380     19.72    0/1048576
vec_add     4194304     1.4551     34.59    0/4194304
vec_mul     4194304     1.2600     39.94    0/4194304
vec_scale   4194304     2.2531     22.34    0/4194304

F-RFC075-METAL-SHAPES-SCALEUP-NUMERIC-EQ: PASS (all 3 shapes × 7 sizes byte_eq)
wrote result.json (3885 bytes)

=== Peak GB/s per shape ===
vec_add: peak 34.59 GB/s @ N=4194304
vec_mul: peak 39.94 GB/s @ N=4194304
vec_scale: peak 22.34 GB/s @ N=4194304
exit=0
