===== HOST INFO =====
Linux summer-B650M-K 6.17.0-29-generic #29~24.04.1-Ubuntu SMP PREEMPT_DYNAMIC Mon May 11 10:30:58 UTC 2 x86_64 x86_64 x86_64 GNU/Linux
NVIDIA GeForce RTX 5070, 580.159.03, 12.0
/usr/local/cuda/bin/ptxas
ptxas: NVIDIA (R) Ptx optimizing assembler
Copyright (c) 2005-2025 NVIDIA Corporation

===== STEP A: ptxas PTX -> cubin (AOT, sm_120 to match RTX 5070) =====
-rw-rw-r-- 1 summer summer 5328  5월 28 00:38 unop.cubin
-rw-r--r-- 1 summer summer  879  5월 28 00:38 unop_wrapped.ptx
PTX_SIZE=879
CUBIN_SIZE=5328

===== STEP B: xxd -i unop.cubin -> unop_cubin_data.h =====
unsigned char unop_cubin_data[] = {
  0x7f, 0x45, 0x4c, 0x46, 0x02, 0x01, 0x01, 0x41, 0x08, 0x00, 0x00, 0x00,
};
unsigned int unop_cubin_data_len = 5328;

===== STEP C: build standalone host (driver-only link) =====
STANDALONE_BIN_SIZE=22176

===== STEP D: ldd standalone (expected: libcuda + libc + ld-linux only) =====
	linux-vdso.so.1 (0x0000711709195000)
	libcuda.so.1 => /lib/x86_64-linux-gnu/libcuda.so.1 (0x0000711703400000)
	libc.so.6 => /lib/x86_64-linux-gnu/libc.so.6 (0x0000711703000000)
	libm.so.6 => /lib/x86_64-linux-gnu/libm.so.6 (0x0000711709087000)
	libdl.so.2 => /lib/x86_64-linux-gnu/libdl.so.2 (0x0000711709082000)
	libpthread.so.0 => /lib/x86_64-linux-gnu/libpthread.so.0 (0x000071170907d000)
	librt.so.1 => /lib/x86_64-linux-gnu/librt.so.1 (0x0000711709076000)
	/lib64/ld-linux-x86-64.so.2 (0x0000711709197000)

===== STEP E: build cuBLAS-using launcher for comparison =====
nvcc warning : Support for offline compilation for architectures prior to '<compute/sm/lto>_75' will be removed in a future release (Use -Wno-deprecated-gpu-targets to suppress warning).
CUBLAS_BIN_SIZE=30832
CUBLAS_BUILD_RC=0

===== STEP F: ldd cuBLAS-using launcher (expected: libcublas + libcudart + ...) =====
	linux-vdso.so.1 (0x00007b8c5ce61000)
	libcublas.so.12 => /usr/local/cuda/targets/x86_64-linux/lib/libcublas.so.12 (0x00007b8c56600000)
	libcudart.so.12 => /usr/local/cuda/targets/x86_64-linux/lib/libcudart.so.12 (0x00007b8c56200000)
	libm.so.6 => /lib/x86_64-linux-gnu/libm.so.6 (0x00007b8c5cd51000)
	libc.so.6 => /lib/x86_64-linux-gnu/libc.so.6 (0x00007b8c55e00000)
	libcublasLt.so.12 => /usr/local/cuda/targets/x86_64-linux/lib/libcublasLt.so.12 (0x00007b8c23a00000)
	librt.so.1 => /lib/x86_64-linux-gnu/librt.so.1 (0x00007b8c5cd4a000)
	libpthread.so.0 => /lib/x86_64-linux-gnu/libpthread.so.0 (0x00007b8c5cd45000)
	libdl.so.2 => /lib/x86_64-linux-gnu/libdl.so.2 (0x00007b8c5cd40000)
	libgcc_s.so.1 => /lib/x86_64-linux-gnu/libgcc_s.so.1 (0x00007b8c5cd12000)
	/lib64/ld-linux-x86-64.so.2 (0x00007b8c5ce63000)

===== STEP G: RUN standalone host -- numeric round-trip =====
standalone-cubin probe numeric round-trip:
  cubin embedded size = 5328 bytes
  input   x = -2
  want    y = -5.25
  got     y = -5.25
  RESULT: PASS (exact f64 equality)
RUN_RC=0

===== STEP H: emit machine-readable result.json =====
{
  "host": "summer-B650M-K",
  "gpu": "NVIDIA GeForce RTX 5070",
  "driver": "580.159.03",
  "ptxas": "Build cuda_12.9.r12.9/compiler.36037853_0",
  "ptx_size_bytes": 879,
  "cubin_size_bytes": 5328,
  "standalone_bin_size_bytes": 22176,
  "cublas_bin_size_bytes": 30832,
  "standalone_dyn_lib_count": 6,
  "cublas_dyn_lib_count": 9,
  "standalone_has_libcuda": 1,
  "standalone_has_libcudart": 0,
  "standalone_has_libcublas": 0,
  "numeric_roundtrip_rc": 0,
  "verdict": "PASS"
}

