Device: NVIDIA GeForce RTX 5070 sm_120
CUDA driver=13000 runtime=12000
loaded hexa-py PTX shape 256 (sgemm_4warp_swizzle_256x256_grid)
  shape 256: regs/thd=64, shmem=8192 B, max_thd_per_block=1024
loaded hexa-py PTX shape 384 (sgemm_4warp_swizzle_384x384_grid)
  shape 384: regs/thd=64, shmem=8192 B, max_thd_per_block=1024
loaded hexa-py PTX shape 512 (sgemm_4warp_swizzle_512x512_grid)
  shape 512: regs/thd=64, shmem=8192 B, max_thd_per_block=1024
loaded hexa-py PTX shape 768 (sgemm_4warp_swizzle_768x768_grid)
  shape 768: regs/thd=64, shmem=8192 B, max_thd_per_block=1024
loaded hexa-py PTX shape 1024 (sgemm_4warp_swizzle_1024x1024_grid)
  shape 1024: regs/thd=64, shmem=8192 B, max_thd_per_block=1024
loaded hexa-py PTX shape 1536 (sgemm_4warp_swizzle_1536x1536_grid)
  shape 1536: regs/thd=64, shmem=8192 B, max_thd_per_block=1024
loaded hexa-py PTX shape 2048 (sgemm_4warp_swizzle_2048x2048_grid)
  shape 2048: regs/thd=64, shmem=8192 B, max_thd_per_block=1024
loaded hexa-py PTX shape 3072 (sgemm_4warp_swizzle_3072x3072_grid)
  shape 3072: regs/thd=64, shmem=8192 B, max_thd_per_block=1024
loaded hexa-py PTX shape 4096 (sgemm_4warp_swizzle_4096x4096_grid)
  shape 4096: regs/thd=64, shmem=8192 B, max_thd_per_block=1024
[M= 256] cuBLAS HGEMM            median=0.006720 ms  std=0.001017  min=0.004064  max=0.013920  TFLOPS=  4.9932
[M= 256] hexa-PY 4warp+swizzle   median=0.006336 ms  std=0.000586  min=0.005088  max=0.007584  TFLOPS=  5.2958  ratio=1.0606  maxabs=0.0000  maxrel=0.0000  CTAs=16  regs=64
[M= 384] cuBLAS HGEMM            median=0.006752 ms  std=0.001111  min=0.006400  max=0.012864  TFLOPS= 16.7722
[M= 384] hexa-PY 4warp+swizzle   median=0.007776 ms  std=0.000586  min=0.006784  max=0.009824  TFLOPS= 14.5636  ratio=0.8683  maxabs=0.0000  maxrel=0.0000  CTAs=36  regs=64
[M= 512] cuBLAS HGEMM            median=0.010816 ms  std=0.000874  min=0.010336  max=0.022080  TFLOPS= 24.8184
[M= 512] hexa-PY 4warp+swizzle   median=0.011872 ms  std=0.000596  min=0.011136  max=0.013920  TFLOPS= 22.6108  ratio=0.9111  maxabs=0.0000  maxrel=0.0000  CTAs=64  regs=64
[M= 768] cuBLAS HGEMM            median=0.019008 ms  std=0.000137  min=0.018240  max=0.019200  TFLOPS= 47.6625
[M= 768] hexa-PY 4warp+swizzle   median=0.022720 ms  std=0.000514  min=0.021376  max=0.024032  TFLOPS= 39.8754  ratio=0.8366  maxabs=0.0000  maxrel=0.0000  CTAs=144  regs=64
[M=1024] cuBLAS HGEMM            median=0.039552 ms  std=0.000575  min=0.038528  max=0.042528  TFLOPS= 54.2952
[M=1024] hexa-PY 4warp+swizzle   median=0.053632 ms  std=0.000704  min=0.052832  max=0.055872  TFLOPS= 40.0411  ratio=0.7375  maxabs=0.0000  maxrel=0.0000  CTAs=256  regs=64
[M=1536] cuBLAS HGEMM            median=0.108880 ms  std=0.001245  min=0.106752  max=0.118240  TFLOPS= 66.5665
[M=1536] hexa-PY 4warp+swizzle   median=0.140384 ms  std=0.001014  min=0.139136  max=0.145760  TFLOPS= 51.6281  ratio=0.7756  maxabs=0.0000  maxrel=0.0000  CTAs=576  regs=64
[M=2048] cuBLAS HGEMM            median=0.256576 ms  std=0.000254  min=0.256000  max=0.257632  TFLOPS= 66.9582
[M=2048] hexa-PY 4warp+swizzle   median=0.313664 ms  std=0.000996  min=0.311584  max=0.317792  TFLOPS= 54.7716  ratio=0.8180  maxabs=0.0000  maxrel=0.0000  CTAs=1024  regs=64
[M=3072] cuBLAS HGEMM            median=0.824560 ms  std=0.001736  min=0.822336  max=0.828672  TFLOPS= 70.3188
[M=3072] hexa-PY 4warp+swizzle   median=1.060928 ms  std=0.001811  min=1.055840  max=1.066208  TFLOPS= 54.6522  ratio=0.7772  maxabs=0.0000  maxrel=0.0000  CTAs=2304  regs=64
[M=4096] cuBLAS HGEMM            median=1.962208 ms  std=0.002061  min=1.953984  max=1.973440  TFLOPS= 70.0430
[M=4096] hexa-PY 4warp+swizzle   median=2.397344 ms  std=0.003245  min=2.393088  max=2.407744  TFLOPS= 57.3297  ratio=0.8185  maxabs=0.0000  maxrel=0.0000  CTAs=4096  regs=64
