[FAIL] cuModuleLoadDataEx = 218 (a PTX JIT compilation failed)
  err log: ptxas application ptx input, line 101; error   : Unexpected instruction types specified for 'wmma.mma'
ptxas application ptx input, line 110; error   : Arguments mismatch for instruction 'wmma.store.d'
ptxas fatal   : Ptx assembly aborted due to errors
  info log: 
EXIT=3
---SEPARATOR---
[hand-fixed PTX fire, for diagnosis]
[JIT info] 
{
  "M": 64, "N": 64, "K": 64,
  "max_abs": 1.359821e+01,
  "max_rel": 1.479357e+03,
  "byte_mismatch": 4096,
  "c_nonzero_cells": 4096,
  "first_nonzero_idx": 0,
  "ref_first_8": [-1.980, 4.992, -2.512, -2.866, -1.160, -1.588, 0.901, -4.402],
  "got_first_8": [-0.026, 3.140, -1.303, -0.069, 0.244, -1.654, 0.752, 4.022]
}
EXIT=4
