# ptxas -arch=sm_80 -- F-FUSION-LAUNCH-AMORT ptxas-clean log
# ptxas: CUDA 12.0 (Built Jan 6 2023), ubu-2
# date: 2026-05-25T08:49:02Z

=== FUSED (fused_chain.ptx) ===
ptxas info    : 0 bytes gmem
ptxas info    : Compiling entry function 'fused_chain' for 'sm_80'
ptxas info    : Function properties for fused_chain
    0 bytes stack frame, 0 bytes spill stores, 0 bytes spill loads
ptxas info    : Used 11 registers, 392 bytes cmem[0]
FUSED_RC=0

=== BASELINE (baseline_chain.ptx) ===
ptxas info    : 0 bytes gmem
ptxas info    : Compiling entry function 'k5_add_resid' for 'sm_80'
ptxas info    : Function properties for k5_add_resid
    0 bytes stack frame, 0 bytes spill stores, 0 bytes spill loads
ptxas info    : Used 12 registers, 380 bytes cmem[0]
ptxas info    : Compiling entry function 'k4_mul_scale' for 'sm_80'
ptxas info    : Function properties for k4_mul_scale
    0 bytes stack frame, 0 bytes spill stores, 0 bytes spill loads
ptxas info    : Used 10 registers, 376 bytes cmem[0]
ptxas info    : Compiling entry function 'k3_gelu' for 'sm_80'
ptxas info    : Function properties for k3_gelu
    0 bytes stack frame, 0 bytes spill stores, 0 bytes spill loads
ptxas info    : Used 11 registers, 372 bytes cmem[0]
ptxas info    : Compiling entry function 'k2_add' for 'sm_80'
ptxas info    : Function properties for k2_add
    0 bytes stack frame, 0 bytes spill stores, 0 bytes spill loads
ptxas info    : Used 10 registers, 376 bytes cmem[0]
ptxas info    : Compiling entry function 'k1_mul' for 'sm_80'
ptxas info    : Function properties for k1_mul
    0 bytes stack frame, 0 bytes spill stores, 0 bytes spill loads
ptxas info    : Used 10 registers, 376 bytes cmem[0]
BASELINE_RC=0
