F-FUSION-AUTOREGRESSIVE-COMPLETE silicon fire -- 2026-05-26
===========================================================
GPU domain v3, Round 12. LAUNCH-BOUND axis: autoregressive single-token decode.
Pivot from R11 attention-GEMM near-ceiling (TERMINAL closed-negative) to the
fusable launch-overhead axis where R6's elementwise moat applies.

HOST    : ubu-2  NVIDIA GeForce RTX 5070 (sm_120, driver 580.159.03)
TOOLS   : ptxas/nvcc CUDA 12.0 V12.0.140
CONTEND : nvidia-smi at fire time -> GPU 0% util, no compute procs
          -> CONTENTION RULE satisfied -> timed wall taken.
SHAPE   : GPT-2-small d=768, n_heads=12, head_dim=64, FFN inner=3072.
          KV-cache-len sweep L in {64,256,512,1024,1536,2048,4096}.

ARTIFACTS
  decode_fused.ptx              hand-authored fused 2-mega-kernel decode (pure ASCII),
                                emitted via nvcc -ptx from author-controlled CUDA source.
  decode_fused_kernels.cu       fused kernel source (multi-CTA cooperative, grid.sync).
  decode_fused_host.cu          fused launcher (driver API cuLaunchCooperativeKernel,
                                f64 CPU autoregressive ref, cudaEvent timing).
  decode_eager_baseline.cu      FAIR eager baseline (18 per-op kernels, each parallel).

THE TWO FUSED MEGA-KERNELS (2 launches/layer vs eager's 18)
  decode_attn_fused : RMSNorm + Q/K/V GEMV + KV-cache append + masked single-q
                      FLASH attention (online softmax, KEYS PARALLELIZED across
                      KW warps/head + flash-merge) + O-proj + residual.
                      6 grid.sync() phase barriers. 45 regs, 1024 B smem.
  decode_ffn_fused  : RMSNorm + gate/up GEMV + SwiGLU + down GEMV + residual.
                      4 grid.sync() phase barriers. 37 regs, 1024 B smem.
  Multi-CTA cooperative grid (cuLaunchCooperativeKernel). Each GEMV's output
  rows striped across ALL grid warps (coalesced warp-coop dots). NOT the R9
  single-CTA single-thread-per-row stub.

PTXAS-CLEAN
  PTX pure-ASCII. ptxas -arch=sm_80 rc=0 ; sm_90 rc=0 ; driver-JIT sm_120
  (cuModuleLoadDataEx CU_JIT_TARGET_FROM_CUCONTEXT) rc=0.
  attn: 45 reg / 1024 B smem / 0 spill. ffn: 37 reg / 1024 B smem / 0 spill.

EAGER BASELINE FAIRNESS (R11 lesson -- each sub-kernel coalesced/parallel?)
  Per-sub-kernel median (L=4096): rmsnorm 0.0040 gemv_DxD 0.0053 gemv_FFxD 0.0065
  gemv_DxFF 0.0061 kv_append 0.0027 qk_scores 0.0143 softmax 0.0062
  attn_av 0.0069 residual 0.0026 swiglu 0.0045 ms.
  *** STRAWMAN CAUGHT + FIXED: first eager attn_av was CTA-per-head, HD=64 thr,
  serial-over-L -> 0.076 ms @ L=4096 (dominated the layer, faked a 47% fused
  win). REWROTE to key-parallel (split L across KB blocks + flash-merge) ->
  0.0069 ms @ L=4096 (10x). The +18-launch (added a zero-init kernel) eager is
  the FAIR baseline. All sub-kernels now coalesced/parallel; none naive. ***

NUMERIC (FIRST GATE) -- per-row-scaled rel-err <= 1e-2 + NaN/Inf hard-fail,
vs f64 CPU autoregressive reference, each L (both eager and fused):
  fused max_rel <= 3.2e-05 ALL L ; nan_inf=0 ALL L -> PASS.
  eager max_rel <= 1.6e-05 ALL L ; nan_inf=0 ALL L -> PASS (ref correct).

CONTENTION GATE then TIMED (cudaEvent 20 warmup + 200 median; canonical =
median of 3 such runs; fused GRID=120 cooperative CTAs):
  L      eager_us   fused_us   fused/eager   speedup
  64      65.8       61.6       0.936        +6.4%
  256     65.9       63.6       0.966        +3.4%
  512     71.4       63.7       0.892       +10.8%
  1024    74.0       65.8       0.889       +11.1%   <- best launch-bound win
  1536    75.9       90.3       1.189       -18.9%   <- CROSSOVER to loss
  2048    82.1      100.6       1.225       -22.5%
  4096   155.8      162.8       1.044        -4.4%

LAUNCH-SAVING REALIZED vs THEORETICAL
  per-launch overhead (measured, 18 noop back-to-back best-of-300): 1.81 us.
  grid.sync unit cost (measured, isolated): 0.85 us.
  gross launch saving  : (18-2) x 1.81 = 28.9 us/layer.
  grid.sync paid       : 10 syncs x 0.85 = 8.5 us/layer.
  net theoretical win  : 28.9 - 8.5 = ~20.4 us/layer.
  realized @ L=1024    : 74.0 - 65.8 = ~8.2 us/layer (~40% of net theoretical;
                         ~28% of gross launch saving).
  WHAT SWAMPED IT: the fused kernel BODY is slightly slower than the sum of
  eager's optimized per-op kernel bodies -- (a) flash-merge reads KW partials
  serially per head; (b) 10 grid.sync barriers serialize phases, defeating the
  cross-kernel latency-hiding the GPU does between independent eager launches;
  (c) cooperative-launch occupancy/grid-size is a single global config (GRID=120
  optimal), can't be retuned per phase like eager's 18 independent grids.

CROSSOVER : L ~ 1536. For L <= 1024 (launch-bound) fusion wins +3 to +11%;
  for L >= 1536 (attention compute/memory-bound) eager's per-phase-tuned
  key-parallel attention scales better and fusion loses.

VERDICT (g3 honest)
  numeric FIRST GATE   : PASS (all L, rel-err ~1e-5, nan_inf=0).
  complete kernel      : YES (real RMSNorm+QKV+KV-append+masked-attn+O+RMSNorm
                         +SwiGLU, 2 mega-kernels, properly multi-CTA parallel).
  fair baseline        : YES (strawman attn_av caught + fixed; all sub-kernels
                         coalesced/parallel).
  honest metric        : per-row rel-err + NaN/Inf counter, median-of-3.
  >=30% above eager    : NO at any L (best +11.1% @ L=1024).
  => 🟠 SUB-THRESHOLD WIN. The launch-bound fusion moat is REAL for decode
     (fusion wins the launch-bound regime L<=1024) but the realized saving
     (+3 to +11%) is below the 30% gate. NOT FALSIFIED-numeric, NOT a 🟢.
  §10 axis-E decode row : stays [ ] (sub-threshold; honest record appended).
  paper                : NOT triggered (🟠, gate requires 🟢 per @D paper_gate).

INVARIANTS
  @F f1 no LLVM. @F f2 no C-transpile changes. PTX authored + nvcc-assembled;
  driver API launch. CPU codegen untouched (md5 x86_64_linux.hexa
  b50a2a3c8ab0ba0802bcc7b4c0419992 preserved vs origin/main).
