Device: NVIDIA GeForce RTX 5070 sm_120
CUDA driver=13000 runtime=12000
loaded hexa-ldmatrix PTX shape 256 (sgemm_ldmatrix_256x256_grid)
loaded hexa-ldmatrix PTX shape 384 (sgemm_ldmatrix_384x384_grid)
loaded hexa-ldmatrix PTX shape 512 (sgemm_ldmatrix_512x512_grid)
loaded hexa-ldmatrix PTX shape 768 (sgemm_ldmatrix_768x768_grid)
loaded hexa-ldmatrix PTX shape 1024 (sgemm_ldmatrix_1024x1024_grid)
loaded hexa-ldmatrix PTX shape 1536 (sgemm_ldmatrix_1536x1536_grid)
[M= 256] cuBLAS HGEMM            median=0.007456 ms  std=0.001258  min=0.006208  max=0.013792  TFLOPS=  4.5003
[M= 256] hexa-ldmatrix HGEMM     median=0.007616 ms  std=0.000683  min=0.006784  max=0.015808  TFLOPS=  4.4058  ratio=0.9790  maxabs=0.0000  maxrel=0.0000
[M= 384] cuBLAS HGEMM            median=0.008672 ms  std=0.000590  min=0.007360  max=0.010592  TFLOPS= 13.0588
[M= 384] hexa-ldmatrix HGEMM     median=0.009664 ms  std=0.000248  min=0.008672  max=0.010688  TFLOPS= 11.7184  ratio=0.8974  maxabs=0.0000  maxrel=0.0000
[M= 512] cuBLAS HGEMM            median=0.011520 ms  std=0.000973  min=0.010432  max=0.020864  TFLOPS= 23.3017
[M= 512] hexa-ldmatrix HGEMM     median=0.017856 ms  std=0.000315  min=0.016448  max=0.019872  TFLOPS= 15.0333  ratio=0.6452  maxabs=0.0000  maxrel=0.0000
[M= 768] cuBLAS HGEMM            median=0.019744 ms  std=0.000598  min=0.018496  max=0.021920  TFLOPS= 45.8858
[M= 768] hexa-ldmatrix HGEMM     median=0.034240 ms  std=0.000266  min=0.033056  max=0.035232  TFLOPS= 26.4594  ratio=0.5766  maxabs=0.0000  maxrel=0.0000
[M=1024] cuBLAS HGEMM            median=0.040752 ms  std=0.000697  min=0.039392  max=0.043456  TFLOPS= 52.6964
[M=1024] hexa-ldmatrix HGEMM     median=0.085136 ms  std=0.000519  min=0.084160  max=0.086912  TFLOPS= 25.2242  ratio=0.4787  maxabs=0.0000  maxrel=0.0000
[M=1536] cuBLAS HGEMM            median=0.107136 ms  std=0.001003  min=0.106848  max=0.110176  TFLOPS= 67.6501
[M=1536] hexa-ldmatrix HGEMM     median=0.231680 ms  std=0.000799  min=0.229696  max=0.233824  TFLOPS= 31.2835  ratio=0.4624  maxabs=0.0000  maxrel=0.0000
