Device: NVIDIA GeForce RTX 5070 sm_120
CUDA driver=13000 runtime=12000
loaded hexa-shared PTX shape 256 (sgemm_shared_256x256_grid)
loaded hexa-shared PTX shape 384 (sgemm_shared_384x384_grid)
loaded hexa-shared PTX shape 512 (sgemm_shared_512x512_grid)
loaded hexa-shared PTX shape 768 (sgemm_shared_768x768_grid)
loaded hexa-shared PTX shape 1024 (sgemm_shared_1024x1024_grid)
loaded hexa-shared PTX shape 1536 (sgemm_shared_1536x1536_grid)
[M= 256] cuBLAS SGEMM        median=0.008736 ms  std=0.001031  min=0.005632  max=0.020032  TFLOPS=  3.8409
[M= 256] hexa-shared SGEMM   median=0.016592 ms  std=0.000748  min=0.015328  max=0.017984  TFLOPS=  2.0223  ratio=0.5265  maxabs=0.000000
[M= 384] cuBLAS SGEMM        median=0.008800 ms  std=0.000708  min=0.008096  max=0.018016  TFLOPS= 12.8689
[M= 384] hexa-shared SGEMM   median=0.023648 ms  std=0.000735  min=0.022560  max=0.025920  TFLOPS=  4.7888  ratio=0.3721  maxabs=0.000000
[M= 512] cuBLAS SGEMM        median=0.016960 ms  std=0.000465  min=0.015424  max=0.018016  TFLOPS= 15.8276
[M= 512] hexa-shared SGEMM   median=0.037104 ms  std=0.000911  min=0.034880  max=0.038656  TFLOPS=  7.2347  ratio=0.4571  maxabs=0.000000
[M= 768] cuBLAS SGEMM        median=0.039328 ms  std=0.000866  min=0.038272  max=0.048192  TFLOPS= 23.0362
[M= 768] hexa-shared SGEMM   median=0.075104 ms  std=0.000928  min=0.072832  max=0.077440  TFLOPS= 12.0629  ratio=0.5236  maxabs=0.000000
[M=1024] cuBLAS SGEMM        median=0.096768 ms  std=0.000604  min=0.094592  max=0.097888  TFLOPS= 22.1921
[M=1024] hexa-shared SGEMM   median=0.184640 ms  std=0.000598  min=0.183136  max=0.186912  TFLOPS= 11.6307  ratio=0.5241  maxabs=0.000000
[M=1536] cuBLAS SGEMM        median=0.220736 ms  std=0.000308  min=0.219296  max=0.221760  TFLOPS= 32.8345
[M=1536] hexa-shared SGEMM   median=0.522592 ms  std=0.000859  min=0.521216  max=0.525856  TFLOPS= 13.8689  ratio=0.4224  maxabs=0.000000
