Device: NVIDIA GeForce RTX 5070 sm_120
CUDA driver=13000 runtime=12000
loaded hexa-stack PTX shape 256 (sgemm_ldmatrix_cpasync_256x256_grid)
loaded hexa-stack PTX shape 384 (sgemm_ldmatrix_cpasync_384x384_grid)
loaded hexa-stack PTX shape 512 (sgemm_ldmatrix_cpasync_512x512_grid)
loaded hexa-stack PTX shape 768 (sgemm_ldmatrix_cpasync_768x768_grid)
loaded hexa-stack PTX shape 1024 (sgemm_ldmatrix_cpasync_1024x1024_grid)
loaded hexa-stack PTX shape 1536 (sgemm_ldmatrix_cpasync_1536x1536_grid)
[M= 256] cuBLAS HGEMM            median=0.006624 ms  std=0.001273  min=0.005408  max=0.013856  TFLOPS=  5.0656
[M= 256] hexa-stack HGEMM        median=0.007264 ms  std=0.000899  min=0.005984  max=0.015936  TFLOPS=  4.6193  ratio=0.9119  maxabs=0.0000  maxrel=0.0000
[M= 384] cuBLAS HGEMM            median=0.006752 ms  std=0.001177  min=0.006368  max=0.012896  TFLOPS= 16.7722
[M= 384] hexa-stack HGEMM        median=0.009248 ms  std=0.000714  min=0.008128  max=0.015008  TFLOPS= 12.2455  ratio=0.7301  maxabs=0.0000  maxrel=0.0000
[M= 512] cuBLAS HGEMM            median=0.010848 ms  std=0.000628  min=0.010240  max=0.017920  TFLOPS= 24.7452
[M= 512] hexa-stack HGEMM        median=0.015488 ms  std=0.000607  min=0.014368  max=0.016512  TFLOPS= 17.3318  ratio=0.7004  maxabs=0.0000  maxrel=0.0000
[M= 768] cuBLAS HGEMM            median=0.019040 ms  std=0.000301  min=0.018176  max=0.020064  TFLOPS= 47.5824
[M= 768] hexa-stack HGEMM        median=0.030304 ms  std=0.000650  min=0.028896  max=0.032256  TFLOPS= 29.8960  ratio=0.6283  maxabs=0.0000  maxrel=0.0000
[M=1024] cuBLAS HGEMM            median=0.039552 ms  std=0.000598  min=0.037632  max=0.042528  TFLOPS= 54.2952
[M=1024] hexa-stack HGEMM        median=0.073952 ms  std=0.000716  min=0.071936  max=0.076320  TFLOPS= 29.0389  ratio=0.5348  maxabs=0.0000  maxrel=0.0000
[M=1536] cuBLAS HGEMM            median=0.107136 ms  std=0.001042  min=0.106848  max=0.110144  TFLOPS= 67.6501
[M=1536] hexa-stack HGEMM        median=0.200992 ms  std=0.000673  min=0.199552  max=0.203200  TFLOPS= 36.0599  ratio=0.5330  maxabs=0.0000  maxrel=0.0000
