============================================================
RFC 067 N199 PWGMMA-HILBERT-CONDITIONAL — ptxas verification
============================================================

## sm_90a (Hopper) ptxas verification — EXPECTED PASS

### sgemm_wgmma_cond_256x256_grid.ptx
ptxas info    : 0 bytes gmem
ptxas info    : Compiling entry function 'sgemm_wgmma_cond_256x256_grid' for 'sm_90a'
ptxas info    : Function properties for sgemm_wgmma_cond_256x256_grid
    0 bytes stack frame, 0 bytes spill stores, 0 bytes spill loads
ptxas info    : Used 58 registers, used 1 barriers, 8192 bytes smem
ptxas info    : Compile time = 6.593 ms

### sgemm_wgmma_cond_384x384_grid.ptx
ptxas info    : 0 bytes gmem
ptxas info    : Compiling entry function 'sgemm_wgmma_cond_384x384_grid' for 'sm_90a'
ptxas info    : Function properties for sgemm_wgmma_cond_384x384_grid
    0 bytes stack frame, 0 bytes spill stores, 0 bytes spill loads
ptxas info    : Used 58 registers, used 1 barriers, 8192 bytes smem
ptxas info    : Compile time = 6.157 ms

### sgemm_wgmma_cond_512x512_grid.ptx
ptxas info    : 0 bytes gmem
ptxas info    : Compiling entry function 'sgemm_wgmma_cond_512x512_grid' for 'sm_90a'
ptxas info    : Function properties for sgemm_wgmma_cond_512x512_grid
    0 bytes stack frame, 0 bytes spill stores, 0 bytes spill loads
ptxas info    : Used 58 registers, used 1 barriers, 8192 bytes smem
ptxas info    : Compile time = 6.143 ms

### sgemm_wgmma_cond_1024x1024_grid.ptx
ptxas info    : 0 bytes gmem
ptxas info    : Compiling entry function 'sgemm_wgmma_cond_1024x1024_grid' for 'sm_90a'
ptxas info    : Function properties for sgemm_wgmma_cond_1024x1024_grid
    0 bytes stack frame, 0 bytes spill stores, 0 bytes spill loads
ptxas info    : Used 58 registers, used 1 barriers, 8192 bytes smem
ptxas info    : Compile time = 6.516 ms

### sgemm_wgmma_cond_2048x2048_grid.ptx
ptxas info    : 0 bytes gmem
ptxas info    : Compiling entry function 'sgemm_wgmma_cond_2048x2048_grid' for 'sm_90a'
ptxas info    : Function properties for sgemm_wgmma_cond_2048x2048_grid
    0 bytes stack frame, 0 bytes spill stores, 0 bytes spill loads
ptxas info    : Used 58 registers, used 1 barriers, 8192 bytes smem
ptxas info    : Compile time = 6.593 ms

### sgemm_wgmma_cond_4096x4096_grid.ptx
ptxas info    : 0 bytes gmem
ptxas info    : Compiling entry function 'sgemm_wgmma_cond_4096x4096_grid' for 'sm_90a'
ptxas info    : Function properties for sgemm_wgmma_cond_4096x4096_grid
    0 bytes stack frame, 0 bytes spill stores, 0 bytes spill loads
ptxas info    : Used 58 registers, used 1 barriers, 8192 bytes smem
ptxas info    : Compile time = 6.690 ms

### sgemm_wgmma_cond_6144x6144_grid.ptx
ptxas info    : 0 bytes gmem
ptxas info    : Compiling entry function 'sgemm_wgmma_cond_6144x6144_grid' for 'sm_90a'
ptxas info    : Function properties for sgemm_wgmma_cond_6144x6144_grid
    0 bytes stack frame, 0 bytes spill stores, 0 bytes spill loads
ptxas info    : Used 58 registers, used 1 barriers, 8192 bytes smem
ptxas info    : Compile time = 6.843 ms

### sgemm_wgmma_cond_8192x8192_grid.ptx
ptxas info    : 0 bytes gmem
ptxas info    : Compiling entry function 'sgemm_wgmma_cond_8192x8192_grid' for 'sm_90a'
ptxas info    : Function properties for sgemm_wgmma_cond_8192x8192_grid
    0 bytes stack frame, 0 bytes spill stores, 0 bytes spill loads
ptxas info    : Used 58 registers, used 1 barriers, 8192 bytes smem
ptxas info    : Compile time = 6.845 ms


## sm_120a (RTX 5070 Blackwell consumer) ptxas verification — EXPECTED REJECT

### sgemm_wgmma_cond_256x256_grid.ptx
ptxas sgemm_wgmma_cond_256x256_grid.ptx, line 271; error   : Instruction 'wgmma.fence' cannot be compiled for architecture 'sm_120a'
ptxas sgemm_wgmma_cond_256x256_grid.ptx, line 272; error   : Instruction 'wgmma.mma_async with floating point types' cannot be compiled for architecture 'sm_120a'
ptxas sgemm_wgmma_cond_256x256_grid.ptx, line 276; error   : Instruction 'wgmma.commit_group' cannot be compiled for architecture 'sm_120a'
ptxas sgemm_wgmma_cond_256x256_grid.ptx, line 277; error   : Instruction 'wgmma.wait_group' cannot be compiled for architecture 'sm_120a'
ptxas fatal   : Ptx assembly aborted due to errors

### sgemm_wgmma_cond_4096x4096_grid.ptx
ptxas sgemm_wgmma_cond_4096x4096_grid.ptx, line 351; error   : Instruction 'wgmma.fence' cannot be compiled for architecture 'sm_120a'
ptxas sgemm_wgmma_cond_4096x4096_grid.ptx, line 352; error   : Instruction 'wgmma.mma_async with floating point types' cannot be compiled for architecture 'sm_120a'
ptxas sgemm_wgmma_cond_4096x4096_grid.ptx, line 356; error   : Instruction 'wgmma.commit_group' cannot be compiled for architecture 'sm_120a'
ptxas sgemm_wgmma_cond_4096x4096_grid.ptx, line 357; error   : Instruction 'wgmma.wait_group' cannot be compiled for architecture 'sm_120a'
ptxas fatal   : Ptx assembly aborted due to errors

### sgemm_wgmma_cond_8192x8192_grid.ptx
ptxas sgemm_wgmma_cond_8192x8192_grid.ptx, line 371; error   : Instruction 'wgmma.fence' cannot be compiled for architecture 'sm_120a'
ptxas sgemm_wgmma_cond_8192x8192_grid.ptx, line 372; error   : Instruction 'wgmma.mma_async with floating point types' cannot be compiled for architecture 'sm_120a'
ptxas sgemm_wgmma_cond_8192x8192_grid.ptx, line 376; error   : Instruction 'wgmma.commit_group' cannot be compiled for architecture 'sm_120a'
ptxas sgemm_wgmma_cond_8192x8192_grid.ptx, line 377; error   : Instruction 'wgmma.wait_group' cannot be compiled for architecture 'sm_120a'
ptxas fatal   : Ptx assembly aborted due to errors

============================================================
host        : summer-B650M-K
ptxas       : ptxas: NVIDIA (R) Ptx optimizing assembler
cuda toolkit: 12.9
GPU         : NVIDIA GeForce RTX 5070, 12.0
============================================================
