RFC 075 P3+ Metal codegen — reduce-sum silicon fire (Apple M3)
================================================================
date:       2026-05-21
device:     Apple M3 (registry_id 4294968442)
toolchain:  xcrun metal 32023.883 / AIR-LLD 32023.883
shape:      reduce_sum (FIRST non-element-wise codegen shape)

BUILD
-----
$ xcrun --sdk macosx metal -c reduce_sum.metal -o reduce_sum.air
$ xcrun --sdk macosx metallib reduce_sum.air -o reduce_sum.metallib
(both succeeded, no warnings)

CODEGEN BYTE-EQ
---------------
hand-emitted reduce_sum.metal byte-identical to expected codegen output
md5(reduce_sum.metal) = 1ebc50c39c69b478f81340f9af5e26ac
(verified via diff against trace-built codegen string — PASS)

EXECUTION
---------
device=Apple M3

kernel       N    groups  expected  max|d|     byte_mm   PASS/FAIL
---------- ---- -------- --------- ---------  ---------  ---------
reduce_sum 1024       32     32.0   0.000000     0/32     PASS

F-RFC075-METAL-REDUCE-SUM-NUMERIC-EQ: PASS (32 per-SIMD-group outputs all == 32.0)
wrote result.json (422 bytes)

ARTIFACTS
---------
reduce_sum.metal      — source (codegen-byte-identical)
reduce_sum.air        — AIR bytecode
reduce_sum.metallib   — Metal library
host_reduce.swift     — Swift host (LCG inputs, 32-wide threadgroup, byte-eq check)
result.json           — structured falsifier outcome

HONEST CAVEATS
--------------
- N=1024 with all-1.0 inputs: trivially exact, FP32 sum of 32 ones = 32.0.
  Stresses correctness of `simd_sum` + `simd_is_first` + per-group write
  pattern, NOT FP-summation rounding semantics.
- Per-SIMD-group output (32 cells) only — full single-scalar reduction
  is follow-on (needs second-pass kernel or single-threadgroup launch).
- MIR shape recognised by `_metal_mfunc_is_reduce_sum_shape` is
  SYNTHETIC — no real parser/lowering produces it today. See recogniser
  docstring in compiler/codegen/metal_target.hexa for the scaffold note.
