# RFC 071 P11 natural-loop matmul source-to-silicon — FIRE LOG
# 2026-05-22 · ubu-1 RTX 5070 (driver 580.159.04) · CUDA 12.9
# Branch worktree-agent-ac5d83401a37b1290 · commits c440d002 + 9e937ad9

## 1. Emit (ubu-1 /tmp fresh clone, compiled module-loader flatten, NO interp OOM)
$ build/hexa_module_loader emit_ptx_harness.hexa build/emit_flat.hexa   # 24 files
$ self/native/hexa_v2 build/emit_flat.hexa build/emit_flat.c            # OK
$ clang ... build/emit_flat_ext.c self/runtime.c -o build/emit_ptx_harness  # rc=0
$ ./build/emit_ptx_harness compiler/codegen/nvptx_p11_matmul_natural_test.hexa sm_80 matmul_naive.sm_80.ptx
[emit] src=compiler/codegen/nvptx_p11_matmul_natural_test.hexa sm=sm_80 out=matmul_naive.sm_80.ptx

## 2. WMMA verification
$ grep -oE 'wmma\.[a-z.0-9]+' matmul_naive.sm_80.ptx | cut -d. -f1-3 | sort | uniq -c
      1 wmma.load.a
      1 wmma.load.b
      1 wmma.mma.sync
      1 wmma.store.d
# byte-identical instruction set to matmul_kernel.sm_80.BUILTIN_CONTROL_WMMA.ptx
# emit deterministic (3x re-emit MD5 ff11068f4b87cfb89ebb34763c7f9479)

## 3. Silicon fire
$ gcc -O2 -I/usr/local/cuda/include host_matmul.c -L/usr/local/cuda/lib64 -lcuda -o host_matmul
$ LD_LIBRARY_PATH=/usr/local/cuda/lib64 ./host_matmul matmul_naive.sm_80.ptx
[JIT info]
{
  "M": 64, "N": 64, "K": 64,
  "max_abs": 2.622604e-06,
  "max_rel": 5.385030e-04,
  "byte_mismatch": 3324,
  "c_nonzero_cells": 4096,
  "first_nonzero_idx": 0,
  "ref_first_8": [-1.980, 4.992, -2.512, -2.866, -1.160, -1.588, 0.901, -4.402],
  "got_first_8": [-1.980, 4.992, -2.512, -2.866, -1.160, -1.588, 0.901, -4.402]
}
# fire-rc=0 (max_abs 2.62e-06 < 1e-2 tolerance)

## VERDICT
F-RFC071-NVPTX-MATMUL-NATURAL-LOOP-SOURCE-TO-SILICON: PASS
Natural-loop matmul source-to-silicon CLOSED end-to-end (the N153 milestone).
