=== rfc067 ptma probe fire (ubu-1) ===
2026. 05. 22. (금) 08:36:20 UTC

--- GPU ---
name, driver_version, compute_cap
NVIDIA GeForce RTX 5070, 580.159.04, 12.0

--- ptxas version ---
ptxas: NVIDIA (R) Ptx optimizing assembler
Copyright (c) 2005-2025 NVIDIA Corporation
Built on Tue_May_27_02:18:05_PDT_2025
Cuda compilation tools, release 12.9, V12.9.86
Build cuda_12.9.r12.9/compiler.36037853_0

--- Step 1: offline ptxas accept check at sm_90a (the documented target) ---
ptxas fatal   : SM version specified by .target is higher than default SM version assumed
ptxas sm_90a exit=255

--- Step 2: offline ptxas accept check at sm_120a (the device's own arch) ---
ptxas sm_120a exit=0

--- Step 3: build host driver ---
host build exit=0

--- Step 4: fire ---
Device: NVIDIA GeForce RTX 5070 sm_120  driver=13000
[OK] cuTensorMapEncodeTiled succeeded
[OK] cuModuleLoadDataEx succeeded -- driver JIT accepted cp.async.bulk.tensor on sm_120
[OK] kernel launched + synchronized
[VERIFY] tile_elements=4096 mismatch=0 byte_mismatch=0

fire exit=0

--- result.json ---
{
  "rfc": "067-ptma-probe",
  "date_utc": "2026-05-22",
  "host": "ubu-1",
  "device": "NVIDIA GeForce RTX 5070",
  "sm": "sm_120",
  "driver_version": 13000,
  "ptx_target": "sm_120a",
  "ptx_version": "8.7",
  "jit_target_from_context": "sm_120",
  "tile_h": 64, "tile_w": 64, "dtype": "float16",
  "tmap_encoded": true,
  "ptx_accepted": true,
  "module_loaded": true,
  "kernel_launched": true,
  "byte_mismatch": 0,
  "tile_elements": 4096,
  "verdict": "TMA_AVAILABLE_BIT_EXACT"
}
