=== shape 512 ===
ptxas info    : 0 bytes gmem
ptxas info    : Compiling entry function 'sgemm_tma_multistage_mma_512x512_grid' for 'sm_120a'
ptxas info    : Function properties for sgemm_tma_multistage_mma_512x512_grid
    8 bytes stack frame, 0 bytes spill stores, 0 bytes spill loads
ptxas info    : Used 64 registers, used 1 barriers, 8 bytes cumulative stack size, 12312 bytes smem
ptxas info    : Compile time = 30.268 ms
=== shape 1024 ===
ptxas info    : 0 bytes gmem
ptxas info    : Compiling entry function 'sgemm_tma_multistage_mma_1024x1024_grid' for 'sm_120a'
ptxas info    : Function properties for sgemm_tma_multistage_mma_1024x1024_grid
    8 bytes stack frame, 0 bytes spill stores, 0 bytes spill loads
ptxas info    : Used 64 registers, used 1 barriers, 8 bytes cumulative stack size, 12312 bytes smem
ptxas info    : Compile time = 29.968 ms
=== shape 2048 ===
ptxas info    : 0 bytes gmem
ptxas info    : Compiling entry function 'sgemm_tma_multistage_mma_2048x2048_grid' for 'sm_120a'
ptxas info    : Function properties for sgemm_tma_multistage_mma_2048x2048_grid
    8 bytes stack frame, 0 bytes spill stores, 0 bytes spill loads
ptxas info    : Used 64 registers, used 1 barriers, 8 bytes cumulative stack size, 12312 bytes smem
ptxas info    : Compile time = 31.447 ms
=== shape 4096 ===
ptxas info    : 0 bytes gmem
ptxas info    : Compiling entry function 'sgemm_tma_multistage_mma_4096x4096_grid' for 'sm_120a'
ptxas info    : Function properties for sgemm_tma_multistage_mma_4096x4096_grid
    8 bytes stack frame, 0 bytes spill stores, 0 bytes spill loads
ptxas info    : Used 64 registers, used 1 barriers, 8 bytes cumulative stack size, 12312 bytes smem
ptxas info    : Compile time = 30.312 ms
=== shape 6144 ===
ptxas info    : 0 bytes gmem
ptxas info    : Compiling entry function 'sgemm_tma_multistage_mma_6144x6144_grid' for 'sm_120a'
ptxas info    : Function properties for sgemm_tma_multistage_mma_6144x6144_grid
    8 bytes stack frame, 0 bytes spill stores, 0 bytes spill loads
ptxas info    : Used 64 registers, used 1 barriers, 8 bytes cumulative stack size, 12312 bytes smem
ptxas info    : Compile time = 31.619 ms
=== shape 8192 ===
ptxas info    : 0 bytes gmem
ptxas info    : Compiling entry function 'sgemm_tma_multistage_mma_8192x8192_grid' for 'sm_120a'
ptxas info    : Function properties for sgemm_tma_multistage_mma_8192x8192_grid
    8 bytes stack frame, 0 bytes spill stores, 0 bytes spill loads
ptxas info    : Used 64 registers, used 1 barriers, 8 bytes cumulative stack size, 12312 bytes smem
ptxas info    : Compile time = 29.496 ms
