Device: NVIDIA GeForce RTX 5070 sm_120
CUDA driver=13000 runtime=12090
loaded hexa-P6H PTX shape 256 (sgemm_4warp_6stage_hilbert_256x256_grid)
  shape 256: regs/thd=64, shmem=24576 B, max_thd_per_block=1024
loaded hexa-P6H PTX shape 384 (sgemm_4warp_6stage_hilbert_384x384_grid)
  shape 384: regs/thd=64, shmem=24576 B, max_thd_per_block=1024
loaded hexa-P6H PTX shape 512 (sgemm_4warp_6stage_hilbert_512x512_grid)
  shape 512: regs/thd=64, shmem=24576 B, max_thd_per_block=1024
loaded hexa-P6H PTX shape 4096 (sgemm_4warp_6stage_hilbert_4096x4096_grid)
  shape 4096: regs/thd=64, shmem=24576 B, max_thd_per_block=1024
loaded hexa-P6H PTX shape 6144 (sgemm_4warp_6stage_hilbert_6144x6144_grid)
  shape 6144: regs/thd=64, shmem=24576 B, max_thd_per_block=1024
loaded hexa-P6H PTX shape 8192 (sgemm_4warp_6stage_hilbert_8192x8192_grid)
  shape 8192: regs/thd=64, shmem=24576 B, max_thd_per_block=1024
Device VRAM free=11601.19 MB total=11772.44 MB
[M= 256] allocating 0.50 MB device memory (A=128 KB + B=128 KB + C=256 KB)
[M= 256] cuBLAS HGEMM             median=0.006688 ms  std=0.001093  min=0.006240  max=0.013920  TFLOPS=  5.0171
[M= 256] hexa-P6H 6stage+Hilbert median=0.006176 ms  std=0.000933  min=0.004832  max=0.014816  TFLOPS=  5.4330  ratio=1.0829  maxabs=0.0000  maxrel=0.0000  CTAs=16  regs=64  shmem=24576
[M= 384] allocating 1.12 MB device memory (A=288 KB + B=288 KB + C=576 KB)
[M= 384] cuBLAS HGEMM             median=0.006736 ms  std=0.001016  min=0.006464  max=0.010848  TFLOPS= 16.8121
[M= 384] hexa-P6H 6stage+Hilbert median=0.010496 ms  std=0.000777  min=0.009248  max=0.013344  TFLOPS= 10.7895  ratio=0.6418  maxabs=0.0000  maxrel=0.0000  CTAs=36  regs=64  shmem=24576
[M= 512] allocating 2.00 MB device memory (A=512 KB + B=512 KB + C=1024 KB)
[M= 512] cuBLAS HGEMM             median=0.010784 ms  std=0.000266  min=0.010336  max=0.012864  TFLOPS= 24.8920
[M= 512] hexa-P6H 6stage+Hilbert median=0.012352 ms  std=0.000657  min=0.011200  max=0.013920  TFLOPS= 21.7321  ratio=0.8731  maxabs=0.0000  maxrel=0.0000  CTAs=64  regs=64  shmem=24576
[M=4096] allocating 128.00 MB device memory (A=32768 KB + B=32768 KB + C=65536 KB)
[M=4096] cuBLAS HGEMM             median=1.980608 ms  std=0.003325  min=1.968384  max=1.983648  TFLOPS= 69.3923
[M=4096] hexa-P6H 6stage+Hilbert median=2.395296 ms  std=0.001743  min=2.391040  max=2.401152  TFLOPS= 57.3787  ratio=0.8269  maxabs=0.0000  maxrel=0.0000  CTAs=4096  regs=64  shmem=24576
[M=6144] allocating 288.00 MB device memory (A=73728 KB + B=73728 KB + C=147456 KB)
[M=6144] cuBLAS HGEMM             median=6.612208 ms  std=0.011864  min=6.607424  max=6.639840  TFLOPS= 70.1515
[M=6144] hexa-P6H 6stage+Hilbert median=7.916640 ms  std=0.003185  min=7.908544  max=7.926976  TFLOPS= 58.5926  ratio=0.8352  maxabs=0.0000  maxrel=0.0000  CTAs=9216  regs=64  shmem=24576
[M=8192] allocating 512.00 MB device memory (A=131072 KB + B=131072 KB + C=262144 KB)
[M=8192] cuBLAS HGEMM             median=15.664176 ms  std=0.004042  min=15.661088  max=15.707040  TFLOPS= 70.1928
[M=8192] hexa-P6H 6stage+Hilbert median=18.614304 ms  std=0.037071  min=18.514048  max=18.636127  TFLOPS= 59.0681  ratio=0.8415  maxabs=0.0000  maxrel=0.0000  CTAs=16384  regs=64  shmem=24576
