Device: NVIDIA GeForce RTX 5070 sm_120
CUDA driver=13000 runtime=12000
loaded hexa-tile128 PTX shape 256 (sgemm_tile128_256x256_grid)
  shape 256: regs/thd=47, shmem=16384 B, max_thd_per_block=1024
loaded hexa-tile128 PTX shape 384 (sgemm_tile128_384x384_grid)
  shape 384: regs/thd=47, shmem=16384 B, max_thd_per_block=1024
loaded hexa-tile128 PTX shape 512 (sgemm_tile128_512x512_grid)
  shape 512: regs/thd=47, shmem=16384 B, max_thd_per_block=1024
loaded hexa-tile128 PTX shape 768 (sgemm_tile128_768x768_grid)
  shape 768: regs/thd=47, shmem=16384 B, max_thd_per_block=1024
loaded hexa-tile128 PTX shape 1024 (sgemm_tile128_1024x1024_grid)
  shape 1024: regs/thd=47, shmem=16384 B, max_thd_per_block=1024
loaded hexa-tile128 PTX shape 1536 (sgemm_tile128_1536x1536_grid)
  shape 1536: regs/thd=47, shmem=16384 B, max_thd_per_block=1024
[M= 256] cuBLAS HGEMM            median=0.006720 ms  std=0.000963  min=0.006016  max=0.013888  TFLOPS=  4.9932
[M= 256] hexa-tile128 HGEMM      median=0.015392 ms  std=0.000508  min=0.014400  max=0.016224  TFLOPS=  2.1800  ratio=0.4366  maxabs=0.0000  maxrel=0.0000
[M= 384] cuBLAS HGEMM            median=0.006752 ms  std=0.001197  min=0.006496  max=0.015968  TFLOPS= 16.7722
[M= 384] hexa-tile128 HGEMM      median=0.020304 ms  std=0.000674  min=0.019296  max=0.022112  TFLOPS=  5.5775  ratio=0.3325  maxabs=0.0000  maxrel=0.0000
[M= 512] cuBLAS HGEMM            median=0.010816 ms  std=0.000161  min=0.010272  max=0.011840  TFLOPS= 24.8184
[M= 512] hexa-tile128 HGEMM      median=0.025600 ms  std=0.000712  min=0.024544  max=0.027200  TFLOPS= 10.4858  ratio=0.4225  maxabs=0.0000  maxrel=0.0000
[M= 768] cuBLAS HGEMM            median=0.019008 ms  std=0.000336  min=0.018176  max=0.023136  TFLOPS= 47.6625
[M= 768] hexa-tile128 HGEMM      median=0.035840 ms  std=0.000786  min=0.034944  max=0.038432  TFLOPS= 25.2782  ratio=0.5304  maxabs=0.0000  maxrel=0.0000
[M=1024] cuBLAS HGEMM            median=0.039552 ms  std=0.000580  min=0.037440  max=0.042272  TFLOPS= 54.2952
[M=1024] hexa-tile128 HGEMM      median=0.092400 ms  std=0.000693  min=0.090912  max=0.093952  TFLOPS= 23.2412  ratio=0.4281  maxabs=0.0000  maxrel=0.0000
[M=1536] cuBLAS HGEMM            median=0.108832 ms  std=0.001002  min=0.106784  max=0.110176  TFLOPS= 66.5958
[M=1536] hexa-tile128 HGEMM      median=0.195504 ms  std=0.000766  min=0.194592  max=0.198144  TFLOPS= 37.0722  ratio=0.5567  maxabs=0.0000  maxrel=0.0000
